2024-11-16 03:30:35.007 [traceId=] o.h.v.i.u.Version - HV000001: Hibernate Validator 8.0.1.Final
2024-11-16 03:30:35.094 [traceId=] c.e.AppStoreAdminApplication - Starting AppStoreAdminApplication using Java 21.0.4 with PID 21340 (C:\Users\우준석\OneDrive\바탕 화면\sendyClone\sendyClone\appstore-admin\out\production\classes started by 우준석 in C:\Users\우준석\OneDrive\바탕 화면\sendyClone\sendyClone)
2024-11-16 03:30:35.095 [traceId=] c.e.AppStoreAdminApplication - The following 1 profile is active: "local"
2024-11-16 03:30:37.177 [traceId=] o.s.d.r.c.RepositoryConfigurationDelegate - Multiple Spring Data modules found, entering strict repository configuration mode
2024-11-16 03:30:37.180 [traceId=] o.s.d.r.c.RepositoryConfigurationDelegate - Bootstrapping Spring Data JPA repositories in DEFAULT mode.
2024-11-16 03:30:37.856 [traceId=] o.s.d.r.c.RepositoryConfigurationDelegate - Finished Spring Data repository scanning in 666 ms. Found 7 JPA repository interfaces.
2024-11-16 03:30:37.882 [traceId=] o.s.d.r.c.RepositoryConfigurationDelegate - Multiple Spring Data modules found, entering strict repository configuration mode
2024-11-16 03:30:37.884 [traceId=] o.s.d.r.c.RepositoryConfigurationDelegate - Bootstrapping Spring Data Redis repositories in DEFAULT mode.
2024-11-16 03:30:37.916 [traceId=] o.s.d.r.c.RepositoryConfigurationExtensionSupport - Spring Data Redis - Could not safely identify store assignment for repository candidate interface com.example.completeddelivery.repository.CompletedDeliveryRepository; If you want this repository to be a Redis repository, consider annotating your entities with one of these annotations: org.springframework.data.redis.core.RedisHash (preferred), or consider extending one of the following types with your repository: org.springframework.data.keyvalue.repository.KeyValueRepository
2024-11-16 03:30:37.917 [traceId=] o.s.d.r.c.RepositoryConfigurationExtensionSupport - Spring Data Redis - Could not safely identify store assignment for repository candidate interface com.example.deleteddelivery.repository.DeletedDeliveryRepository; If you want this repository to be a Redis repository, consider annotating your entities with one of these annotations: org.springframework.data.redis.core.RedisHash (preferred), or consider extending one of the following types with your repository: org.springframework.data.keyvalue.repository.KeyValueRepository
2024-11-16 03:30:37.922 [traceId=] o.s.d.r.c.RepositoryConfigurationExtensionSupport - Spring Data Redis - Could not safely identify store assignment for repository candidate interface com.example.delivery.repository.DeliveryDocumentRepository; If you want this repository to be a Redis repository, consider annotating your entities with one of these annotations: org.springframework.data.redis.core.RedisHash (preferred), or consider extending one of the following types with your repository: org.springframework.data.keyvalue.repository.KeyValueRepository
2024-11-16 03:30:37.923 [traceId=] o.s.d.r.c.RepositoryConfigurationExtensionSupport - Spring Data Redis - Could not safely identify store assignment for repository candidate interface com.example.driver.repository.DriverRepository; If you want this repository to be a Redis repository, consider annotating your entities with one of these annotations: org.springframework.data.redis.core.RedisHash (preferred), or consider extending one of the following types with your repository: org.springframework.data.keyvalue.repository.KeyValueRepository
2024-11-16 03:30:37.923 [traceId=] o.s.d.r.c.RepositoryConfigurationExtensionSupport - Spring Data Redis - Could not safely identify store assignment for repository candidate interface com.example.member.repository.MemberRepository; If you want this repository to be a Redis repository, consider annotating your entities with one of these annotations: org.springframework.data.redis.core.RedisHash (preferred), or consider extending one of the following types with your repository: org.springframework.data.keyvalue.repository.KeyValueRepository
2024-11-16 03:30:37.923 [traceId=] o.s.d.r.c.RepositoryConfigurationExtensionSupport - Spring Data Redis - Could not safely identify store assignment for repository candidate interface com.example.stopover.repository.StopOverRepository; If you want this repository to be a Redis repository, consider annotating your entities with one of these annotations: org.springframework.data.redis.core.RedisHash (preferred), or consider extending one of the following types with your repository: org.springframework.data.keyvalue.repository.KeyValueRepository
2024-11-16 03:30:37.923 [traceId=] o.s.d.r.c.RepositoryConfigurationExtensionSupport - Spring Data Redis - Could not safely identify store assignment for repository candidate interface com.example.wallet.repository.WalletRepository; If you want this repository to be a Redis repository, consider annotating your entities with one of these annotations: org.springframework.data.redis.core.RedisHash (preferred), or consider extending one of the following types with your repository: org.springframework.data.keyvalue.repository.KeyValueRepository
2024-11-16 03:30:37.923 [traceId=] o.s.d.r.c.RepositoryConfigurationDelegate - Finished Spring Data repository scanning in 25 ms. Found 0 Redis repository interfaces.
2024-11-16 03:30:38.332 [traceId=] o.s.c.c.s.GenericScope - BeanFactory id=5badb7bb-9d0d-3e09-91f6-54ce7e26bf4e
2024-11-16 03:30:39.630 [traceId=] o.s.b.w.e.t.TomcatWebServer - Tomcat initialized with port 8080 (http)
2024-11-16 03:30:39.649 [traceId=] o.a.c.h.Http11NioProtocol - Initializing ProtocolHandler ["http-nio-8080"]
2024-11-16 03:30:39.656 [traceId=] o.a.c.c.StandardService - Starting service [Tomcat]
2024-11-16 03:30:39.656 [traceId=] o.a.c.c.StandardEngine - Starting Servlet engine: [Apache Tomcat/10.1.28]
2024-11-16 03:30:39.768 [traceId=] o.a.c.c.C.[.[.[/] - Initializing Spring embedded WebApplicationContext
2024-11-16 03:30:39.768 [traceId=] o.s.b.w.s.c.ServletWebServerApplicationContext - Root WebApplicationContext: initialization completed in 4602 ms
2024-11-16 03:30:40.124 [traceId=] o.s.w.f.ServerHttpObservationFilter - Filter 'webMvcObservationFilter' configured for use
2024-11-16 03:30:40.179 [traceId=] c.z.h.HikariConfig - Driver class com.mysql.cj.jdbc.Driver found in Thread context class loader jdk.internal.loader.ClassLoaders$AppClassLoader@36baf30c
2024-11-16 03:30:40.401 [traceId=] o.h.j.i.u.LogHelper - HHH000204: Processing PersistenceUnitInfo [name: default]
2024-11-16 03:30:40.539 [traceId=] o.h.Version - HHH000412: Hibernate ORM core version 6.5.2.Final
2024-11-16 03:30:40.616 [traceId=] o.h.c.i.RegionFactoryInitiator - HHH000026: Second-level cache disabled
2024-11-16 03:30:41.317 [traceId=] o.s.o.j.p.SpringPersistenceUnitInfo - No LoadTimeWeaver setup: ignoring JPA class transformer
2024-11-16 03:30:41.380 [traceId=] c.z.h.HikariConfig - HikariPool-1 - idleTimeout has been set but has no effect because the pool is operating as a fixed size pool.
2024-11-16 03:30:41.380 [traceId=] c.z.h.HikariConfig - HikariPool-1 - configuration:
2024-11-16 03:30:41.382 [traceId=] c.z.h.HikariConfig - allowPoolSuspension.............false
2024-11-16 03:30:41.382 [traceId=] c.z.h.HikariConfig - autoCommit......................true
2024-11-16 03:30:41.382 [traceId=] c.z.h.HikariConfig - catalog.........................none
2024-11-16 03:30:41.382 [traceId=] c.z.h.HikariConfig - connectionInitSql...............none
2024-11-16 03:30:41.382 [traceId=] c.z.h.HikariConfig - connectionTestQuery.............none
2024-11-16 03:30:41.383 [traceId=] c.z.h.HikariConfig - connectionTimeout...............3000
2024-11-16 03:30:41.383 [traceId=] c.z.h.HikariConfig - dataSource......................none
2024-11-16 03:30:41.384 [traceId=] c.z.h.HikariConfig - dataSourceClassName.............none
2024-11-16 03:30:41.384 [traceId=] c.z.h.HikariConfig - dataSourceJNDI..................none
2024-11-16 03:30:41.384 [traceId=] c.z.h.HikariConfig - dataSourceProperties............{password=<masked>}
2024-11-16 03:30:41.384 [traceId=] c.z.h.HikariConfig - driverClassName................."com.mysql.cj.jdbc.Driver"
2024-11-16 03:30:41.385 [traceId=] c.z.h.HikariConfig - exceptionOverrideClassName......none
2024-11-16 03:30:41.385 [traceId=] c.z.h.HikariConfig - healthCheckProperties...........{}
2024-11-16 03:30:41.385 [traceId=] c.z.h.HikariConfig - healthCheckRegistry.............none
2024-11-16 03:30:41.385 [traceId=] c.z.h.HikariConfig - idleTimeout.....................200000
2024-11-16 03:30:41.385 [traceId=] c.z.h.HikariConfig - initializationFailTimeout.......1
2024-11-16 03:30:41.386 [traceId=] c.z.h.HikariConfig - isolateInternalQueries..........false
2024-11-16 03:30:41.386 [traceId=] c.z.h.HikariConfig - jdbcUrl.........................jdbc:mysql://localhost:3306/sendy_db?useSSL=false&useUnicode=true&characterEncoding=utf8&serverTimezone=UTC&autoReconnect=true&connectTimeout=10000&socketTimeout=30000&prepStmtCacheSize=100&prepStmtCacheSqlLimit=2048&cachePrepStmts=true&rewriteBatchedStatements=true&useServerPrepStmts=true
2024-11-16 03:30:41.386 [traceId=] c.z.h.HikariConfig - keepaliveTime...................0
2024-11-16 03:30:41.386 [traceId=] c.z.h.HikariConfig - leakDetectionThreshold..........2000
2024-11-16 03:30:41.386 [traceId=] c.z.h.HikariConfig - maxLifetime.....................240000
2024-11-16 03:30:41.386 [traceId=] c.z.h.HikariConfig - maximumPoolSize.................100
2024-11-16 03:30:41.386 [traceId=] c.z.h.HikariConfig - metricRegistry..................none
2024-11-16 03:30:41.386 [traceId=] c.z.h.HikariConfig - metricsTrackerFactory...........none
2024-11-16 03:30:41.386 [traceId=] c.z.h.HikariConfig - minimumIdle.....................100
2024-11-16 03:30:41.387 [traceId=] c.z.h.HikariConfig - password........................<masked>
2024-11-16 03:30:41.387 [traceId=] c.z.h.HikariConfig - poolName........................"HikariPool-1"
2024-11-16 03:30:41.387 [traceId=] c.z.h.HikariConfig - readOnly........................false
2024-11-16 03:30:41.387 [traceId=] c.z.h.HikariConfig - registerMbeans..................false
2024-11-16 03:30:41.387 [traceId=] c.z.h.HikariConfig - scheduledExecutor...............none
2024-11-16 03:30:41.388 [traceId=] c.z.h.HikariConfig - schema..........................none
2024-11-16 03:30:41.388 [traceId=] c.z.h.HikariConfig - threadFactory...................internal
2024-11-16 03:30:41.388 [traceId=] c.z.h.HikariConfig - transactionIsolation............default
2024-11-16 03:30:41.388 [traceId=] c.z.h.HikariConfig - username........................"root"
2024-11-16 03:30:41.388 [traceId=] c.z.h.HikariConfig - validationTimeout...............3000
2024-11-16 03:30:41.389 [traceId=] c.z.h.HikariDataSource - HikariPool-1 - Starting...
2024-11-16 03:30:41.646 [traceId=] c.z.h.p.HikariPool - HikariPool-1 - Added connection com.mysql.cj.jdbc.ConnectionImpl@106b476a
2024-11-16 03:30:41.649 [traceId=] c.z.h.HikariDataSource - HikariPool-1 - Start completed.
2024-11-16 03:30:41.723 [traceId=] o.h.o.deprecation - HHH90000025: MySQL8Dialect does not need to be specified explicitly using 'hibernate.dialect' (remove the property setting and it will be selected by default)
2024-11-16 03:30:41.724 [traceId=] o.h.o.deprecation - HHH90000026: MySQL8Dialect has been deprecated; use org.hibernate.dialect.MySQLDialect instead
2024-11-16 03:30:41.750 [traceId=] c.z.h.p.HikariPool - HikariPool-1 - Pool stats (total=1, active=1, idle=0, waiting=0)
2024-11-16 03:30:41.762 [traceId=] c.z.h.p.HikariPool - HikariPool-1 - Added connection com.mysql.cj.jdbc.ConnectionImpl@78c6b6e9
2024-11-16 03:30:41.767 [traceId=] o.h.t.d.s.s.DdlTypeRegistry - addDescriptor(12, org.hibernate.type.descriptor.sql.internal.CapacityDependentDdlType@24890021) replaced previous registration(org.hibernate.type.descriptor.sql.internal.CapacityDependentDdlType@613ba54e)
2024-11-16 03:30:41.768 [traceId=] o.h.t.d.s.s.DdlTypeRegistry - addDescriptor(-9, org.hibernate.type.descriptor.sql.internal.CapacityDependentDdlType@27422187) replaced previous registration(org.hibernate.type.descriptor.sql.internal.CapacityDependentDdlType@7205a8b7)
2024-11-16 03:30:41.768 [traceId=] o.h.t.d.s.s.DdlTypeRegistry - addDescriptor(-3, org.hibernate.type.descriptor.sql.internal.CapacityDependentDdlType@1ee126de) replaced previous registration(org.hibernate.type.descriptor.sql.internal.CapacityDependentDdlType@22cce199)
2024-11-16 03:30:41.768 [traceId=] o.h.t.d.s.s.DdlTypeRegistry - addDescriptor(4003, org.hibernate.type.descriptor.sql.internal.DdlTypeImpl@14b4b25e) replaced previous registration(org.hibernate.type.descriptor.sql.internal.DdlTypeImpl@4babe06f)
2024-11-16 03:30:41.768 [traceId=] o.h.t.d.s.s.DdlTypeRegistry - addDescriptor(4001, org.hibernate.type.descriptor.sql.internal.DdlTypeImpl@5c6be812) replaced previous registration(org.hibernate.type.descriptor.sql.internal.DdlTypeImpl@19ee0a2f)
2024-11-16 03:30:41.768 [traceId=] o.h.t.d.s.s.DdlTypeRegistry - addDescriptor(4002, org.hibernate.type.descriptor.sql.internal.DdlTypeImpl@28796d0e) replaced previous registration(org.hibernate.type.descriptor.sql.internal.DdlTypeImpl@3cc548f6)
2024-11-16 03:30:41.768 [traceId=] o.h.t.d.s.s.DdlTypeRegistry - addDescriptor(2004, org.hibernate.type.descriptor.sql.internal.CapacityDependentDdlType@3fed0c04) replaced previous registration(org.hibernate.type.descriptor.sql.internal.DdlTypeImpl@563bd6a4)
2024-11-16 03:30:41.768 [traceId=] o.h.t.d.s.s.DdlTypeRegistry - addDescriptor(2005, org.hibernate.type.descriptor.sql.internal.CapacityDependentDdlType@3549c070) replaced previous registration(org.hibernate.type.descriptor.sql.internal.DdlTypeImpl@235dacd7)
2024-11-16 03:30:41.768 [traceId=] o.h.t.d.s.s.DdlTypeRegistry - addDescriptor(2011, org.hibernate.type.descriptor.sql.internal.CapacityDependentDdlType@74070994) replaced previous registration(org.hibernate.type.descriptor.sql.internal.DdlTypeImpl@7c816f46)
2024-11-16 03:30:41.797 [traceId=] c.z.h.p.HikariPool - HikariPool-1 - After adding stats (total=2, active=0, idle=2, waiting=0)
2024-11-16 03:30:41.807 [traceId=] c.z.h.p.HikariPool - HikariPool-1 - Added connection com.mysql.cj.jdbc.ConnectionImpl@39fbbcd2
2024-11-16 03:30:41.843 [traceId=] c.z.h.p.HikariPool - HikariPool-1 - After adding stats (total=3, active=0, idle=3, waiting=0)
2024-11-16 03:30:41.855 [traceId=] c.z.h.p.HikariPool - HikariPool-1 - Added connection com.mysql.cj.jdbc.ConnectionImpl@808819b
2024-11-16 03:30:41.891 [traceId=] c.z.h.p.HikariPool - HikariPool-1 - After adding stats (total=4, active=0, idle=4, waiting=0)
2024-11-16 03:30:41.899 [traceId=] c.z.h.p.HikariPool - HikariPool-1 - Added connection com.mysql.cj.jdbc.ConnectionImpl@59d4439d
2024-11-16 03:30:41.937 [traceId=] c.z.h.p.HikariPool - HikariPool-1 - After adding stats (total=5, active=0, idle=5, waiting=0)
2024-11-16 03:30:41.945 [traceId=] c.z.h.p.HikariPool - HikariPool-1 - Added connection com.mysql.cj.jdbc.ConnectionImpl@70fcd10f
2024-11-16 03:30:41.985 [traceId=] c.z.h.p.HikariPool - HikariPool-1 - After adding stats (total=6, active=0, idle=6, waiting=0)
2024-11-16 03:30:41.992 [traceId=] c.z.h.p.HikariPool - HikariPool-1 - Added connection com.mysql.cj.jdbc.ConnectionImpl@5d9a7ee0
2024-11-16 03:30:42.032 [traceId=] c.z.h.p.HikariPool - HikariPool-1 - After adding stats (total=7, active=0, idle=7, waiting=0)
2024-11-16 03:30:42.040 [traceId=] c.z.h.p.HikariPool - HikariPool-1 - Added connection com.mysql.cj.jdbc.ConnectionImpl@530e0d40
2024-11-16 03:30:42.080 [traceId=] c.z.h.p.HikariPool - HikariPool-1 - After adding stats (total=8, active=0, idle=8, waiting=0)
2024-11-16 03:30:42.089 [traceId=] c.z.h.p.HikariPool - HikariPool-1 - Added connection com.mysql.cj.jdbc.ConnectionImpl@3362731d
2024-11-16 03:30:42.126 [traceId=] c.z.h.p.HikariPool - HikariPool-1 - After adding stats (total=9, active=0, idle=9, waiting=0)
2024-11-16 03:30:42.137 [traceId=] c.z.h.p.HikariPool - HikariPool-1 - Added connection com.mysql.cj.jdbc.ConnectionImpl@33a8306a
2024-11-16 03:30:42.173 [traceId=] c.z.h.p.HikariPool - HikariPool-1 - After adding stats (total=10, active=0, idle=10, waiting=0)
2024-11-16 03:30:42.178 [traceId=] c.z.h.p.HikariPool - HikariPool-1 - Added connection com.mysql.cj.jdbc.ConnectionImpl@25fc9061
2024-11-16 03:30:42.219 [traceId=] c.z.h.p.HikariPool - HikariPool-1 - After adding stats (total=11, active=0, idle=11, waiting=0)
2024-11-16 03:30:42.227 [traceId=] c.z.h.p.HikariPool - HikariPool-1 - Added connection com.mysql.cj.jdbc.ConnectionImpl@3d79eb01
2024-11-16 03:30:42.267 [traceId=] c.z.h.p.HikariPool - HikariPool-1 - After adding stats (total=12, active=0, idle=12, waiting=0)
2024-11-16 03:30:42.275 [traceId=] c.z.h.p.HikariPool - HikariPool-1 - Added connection com.mysql.cj.jdbc.ConnectionImpl@4ed9cf91
2024-11-16 03:30:42.313 [traceId=] c.z.h.p.HikariPool - HikariPool-1 - After adding stats (total=13, active=0, idle=13, waiting=0)
2024-11-16 03:30:42.319 [traceId=] c.z.h.p.HikariPool - HikariPool-1 - Added connection com.mysql.cj.jdbc.ConnectionImpl@76af3a19
2024-11-16 03:30:42.360 [traceId=] c.z.h.p.HikariPool - HikariPool-1 - After adding stats (total=14, active=0, idle=14, waiting=0)
2024-11-16 03:30:42.367 [traceId=] c.z.h.p.HikariPool - HikariPool-1 - Added connection com.mysql.cj.jdbc.ConnectionImpl@4017fc81
2024-11-16 03:30:42.407 [traceId=] c.z.h.p.HikariPool - HikariPool-1 - After adding stats (total=15, active=0, idle=15, waiting=0)
2024-11-16 03:30:42.414 [traceId=] c.z.h.p.HikariPool - HikariPool-1 - Added connection com.mysql.cj.jdbc.ConnectionImpl@2cbb8aad
2024-11-16 03:30:42.454 [traceId=] c.z.h.p.HikariPool - HikariPool-1 - After adding stats (total=16, active=0, idle=16, waiting=0)
2024-11-16 03:30:42.462 [traceId=] c.z.h.p.HikariPool - HikariPool-1 - Added connection com.mysql.cj.jdbc.ConnectionImpl@367899d
2024-11-16 03:30:42.501 [traceId=] c.z.h.p.HikariPool - HikariPool-1 - After adding stats (total=17, active=0, idle=17, waiting=0)
2024-11-16 03:30:42.509 [traceId=] c.z.h.p.HikariPool - HikariPool-1 - Added connection com.mysql.cj.jdbc.ConnectionImpl@8502373
2024-11-16 03:30:42.548 [traceId=] c.z.h.p.HikariPool - HikariPool-1 - After adding stats (total=18, active=0, idle=18, waiting=0)
2024-11-16 03:30:42.554 [traceId=] c.z.h.p.HikariPool - HikariPool-1 - Added connection com.mysql.cj.jdbc.ConnectionImpl@1784a44b
2024-11-16 03:30:42.595 [traceId=] c.z.h.p.HikariPool - HikariPool-1 - After adding stats (total=19, active=0, idle=19, waiting=0)
2024-11-16 03:30:42.605 [traceId=] c.z.h.p.HikariPool - HikariPool-1 - Added connection com.mysql.cj.jdbc.ConnectionImpl@17809296
2024-11-16 03:30:42.642 [traceId=] c.z.h.p.HikariPool - HikariPool-1 - After adding stats (total=20, active=0, idle=20, waiting=0)
2024-11-16 03:30:42.649 [traceId=] c.z.h.p.HikariPool - HikariPool-1 - Added connection com.mysql.cj.jdbc.ConnectionImpl@a76d32b
2024-11-16 03:30:42.689 [traceId=] c.z.h.p.HikariPool - HikariPool-1 - After adding stats (total=21, active=0, idle=21, waiting=0)
2024-11-16 03:30:42.695 [traceId=] c.z.h.p.HikariPool - HikariPool-1 - Added connection com.mysql.cj.jdbc.ConnectionImpl@1432fb60
2024-11-16 03:30:42.736 [traceId=] c.z.h.p.HikariPool - HikariPool-1 - After adding stats (total=22, active=0, idle=22, waiting=0)
2024-11-16 03:30:42.744 [traceId=] c.z.h.p.HikariPool - HikariPool-1 - Added connection com.mysql.cj.jdbc.ConnectionImpl@45b02c9
2024-11-16 03:30:42.783 [traceId=] c.z.h.p.HikariPool - HikariPool-1 - After adding stats (total=23, active=0, idle=23, waiting=0)
2024-11-16 03:30:42.789 [traceId=] c.z.h.p.HikariPool - HikariPool-1 - Added connection com.mysql.cj.jdbc.ConnectionImpl@2e448413
2024-11-16 03:30:42.830 [traceId=] c.z.h.p.HikariPool - HikariPool-1 - After adding stats (total=24, active=0, idle=24, waiting=0)
2024-11-16 03:30:42.856 [traceId=] c.z.h.p.HikariPool - HikariPool-1 - Added connection com.mysql.cj.jdbc.ConnectionImpl@92daeb6
2024-11-16 03:30:42.892 [traceId=] c.z.h.p.HikariPool - HikariPool-1 - After adding stats (total=25, active=0, idle=25, waiting=0)
2024-11-16 03:30:42.899 [traceId=] c.z.h.p.HikariPool - HikariPool-1 - Added connection com.mysql.cj.jdbc.ConnectionImpl@5aad11c2
2024-11-16 03:30:42.940 [traceId=] c.z.h.p.HikariPool - HikariPool-1 - After adding stats (total=26, active=0, idle=26, waiting=0)
2024-11-16 03:30:42.949 [traceId=] c.z.h.p.HikariPool - HikariPool-1 - Added connection com.mysql.cj.jdbc.ConnectionImpl@e81d2c9
2024-11-16 03:30:42.986 [traceId=] c.z.h.p.HikariPool - HikariPool-1 - After adding stats (total=27, active=0, idle=27, waiting=0)
2024-11-16 03:30:42.992 [traceId=] c.z.h.p.HikariPool - HikariPool-1 - Added connection com.mysql.cj.jdbc.ConnectionImpl@7706efe6
2024-11-16 03:30:43.032 [traceId=] c.z.h.p.HikariPool - HikariPool-1 - After adding stats (total=28, active=0, idle=28, waiting=0)
2024-11-16 03:30:43.042 [traceId=] c.z.h.p.HikariPool - HikariPool-1 - Added connection com.mysql.cj.jdbc.ConnectionImpl@7163afe4
2024-11-16 03:30:43.080 [traceId=] c.z.h.p.HikariPool - HikariPool-1 - After adding stats (total=29, active=0, idle=29, waiting=0)
2024-11-16 03:30:43.087 [traceId=] c.z.h.p.HikariPool - HikariPool-1 - Added connection com.mysql.cj.jdbc.ConnectionImpl@4a9ad05f
2024-11-16 03:30:43.126 [traceId=] c.z.h.p.HikariPool - HikariPool-1 - After adding stats (total=30, active=0, idle=30, waiting=0)
2024-11-16 03:30:43.134 [traceId=] c.z.h.p.HikariPool - HikariPool-1 - Added connection com.mysql.cj.jdbc.ConnectionImpl@76aa2d41
2024-11-16 03:30:43.173 [traceId=] c.z.h.p.HikariPool - HikariPool-1 - After adding stats (total=31, active=0, idle=31, waiting=0)
2024-11-16 03:30:43.179 [traceId=] c.z.h.p.HikariPool - HikariPool-1 - Added connection com.mysql.cj.jdbc.ConnectionImpl@7b25e242
2024-11-16 03:30:43.220 [traceId=] c.z.h.p.HikariPool - HikariPool-1 - After adding stats (total=32, active=0, idle=32, waiting=0)
2024-11-16 03:30:43.227 [traceId=] c.z.h.p.HikariPool - HikariPool-1 - Added connection com.mysql.cj.jdbc.ConnectionImpl@13bc9a0d
2024-11-16 03:30:43.267 [traceId=] c.z.h.p.HikariPool - HikariPool-1 - After adding stats (total=33, active=0, idle=33, waiting=0)
2024-11-16 03:30:43.281 [traceId=] c.z.h.p.HikariPool - HikariPool-1 - Added connection com.mysql.cj.jdbc.ConnectionImpl@2e61d30d
2024-11-16 03:30:43.315 [traceId=] c.z.h.p.HikariPool - HikariPool-1 - After adding stats (total=34, active=0, idle=34, waiting=0)
2024-11-16 03:30:43.321 [traceId=] c.z.h.p.HikariPool - HikariPool-1 - Added connection com.mysql.cj.jdbc.ConnectionImpl@3681ad96
2024-11-16 03:30:43.361 [traceId=] c.z.h.p.HikariPool - HikariPool-1 - After adding stats (total=35, active=0, idle=35, waiting=0)
2024-11-16 03:30:43.369 [traceId=] c.z.h.p.HikariPool - HikariPool-1 - Added connection com.mysql.cj.jdbc.ConnectionImpl@7cffde78
2024-11-16 03:30:43.409 [traceId=] c.z.h.p.HikariPool - HikariPool-1 - After adding stats (total=36, active=0, idle=36, waiting=0)
2024-11-16 03:30:43.415 [traceId=] c.z.h.p.HikariPool - HikariPool-1 - Added connection com.mysql.cj.jdbc.ConnectionImpl@577917c8
2024-11-16 03:30:43.456 [traceId=] c.z.h.p.HikariPool - HikariPool-1 - After adding stats (total=37, active=0, idle=37, waiting=0)
2024-11-16 03:30:43.463 [traceId=] c.z.h.p.HikariPool - HikariPool-1 - Added connection com.mysql.cj.jdbc.ConnectionImpl@3d03533d
2024-11-16 03:30:43.503 [traceId=] c.z.h.p.HikariPool - HikariPool-1 - After adding stats (total=38, active=0, idle=38, waiting=0)
2024-11-16 03:30:43.508 [traceId=] c.z.h.p.HikariPool - HikariPool-1 - Added connection com.mysql.cj.jdbc.ConnectionImpl@31b16253
2024-11-16 03:30:43.551 [traceId=] c.z.h.p.HikariPool - HikariPool-1 - After adding stats (total=39, active=0, idle=39, waiting=0)
2024-11-16 03:30:43.566 [traceId=] c.z.h.p.HikariPool - HikariPool-1 - Added connection com.mysql.cj.jdbc.ConnectionImpl@4361e7d4
2024-11-16 03:30:43.598 [traceId=] c.z.h.p.HikariPool - HikariPool-1 - After adding stats (total=40, active=0, idle=40, waiting=0)
2024-11-16 03:30:43.606 [traceId=] c.z.h.p.HikariPool - HikariPool-1 - Added connection com.mysql.cj.jdbc.ConnectionImpl@18481c25
2024-11-16 03:30:43.645 [traceId=] c.z.h.p.HikariPool - HikariPool-1 - After adding stats (total=41, active=0, idle=41, waiting=0)
2024-11-16 03:30:43.652 [traceId=] c.z.h.p.HikariPool - HikariPool-1 - Added connection com.mysql.cj.jdbc.ConnectionImpl@56531c3c
2024-11-16 03:30:43.693 [traceId=] c.z.h.p.HikariPool - HikariPool-1 - After adding stats (total=42, active=0, idle=42, waiting=0)
2024-11-16 03:30:43.699 [traceId=] c.z.h.p.HikariPool - HikariPool-1 - Added connection com.mysql.cj.jdbc.ConnectionImpl@26d5ba84
2024-11-16 03:30:43.741 [traceId=] c.z.h.p.HikariPool - HikariPool-1 - After adding stats (total=43, active=0, idle=43, waiting=0)
2024-11-16 03:30:43.746 [traceId=] c.z.h.p.HikariPool - HikariPool-1 - Added connection com.mysql.cj.jdbc.ConnectionImpl@72ccb750
2024-11-16 03:30:43.787 [traceId=] c.z.h.p.HikariPool - HikariPool-1 - After adding stats (total=44, active=0, idle=44, waiting=0)
2024-11-16 03:30:43.787 [traceId=] o.h.e.t.j.p.i.JtaPlatformInitiator - HHH000489: No JTA platform available (set 'hibernate.transaction.jta.platform' to enable JTA platform integration)
2024-11-16 03:30:43.794 [traceId=] c.z.h.p.HikariPool - HikariPool-1 - Added connection com.mysql.cj.jdbc.ConnectionImpl@267fe1d8
2024-11-16 03:30:43.826 [traceId=] o.h.SQL - 
    alter table stop_over 
       drop 
       foreign key FKdq2y8aydtsokrmdkc6pfwsg5s
2024-11-16 03:30:43.826 [traceId=] o.h.SQL - 
    alter table stop_over 
       drop 
       foreign key FKdq2y8aydtsokrmdkc6pfwsg5s
2024-11-16 03:30:43.835 [traceId=] c.z.h.p.HikariPool - HikariPool-1 - After adding stats (total=45, active=1, idle=44, waiting=0)
2024-11-16 03:30:43.841 [traceId=] c.z.h.p.HikariPool - HikariPool-1 - Added connection com.mysql.cj.jdbc.ConnectionImpl@ae5b998
2024-11-16 03:30:43.874 [traceId=] o.h.t.s.i.ExceptionHandlerLoggedImpl - GenerationTarget encountered exception accepting command : Error executing DDL "
    alter table stop_over 
       drop 
       foreign key FKdq2y8aydtsokrmdkc6pfwsg5s" via JDBC [Table 'sendy_db.stop_over' doesn't exist]
org.hibernate.tool.schema.spi.CommandAcceptanceException: Error executing DDL "
    alter table stop_over 
       drop 
       foreign key FKdq2y8aydtsokrmdkc6pfwsg5s" via JDBC [Table 'sendy_db.stop_over' doesn't exist]
	at org.hibernate.tool.schema.internal.exec.GenerationTargetToDatabase.accept(GenerationTargetToDatabase.java:94)
	at org.hibernate.tool.schema.internal.Helper.applySqlString(Helper.java:233)
	at org.hibernate.tool.schema.internal.Helper.applySqlStrings(Helper.java:217)
	at org.hibernate.tool.schema.internal.SchemaDropperImpl.applyConstraintDropping(SchemaDropperImpl.java:476)
	at org.hibernate.tool.schema.internal.SchemaDropperImpl.dropConstraintsTablesSequences(SchemaDropperImpl.java:242)
	at org.hibernate.tool.schema.internal.SchemaDropperImpl.dropFromMetadata(SchemaDropperImpl.java:215)
	at org.hibernate.tool.schema.internal.SchemaDropperImpl.performDrop(SchemaDropperImpl.java:185)
	at org.hibernate.tool.schema.internal.SchemaDropperImpl.doDrop(SchemaDropperImpl.java:155)
	at org.hibernate.tool.schema.internal.SchemaDropperImpl.doDrop(SchemaDropperImpl.java:115)
	at org.hibernate.tool.schema.spi.SchemaManagementToolCoordinator.performDatabaseAction(SchemaManagementToolCoordinator.java:238)
	at org.hibernate.tool.schema.spi.SchemaManagementToolCoordinator.lambda$process$5(SchemaManagementToolCoordinator.java:144)
	at java.base/java.util.HashMap.forEach(HashMap.java:1429)
	at org.hibernate.tool.schema.spi.SchemaManagementToolCoordinator.process(SchemaManagementToolCoordinator.java:141)
	at org.hibernate.boot.internal.SessionFactoryObserverForSchemaExport.sessionFactoryCreated(SessionFactoryObserverForSchemaExport.java:37)
	at org.hibernate.internal.SessionFactoryObserverChain.sessionFactoryCreated(SessionFactoryObserverChain.java:35)
	at org.hibernate.internal.SessionFactoryImpl.<init>(SessionFactoryImpl.java:322)
	at org.hibernate.boot.internal.SessionFactoryBuilderImpl.build(SessionFactoryBuilderImpl.java:457)
	at org.hibernate.jpa.boot.internal.EntityManagerFactoryBuilderImpl.build(EntityManagerFactoryBuilderImpl.java:1506)
	at org.springframework.orm.jpa.vendor.SpringHibernateJpaPersistenceProvider.createContainerEntityManagerFactory(SpringHibernateJpaPersistenceProvider.java:75)
	at org.springframework.orm.jpa.LocalContainerEntityManagerFactoryBean.createNativeEntityManagerFactory(LocalContainerEntityManagerFactoryBean.java:390)
	at org.springframework.orm.jpa.AbstractEntityManagerFactoryBean.buildNativeEntityManagerFactory(AbstractEntityManagerFactoryBean.java:409)
	at org.springframework.orm.jpa.AbstractEntityManagerFactoryBean.afterPropertiesSet(AbstractEntityManagerFactoryBean.java:396)
	at org.springframework.orm.jpa.LocalContainerEntityManagerFactoryBean.afterPropertiesSet(LocalContainerEntityManagerFactoryBean.java:366)
	at org.springframework.beans.factory.support.AbstractAutowireCapableBeanFactory.invokeInitMethods(AbstractAutowireCapableBeanFactory.java:1853)
	at org.springframework.beans.factory.support.AbstractAutowireCapableBeanFactory.initializeBean(AbstractAutowireCapableBeanFactory.java:1802)
	at org.springframework.beans.factory.support.AbstractAutowireCapableBeanFactory.doCreateBean(AbstractAutowireCapableBeanFactory.java:600)
	at org.springframework.beans.factory.support.AbstractAutowireCapableBeanFactory.createBean(AbstractAutowireCapableBeanFactory.java:522)
	at org.springframework.beans.factory.support.AbstractBeanFactory.lambda$doGetBean$0(AbstractBeanFactory.java:337)
	at org.springframework.beans.factory.support.DefaultSingletonBeanRegistry.getSingleton(DefaultSingletonBeanRegistry.java:234)
	at org.springframework.beans.factory.support.AbstractBeanFactory.doGetBean(AbstractBeanFactory.java:335)
	at org.springframework.beans.factory.support.AbstractBeanFactory.getBean(AbstractBeanFactory.java:205)
	at org.springframework.context.support.AbstractApplicationContext.finishBeanFactoryInitialization(AbstractApplicationContext.java:954)
	at org.springframework.context.support.AbstractApplicationContext.refresh(AbstractApplicationContext.java:625)
	at org.springframework.boot.web.servlet.context.ServletWebServerApplicationContext.refresh(ServletWebServerApplicationContext.java:146)
	at org.springframework.boot.SpringApplication.refresh(SpringApplication.java:754)
	at org.springframework.boot.SpringApplication.refreshContext(SpringApplication.java:456)
	at org.springframework.boot.SpringApplication.run(SpringApplication.java:335)
	at org.springframework.boot.SpringApplication.run(SpringApplication.java:1363)
	at org.springframework.boot.SpringApplication.run(SpringApplication.java:1352)
	at com.example.AppStoreAdminApplication.main(AppStoreAdminApplication.java:13)
Caused by: java.sql.SQLSyntaxErrorException: Table 'sendy_db.stop_over' doesn't exist
	at com.mysql.cj.jdbc.exceptions.SQLError.createSQLException(SQLError.java:121)
	at com.mysql.cj.jdbc.exceptions.SQLExceptionsMapping.translateException(SQLExceptionsMapping.java:122)
	at com.mysql.cj.jdbc.StatementImpl.executeInternal(StatementImpl.java:770)
	at com.mysql.cj.jdbc.StatementImpl.execute(StatementImpl.java:653)
	at com.zaxxer.hikari.pool.ProxyStatement.execute(ProxyStatement.java:94)
	at com.zaxxer.hikari.pool.HikariProxyStatement.execute(HikariProxyStatement.java)
	at org.hibernate.tool.schema.internal.exec.GenerationTargetToDatabase.accept(GenerationTargetToDatabase.java:80)
	... 39 common frames omitted
2024-11-16 03:30:43.877 [traceId=] o.h.SQL - 
    drop table if exists completed_delivery
2024-11-16 03:30:43.877 [traceId=] o.h.SQL - 
    drop table if exists completed_delivery
2024-11-16 03:30:43.881 [traceId=] c.z.h.p.HikariPool - HikariPool-1 - After adding stats (total=46, active=1, idle=45, waiting=0)
2024-11-16 03:30:43.885 [traceId=] o.h.SQL - 
    drop table if exists deleted_delivery
2024-11-16 03:30:43.885 [traceId=] o.h.SQL - 
    drop table if exists deleted_delivery
2024-11-16 03:30:43.887 [traceId=] c.z.h.p.HikariPool - HikariPool-1 - Added connection com.mysql.cj.jdbc.ConnectionImpl@55c5c8e7
2024-11-16 03:30:43.888 [traceId=] o.h.SQL - 
    drop table if exists delivery
2024-11-16 03:30:43.888 [traceId=] o.h.SQL - 
    drop table if exists delivery
2024-11-16 03:30:43.891 [traceId=] o.h.SQL - 
    drop table if exists driver
2024-11-16 03:30:43.891 [traceId=] o.h.SQL - 
    drop table if exists driver
2024-11-16 03:30:43.894 [traceId=] o.h.SQL - 
    drop table if exists member
2024-11-16 03:30:43.894 [traceId=] o.h.SQL - 
    drop table if exists member
2024-11-16 03:30:43.897 [traceId=] o.h.SQL - 
    drop table if exists stop_over
2024-11-16 03:30:43.897 [traceId=] o.h.SQL - 
    drop table if exists stop_over
2024-11-16 03:30:43.901 [traceId=] o.h.SQL - 
    drop table if exists wallet
2024-11-16 03:30:43.901 [traceId=] o.h.SQL - 
    drop table if exists wallet
2024-11-16 03:30:43.917 [traceId=] o.h.SQL - 
    create table completed_delivery (
        delivery_fee decimal(38,2) not null,
        drop_latitude float(53),
        drop_longitude float(53),
        pick_up_latitude float(53),
        pick_up_longitude float(53),
        created_at datetime(6),
        delivery_date datetime(6) not null,
        driver_id bigint,
        id bigint not null auto_increment,
        member_id bigint not null,
        updated_at datetime(6),
        created_by varchar(255),
        delivery_options varchar(255),
        drop_address varchar(255),
        idempotency_key varchar(255),
        modified_by varchar(255),
        pick_up_address varchar(255),
        reservation_number varchar(255) not null,
        delivery_personal_category enum ('PERSONAL_GENERAL_CARGO','PERSONAL_MINI_CARGO','PERSONAL_MOVING_CARGO'),
        delivery_status enum ('ASSIGNMENT_COMPLETED','ASSIGNMENT_PENDING','CANCELED','DELIVERING','DELIVERY_COMPLETED','PAYMENT_PENDING'),
        delivery_type enum ('BUSINESS','PERSONAL'),
        vehicle_type enum ('CARGO','FREEZER','LIFT','REFRIGERATED','TOP_CAR','WATERPROOF_COVER','WING_BODY'),
        vehicle_weight enum ('DAMAS','FIVE_TON','ONE_TON','RAMBO','THREE_TON'),
        primary key (id)
    ) engine=InnoDB
2024-11-16 03:30:43.917 [traceId=] o.h.SQL - 
    create table completed_delivery (
        delivery_fee decimal(38,2) not null,
        drop_latitude float(53),
        drop_longitude float(53),
        pick_up_latitude float(53),
        pick_up_longitude float(53),
        created_at datetime(6),
        delivery_date datetime(6) not null,
        driver_id bigint,
        id bigint not null auto_increment,
        member_id bigint not null,
        updated_at datetime(6),
        created_by varchar(255),
        delivery_options varchar(255),
        drop_address varchar(255),
        idempotency_key varchar(255),
        modified_by varchar(255),
        pick_up_address varchar(255),
        reservation_number varchar(255) not null,
        delivery_personal_category enum ('PERSONAL_GENERAL_CARGO','PERSONAL_MINI_CARGO','PERSONAL_MOVING_CARGO'),
        delivery_status enum ('ASSIGNMENT_COMPLETED','ASSIGNMENT_PENDING','CANCELED','DELIVERING','DELIVERY_COMPLETED','PAYMENT_PENDING'),
        delivery_type enum ('BUSINESS','PERSONAL'),
        vehicle_type enum ('CARGO','FREEZER','LIFT','REFRIGERATED','TOP_CAR','WATERPROOF_COVER','WING_BODY'),
        vehicle_weight enum ('DAMAS','FIVE_TON','ONE_TON','RAMBO','THREE_TON'),
        primary key (id)
    ) engine=InnoDB
2024-11-16 03:30:43.929 [traceId=] c.z.h.p.HikariPool - HikariPool-1 - After adding stats (total=47, active=1, idle=46, waiting=0)
2024-11-16 03:30:43.935 [traceId=] c.z.h.p.HikariPool - HikariPool-1 - Added connection com.mysql.cj.jdbc.ConnectionImpl@482fc216
2024-11-16 03:30:43.975 [traceId=] c.z.h.p.HikariPool - HikariPool-1 - After adding stats (total=48, active=1, idle=47, waiting=0)
2024-11-16 03:30:43.977 [traceId=] o.h.SQL - 
    create table deleted_delivery (
        delivery_fee decimal(38,2) not null,
        drop_latitude float(53),
        drop_longitude float(53),
        pick_up_latitude float(53),
        pick_up_longitude float(53),
        created_at datetime(6),
        delivery_date datetime(6) not null,
        driver_id bigint,
        id bigint not null auto_increment,
        member_id bigint not null,
        updated_at datetime(6),
        created_by varchar(255),
        delivery_options varchar(255),
        drop_address varchar(255),
        idempotency_key varchar(255),
        modified_by varchar(255),
        pick_up_address varchar(255),
        reservation_number varchar(255) not null,
        delivery_personal_category enum ('PERSONAL_GENERAL_CARGO','PERSONAL_MINI_CARGO','PERSONAL_MOVING_CARGO'),
        delivery_status enum ('ASSIGNMENT_COMPLETED','ASSIGNMENT_PENDING','CANCELED','DELIVERING','DELIVERY_COMPLETED','PAYMENT_PENDING'),
        delivery_type enum ('BUSINESS','PERSONAL'),
        vehicle_type enum ('CARGO','FREEZER','LIFT','REFRIGERATED','TOP_CAR','WATERPROOF_COVER','WING_BODY'),
        vehicle_weight enum ('DAMAS','FIVE_TON','ONE_TON','RAMBO','THREE_TON'),
        primary key (id)
    ) engine=InnoDB
2024-11-16 03:30:43.977 [traceId=] o.h.SQL - 
    create table deleted_delivery (
        delivery_fee decimal(38,2) not null,
        drop_latitude float(53),
        drop_longitude float(53),
        pick_up_latitude float(53),
        pick_up_longitude float(53),
        created_at datetime(6),
        delivery_date datetime(6) not null,
        driver_id bigint,
        id bigint not null auto_increment,
        member_id bigint not null,
        updated_at datetime(6),
        created_by varchar(255),
        delivery_options varchar(255),
        drop_address varchar(255),
        idempotency_key varchar(255),
        modified_by varchar(255),
        pick_up_address varchar(255),
        reservation_number varchar(255) not null,
        delivery_personal_category enum ('PERSONAL_GENERAL_CARGO','PERSONAL_MINI_CARGO','PERSONAL_MOVING_CARGO'),
        delivery_status enum ('ASSIGNMENT_COMPLETED','ASSIGNMENT_PENDING','CANCELED','DELIVERING','DELIVERY_COMPLETED','PAYMENT_PENDING'),
        delivery_type enum ('BUSINESS','PERSONAL'),
        vehicle_type enum ('CARGO','FREEZER','LIFT','REFRIGERATED','TOP_CAR','WATERPROOF_COVER','WING_BODY'),
        vehicle_weight enum ('DAMAS','FIVE_TON','ONE_TON','RAMBO','THREE_TON'),
        primary key (id)
    ) engine=InnoDB
2024-11-16 03:30:43.980 [traceId=] c.z.h.p.HikariPool - HikariPool-1 - Added connection com.mysql.cj.jdbc.ConnectionImpl@53971c0b
2024-11-16 03:30:44.005 [traceId=] o.h.SQL - 
    create table delivery (
        delivery_fee decimal(38,2) not null,
        drop_latitude float(53),
        drop_longitude float(53),
        pick_up_latitude float(53),
        pick_up_longitude float(53),
        created_at datetime(6),
        delivery_date datetime(6) not null,
        driver_id bigint,
        id bigint not null auto_increment,
        member_id bigint not null,
        updated_at datetime(6),
        created_by varchar(255),
        deleted varchar(255),
        delivery_options varchar(255),
        drop_address varchar(255),
        idempotency_key varchar(255),
        modified_by varchar(255),
        pick_up_address varchar(255),
        reservation_number varchar(255) not null,
        delivery_personal_category enum ('PERSONAL_GENERAL_CARGO','PERSONAL_MINI_CARGO','PERSONAL_MOVING_CARGO'),
        delivery_status enum ('ASSIGNMENT_COMPLETED','ASSIGNMENT_PENDING','CANCELED','DELIVERING','DELIVERY_COMPLETED','PAYMENT_PENDING'),
        delivery_type enum ('BUSINESS','PERSONAL'),
        vehicle_type enum ('CARGO','FREEZER','LIFT','REFRIGERATED','TOP_CAR','WATERPROOF_COVER','WING_BODY'),
        vehicle_weight enum ('DAMAS','FIVE_TON','ONE_TON','RAMBO','THREE_TON'),
        primary key (id)
    ) engine=InnoDB
2024-11-16 03:30:44.005 [traceId=] o.h.SQL - 
    create table delivery (
        delivery_fee decimal(38,2) not null,
        drop_latitude float(53),
        drop_longitude float(53),
        pick_up_latitude float(53),
        pick_up_longitude float(53),
        created_at datetime(6),
        delivery_date datetime(6) not null,
        driver_id bigint,
        id bigint not null auto_increment,
        member_id bigint not null,
        updated_at datetime(6),
        created_by varchar(255),
        deleted varchar(255),
        delivery_options varchar(255),
        drop_address varchar(255),
        idempotency_key varchar(255),
        modified_by varchar(255),
        pick_up_address varchar(255),
        reservation_number varchar(255) not null,
        delivery_personal_category enum ('PERSONAL_GENERAL_CARGO','PERSONAL_MINI_CARGO','PERSONAL_MOVING_CARGO'),
        delivery_status enum ('ASSIGNMENT_COMPLETED','ASSIGNMENT_PENDING','CANCELED','DELIVERING','DELIVERY_COMPLETED','PAYMENT_PENDING'),
        delivery_type enum ('BUSINESS','PERSONAL'),
        vehicle_type enum ('CARGO','FREEZER','LIFT','REFRIGERATED','TOP_CAR','WATERPROOF_COVER','WING_BODY'),
        vehicle_weight enum ('DAMAS','FIVE_TON','ONE_TON','RAMBO','THREE_TON'),
        primary key (id)
    ) engine=InnoDB
2024-11-16 03:30:44.022 [traceId=] c.z.h.p.HikariPool - HikariPool-1 - After adding stats (total=49, active=1, idle=48, waiting=0)
2024-11-16 03:30:44.030 [traceId=] c.z.h.p.HikariPool - HikariPool-1 - Added connection com.mysql.cj.jdbc.ConnectionImpl@6a4031c
2024-11-16 03:30:44.035 [traceId=] o.h.SQL - 
    create table driver (
        balance decimal(38,2),
        created_at datetime(6),
        id bigint not null auto_increment,
        updated_at datetime(6),
        created_by varchar(255),
        driver_name varchar(255) not null,
        image_url varchar(255),
        modified_by varchar(255),
        password varchar(255) not null,
        roles enum ('ADMIN','DRIVER','USER'),
        vehicle_type enum ('CARGO','FREEZER','LIFT','REFRIGERATED','TOP_CAR','WATERPROOF_COVER','WING_BODY'),
        vehicle_weight enum ('DAMAS','FIVE_TON','ONE_TON','RAMBO','THREE_TON'),
        primary key (id)
    ) engine=InnoDB
2024-11-16 03:30:44.035 [traceId=] o.h.SQL - 
    create table driver (
        balance decimal(38,2),
        created_at datetime(6),
        id bigint not null auto_increment,
        updated_at datetime(6),
        created_by varchar(255),
        driver_name varchar(255) not null,
        image_url varchar(255),
        modified_by varchar(255),
        password varchar(255) not null,
        roles enum ('ADMIN','DRIVER','USER'),
        vehicle_type enum ('CARGO','FREEZER','LIFT','REFRIGERATED','TOP_CAR','WATERPROOF_COVER','WING_BODY'),
        vehicle_weight enum ('DAMAS','FIVE_TON','ONE_TON','RAMBO','THREE_TON'),
        primary key (id)
    ) engine=InnoDB
2024-11-16 03:30:44.063 [traceId=] o.h.SQL - 
    create table member (
        created_at datetime(6),
        id bigint not null auto_increment,
        provide_id bigint,
        updated_at datetime(6),
        created_by varchar(255),
        email varchar(255),
        member_name varchar(255) not null,
        modified_by varchar(255),
        password varchar(255),
        provider enum ('KAKAO'),
        roles enum ('ADMIN','DRIVER','USER'),
        primary key (id)
    ) engine=InnoDB
2024-11-16 03:30:44.063 [traceId=] o.h.SQL - 
    create table member (
        created_at datetime(6),
        id bigint not null auto_increment,
        provide_id bigint,
        updated_at datetime(6),
        created_by varchar(255),
        email varchar(255),
        member_name varchar(255) not null,
        modified_by varchar(255),
        password varchar(255),
        provider enum ('KAKAO'),
        roles enum ('ADMIN','DRIVER','USER'),
        primary key (id)
    ) engine=InnoDB
2024-11-16 03:30:44.068 [traceId=] c.z.h.p.HikariPool - HikariPool-1 - After adding stats (total=50, active=1, idle=49, waiting=0)
2024-11-16 03:30:44.073 [traceId=] c.z.h.p.HikariPool - HikariPool-1 - Added connection com.mysql.cj.jdbc.ConnectionImpl@36d56edc
2024-11-16 03:30:44.090 [traceId=] o.h.SQL - 
    create table stop_over (
        drop_latitude float(53),
        drop_longitude float(53),
        pick_up_latitude float(53),
        pick_up_longitude float(53),
        delivery_id bigint,
        id bigint not null auto_increment,
        drop_address varchar(255),
        pick_up_address varchar(255),
        primary key (id)
    ) engine=InnoDB
2024-11-16 03:30:44.090 [traceId=] o.h.SQL - 
    create table stop_over (
        drop_latitude float(53),
        drop_longitude float(53),
        pick_up_latitude float(53),
        pick_up_longitude float(53),
        delivery_id bigint,
        id bigint not null auto_increment,
        drop_address varchar(255),
        pick_up_address varchar(255),
        primary key (id)
    ) engine=InnoDB
2024-11-16 03:30:44.115 [traceId=] c.z.h.p.HikariPool - HikariPool-1 - After adding stats (total=51, active=1, idle=50, waiting=0)
2024-11-16 03:30:44.115 [traceId=] o.h.SQL - 
    create table wallet (
        balance decimal(38,2),
        created_at datetime(6),
        id bigint not null auto_increment,
        member_id bigint not null,
        updated_at datetime(6),
        charge_idempotency_key varchar(255),
        created_by varchar(255),
        modified_by varchar(255),
        payment_idempotency_key varchar(255),
        card_company enum ('HANA','IBK','KB','LOTTE','NH','SAMSUNG','SHINHAN','WOORI'),
        primary key (id)
    ) engine=InnoDB
2024-11-16 03:30:44.115 [traceId=] o.h.SQL - 
    create table wallet (
        balance decimal(38,2),
        created_at datetime(6),
        id bigint not null auto_increment,
        member_id bigint not null,
        updated_at datetime(6),
        charge_idempotency_key varchar(255),
        created_by varchar(255),
        modified_by varchar(255),
        payment_idempotency_key varchar(255),
        card_company enum ('HANA','IBK','KB','LOTTE','NH','SAMSUNG','SHINHAN','WOORI'),
        primary key (id)
    ) engine=InnoDB
2024-11-16 03:30:44.123 [traceId=] c.z.h.p.HikariPool - HikariPool-1 - Added connection com.mysql.cj.jdbc.ConnectionImpl@4afbf4b8
2024-11-16 03:30:44.152 [traceId=] o.h.SQL - 
    alter table completed_delivery 
       add constraint UKr2f5bdu9jn2ijtmet18kgumxw unique (idempotency_key)
2024-11-16 03:30:44.152 [traceId=] o.h.SQL - 
    alter table completed_delivery 
       add constraint UKr2f5bdu9jn2ijtmet18kgumxw unique (idempotency_key)
2024-11-16 03:30:44.162 [traceId=] c.z.h.p.HikariPool - HikariPool-1 - After adding stats (total=52, active=1, idle=51, waiting=0)
2024-11-16 03:30:44.167 [traceId=] c.z.h.p.HikariPool - HikariPool-1 - Added connection com.mysql.cj.jdbc.ConnectionImpl@40aaa52b
2024-11-16 03:30:44.183 [traceId=] o.h.SQL - 
    alter table completed_delivery 
       add constraint UKodouf9q00ewymmycjeljjp14y unique (reservation_number)
2024-11-16 03:30:44.183 [traceId=] o.h.SQL - 
    alter table completed_delivery 
       add constraint UKodouf9q00ewymmycjeljjp14y unique (reservation_number)
2024-11-16 03:30:44.209 [traceId=] c.z.h.p.HikariPool - HikariPool-1 - After adding stats (total=53, active=1, idle=52, waiting=0)
2024-11-16 03:30:44.216 [traceId=] o.h.SQL - 
    alter table deleted_delivery 
       add constraint UKk80obo5prwt2xwq37tecvbkm0 unique (idempotency_key)
2024-11-16 03:30:44.216 [traceId=] o.h.SQL - 
    alter table deleted_delivery 
       add constraint UKk80obo5prwt2xwq37tecvbkm0 unique (idempotency_key)
2024-11-16 03:30:44.218 [traceId=] c.z.h.p.HikariPool - HikariPool-1 - Added connection com.mysql.cj.jdbc.ConnectionImpl@34576a34
2024-11-16 03:30:44.241 [traceId=] o.h.SQL - 
    alter table deleted_delivery 
       add constraint UKhwf1yui1blsqy772obn6m30ve unique (reservation_number)
2024-11-16 03:30:44.241 [traceId=] o.h.SQL - 
    alter table deleted_delivery 
       add constraint UKhwf1yui1blsqy772obn6m30ve unique (reservation_number)
2024-11-16 03:30:44.254 [traceId=] c.z.h.p.HikariPool - HikariPool-1 - After adding stats (total=54, active=1, idle=53, waiting=0)
2024-11-16 03:30:44.261 [traceId=] c.z.h.p.HikariPool - HikariPool-1 - Added connection com.mysql.cj.jdbc.ConnectionImpl@58b2dacc
2024-11-16 03:30:44.262 [traceId=] o.h.SQL - 
    create index idx_member_delivery_status 
       on delivery (member_id, delivery_status)
2024-11-16 03:30:44.262 [traceId=] o.h.SQL - 
    create index idx_member_delivery_status 
       on delivery (member_id, delivery_status)
2024-11-16 03:30:44.285 [traceId=] o.h.SQL - 
    alter table delivery 
       add constraint UKi6o4mhewb8ghmsa3rjb6coedx unique (idempotency_key)
2024-11-16 03:30:44.285 [traceId=] o.h.SQL - 
    alter table delivery 
       add constraint UKi6o4mhewb8ghmsa3rjb6coedx unique (idempotency_key)
2024-11-16 03:30:44.300 [traceId=] c.z.h.p.HikariPool - HikariPool-1 - After adding stats (total=55, active=1, idle=54, waiting=0)
2024-11-16 03:30:44.306 [traceId=] c.z.h.p.HikariPool - HikariPool-1 - Added connection com.mysql.cj.jdbc.ConnectionImpl@16c2ea4a
2024-11-16 03:30:44.313 [traceId=] o.h.SQL - 
    alter table delivery 
       add constraint UK1j31usbo3r8x93ruaspoijpk0 unique (reservation_number)
2024-11-16 03:30:44.313 [traceId=] o.h.SQL - 
    alter table delivery 
       add constraint UK1j31usbo3r8x93ruaspoijpk0 unique (reservation_number)
2024-11-16 03:30:44.336 [traceId=] o.h.SQL - 
    alter table member 
       add constraint UKmbmcqelty0fbrvxp1q58dn57t unique (email)
2024-11-16 03:30:44.336 [traceId=] o.h.SQL - 
    alter table member 
       add constraint UKmbmcqelty0fbrvxp1q58dn57t unique (email)
2024-11-16 03:30:44.348 [traceId=] c.z.h.p.HikariPool - HikariPool-1 - After adding stats (total=56, active=1, idle=55, waiting=0)
2024-11-16 03:30:44.354 [traceId=] c.z.h.p.HikariPool - HikariPool-1 - Added connection com.mysql.cj.jdbc.ConnectionImpl@30492ddb
2024-11-16 03:30:44.358 [traceId=] o.h.SQL - 
    alter table member 
       add constraint UKgwo2bqx6j18klv1e8ql503n61 unique (member_name)
2024-11-16 03:30:44.358 [traceId=] o.h.SQL - 
    alter table member 
       add constraint UKgwo2bqx6j18klv1e8ql503n61 unique (member_name)
2024-11-16 03:30:44.376 [traceId=] o.h.SQL - 
    alter table wallet 
       add constraint UK44t2h5lxmy9p1e0l5ypylke7f unique (charge_idempotency_key)
2024-11-16 03:30:44.376 [traceId=] o.h.SQL - 
    alter table wallet 
       add constraint UK44t2h5lxmy9p1e0l5ypylke7f unique (charge_idempotency_key)
2024-11-16 03:30:44.393 [traceId=] o.h.SQL - 
    alter table wallet 
       add constraint UKidk6oma9we7wo72o8m9w4fsea unique (payment_idempotency_key)
2024-11-16 03:30:44.393 [traceId=] o.h.SQL - 
    alter table wallet 
       add constraint UKidk6oma9we7wo72o8m9w4fsea unique (payment_idempotency_key)
2024-11-16 03:30:44.395 [traceId=] c.z.h.p.HikariPool - HikariPool-1 - After adding stats (total=57, active=1, idle=56, waiting=0)
2024-11-16 03:30:44.400 [traceId=] c.z.h.p.HikariPool - HikariPool-1 - Added connection com.mysql.cj.jdbc.ConnectionImpl@71ff256f
2024-11-16 03:30:44.409 [traceId=] o.h.SQL - 
    alter table stop_over 
       add constraint FKdq2y8aydtsokrmdkc6pfwsg5s 
       foreign key (delivery_id) 
       references delivery (id)
2024-11-16 03:30:44.409 [traceId=] o.h.SQL - 
    alter table stop_over 
       add constraint FKdq2y8aydtsokrmdkc6pfwsg5s 
       foreign key (delivery_id) 
       references delivery (id)
2024-11-16 03:30:44.441 [traceId=] c.z.h.p.HikariPool - HikariPool-1 - After adding stats (total=58, active=1, idle=57, waiting=0)
2024-11-16 03:30:44.445 [traceId=] c.z.h.p.HikariPool - HikariPool-1 - Added connection com.mysql.cj.jdbc.ConnectionImpl@69408f68
2024-11-16 03:30:44.487 [traceId=] c.z.h.p.HikariPool - HikariPool-1 - After adding stats (total=59, active=1, idle=58, waiting=0)
2024-11-16 03:30:44.492 [traceId=] c.z.h.p.HikariPool - HikariPool-1 - Added connection com.mysql.cj.jdbc.ConnectionImpl@617ef555
2024-11-16 03:30:44.500 [traceId=] o.s.o.j.LocalContainerEntityManagerFactoryBean - Initialized JPA EntityManagerFactory for persistence unit 'default'
2024-11-16 03:30:44.533 [traceId=] c.z.h.p.HikariPool - HikariPool-1 - After adding stats (total=60, active=0, idle=60, waiting=0)
2024-11-16 03:30:44.557 [traceId=] c.z.h.p.HikariPool - HikariPool-1 - Added connection com.mysql.cj.jdbc.ConnectionImpl@6e2e8e00
2024-11-16 03:30:44.595 [traceId=] c.z.h.p.HikariPool - HikariPool-1 - After adding stats (total=61, active=0, idle=61, waiting=0)
2024-11-16 03:30:44.601 [traceId=] c.z.h.p.HikariPool - HikariPool-1 - Added connection com.mysql.cj.jdbc.ConnectionImpl@2be4968
2024-11-16 03:30:44.643 [traceId=] c.z.h.p.HikariPool - HikariPool-1 - After adding stats (total=62, active=0, idle=62, waiting=0)
2024-11-16 03:30:44.647 [traceId=] c.z.h.p.HikariPool - HikariPool-1 - Added connection com.mysql.cj.jdbc.ConnectionImpl@58149589
2024-11-16 03:30:44.690 [traceId=] c.z.h.p.HikariPool - HikariPool-1 - After adding stats (total=63, active=0, idle=63, waiting=0)
2024-11-16 03:30:44.694 [traceId=] c.z.h.p.HikariPool - HikariPool-1 - Added connection com.mysql.cj.jdbc.ConnectionImpl@5a08267e
2024-11-16 03:30:44.737 [traceId=] c.z.h.p.HikariPool - HikariPool-1 - After adding stats (total=64, active=0, idle=64, waiting=0)
2024-11-16 03:30:44.742 [traceId=] c.z.h.p.HikariPool - HikariPool-1 - Added connection com.mysql.cj.jdbc.ConnectionImpl@66b6445d
2024-11-16 03:30:44.785 [traceId=] c.z.h.p.HikariPool - HikariPool-1 - After adding stats (total=65, active=0, idle=65, waiting=0)
2024-11-16 03:30:44.794 [traceId=] c.z.h.p.HikariPool - HikariPool-1 - Added connection com.mysql.cj.jdbc.ConnectionImpl@39a57912
2024-11-16 03:30:44.834 [traceId=] c.z.h.p.HikariPool - HikariPool-1 - After adding stats (total=66, active=0, idle=66, waiting=0)
2024-11-16 03:30:44.842 [traceId=] c.z.h.p.HikariPool - HikariPool-1 - Added connection com.mysql.cj.jdbc.ConnectionImpl@660e2a43
2024-11-16 03:30:44.880 [traceId=] c.z.h.p.HikariPool - HikariPool-1 - After adding stats (total=67, active=0, idle=67, waiting=0)
2024-11-16 03:30:44.886 [traceId=] c.z.h.p.HikariPool - HikariPool-1 - Added connection com.mysql.cj.jdbc.ConnectionImpl@7afdedc3
2024-11-16 03:30:44.926 [traceId=] c.z.h.p.HikariPool - HikariPool-1 - After adding stats (total=68, active=0, idle=68, waiting=0)
2024-11-16 03:30:44.930 [traceId=] c.z.h.p.HikariPool - HikariPool-1 - Added connection com.mysql.cj.jdbc.ConnectionImpl@2f1d2e40
2024-11-16 03:30:44.974 [traceId=] c.z.h.p.HikariPool - HikariPool-1 - After adding stats (total=69, active=0, idle=69, waiting=0)
2024-11-16 03:30:44.979 [traceId=] c.z.h.p.HikariPool - HikariPool-1 - Added connection com.mysql.cj.jdbc.ConnectionImpl@41c3c001
2024-11-16 03:30:45.020 [traceId=] c.z.h.p.HikariPool - HikariPool-1 - After adding stats (total=70, active=0, idle=70, waiting=0)
2024-11-16 03:30:45.028 [traceId=] c.z.h.p.HikariPool - HikariPool-1 - Added connection com.mysql.cj.jdbc.ConnectionImpl@d0fe007
2024-11-16 03:30:45.068 [traceId=] c.z.h.p.HikariPool - HikariPool-1 - After adding stats (total=71, active=0, idle=71, waiting=0)
2024-11-16 03:30:45.074 [traceId=] c.z.h.p.HikariPool - HikariPool-1 - Added connection com.mysql.cj.jdbc.ConnectionImpl@2bca908e
2024-11-16 03:30:45.117 [traceId=] c.z.h.p.HikariPool - HikariPool-1 - After adding stats (total=72, active=0, idle=72, waiting=0)
2024-11-16 03:30:45.125 [traceId=] c.z.h.p.HikariPool - HikariPool-1 - Added connection com.mysql.cj.jdbc.ConnectionImpl@272f6ecf
2024-11-16 03:30:45.163 [traceId=] c.z.h.p.HikariPool - HikariPool-1 - After adding stats (total=73, active=0, idle=73, waiting=0)
2024-11-16 03:30:45.169 [traceId=] c.z.h.p.HikariPool - HikariPool-1 - Added connection com.mysql.cj.jdbc.ConnectionImpl@1826dd16
2024-11-16 03:30:45.210 [traceId=] c.z.h.p.HikariPool - HikariPool-1 - After adding stats (total=74, active=0, idle=74, waiting=0)
2024-11-16 03:30:45.217 [traceId=] c.z.h.p.HikariPool - HikariPool-1 - Added connection com.mysql.cj.jdbc.ConnectionImpl@42c2617
2024-11-16 03:30:45.258 [traceId=] c.z.h.p.HikariPool - HikariPool-1 - After adding stats (total=75, active=0, idle=75, waiting=0)
2024-11-16 03:30:45.263 [traceId=] c.z.h.p.HikariPool - HikariPool-1 - Added connection com.mysql.cj.jdbc.ConnectionImpl@767b5a4f
2024-11-16 03:30:45.305 [traceId=] c.z.h.p.HikariPool - HikariPool-1 - After adding stats (total=76, active=0, idle=76, waiting=0)
2024-11-16 03:30:45.309 [traceId=] c.z.h.p.HikariPool - HikariPool-1 - Added connection com.mysql.cj.jdbc.ConnectionImpl@ae5f42
2024-11-16 03:30:45.353 [traceId=] c.z.h.p.HikariPool - HikariPool-1 - After adding stats (total=77, active=0, idle=77, waiting=0)
2024-11-16 03:30:45.360 [traceId=] c.z.h.p.HikariPool - HikariPool-1 - Added connection com.mysql.cj.jdbc.ConnectionImpl@2ba68423
2024-11-16 03:30:45.401 [traceId=] c.z.h.p.HikariPool - HikariPool-1 - After adding stats (total=78, active=0, idle=78, waiting=0)
2024-11-16 03:30:45.408 [traceId=] c.z.h.p.HikariPool - HikariPool-1 - Added connection com.mysql.cj.jdbc.ConnectionImpl@20781f6
2024-11-16 03:30:45.448 [traceId=] c.z.h.p.HikariPool - HikariPool-1 - After adding stats (total=79, active=0, idle=79, waiting=0)
2024-11-16 03:30:45.453 [traceId=] c.z.h.p.HikariPool - HikariPool-1 - Added connection com.mysql.cj.jdbc.ConnectionImpl@25e1844
2024-11-16 03:30:45.495 [traceId=] c.z.h.p.HikariPool - HikariPool-1 - After adding stats (total=80, active=0, idle=80, waiting=0)
2024-11-16 03:30:45.499 [traceId=] c.z.h.p.HikariPool - HikariPool-1 - Added connection com.mysql.cj.jdbc.ConnectionImpl@4092c40f
2024-11-16 03:30:45.542 [traceId=] c.z.h.p.HikariPool - HikariPool-1 - After adding stats (total=81, active=0, idle=81, waiting=0)
2024-11-16 03:30:45.546 [traceId=] c.z.h.p.HikariPool - HikariPool-1 - Added connection com.mysql.cj.jdbc.ConnectionImpl@1f15b915
2024-11-16 03:30:45.590 [traceId=] c.z.h.p.HikariPool - HikariPool-1 - After adding stats (total=82, active=0, idle=82, waiting=0)
2024-11-16 03:30:45.596 [traceId=] c.z.h.p.HikariPool - HikariPool-1 - Added connection com.mysql.cj.jdbc.ConnectionImpl@109c1a15
2024-11-16 03:30:45.638 [traceId=] c.z.h.p.HikariPool - HikariPool-1 - After adding stats (total=83, active=0, idle=83, waiting=0)
2024-11-16 03:30:45.644 [traceId=] c.z.h.p.HikariPool - HikariPool-1 - Added connection com.mysql.cj.jdbc.ConnectionImpl@173b1dde
2024-11-16 03:30:45.644 [traceId=] o.s.d.j.r.q.QueryEnhancerFactory - Hibernate is in classpath; If applicable, HQL parser will be used.
2024-11-16 03:30:45.684 [traceId=] c.z.h.p.HikariPool - HikariPool-1 - After adding stats (total=84, active=0, idle=84, waiting=0)
2024-11-16 03:30:45.691 [traceId=] c.z.h.p.HikariPool - HikariPool-1 - Added connection com.mysql.cj.jdbc.ConnectionImpl@611abc17
2024-11-16 03:30:45.731 [traceId=] c.z.h.p.HikariPool - HikariPool-1 - After adding stats (total=85, active=0, idle=85, waiting=0)
2024-11-16 03:30:45.737 [traceId=] c.z.h.p.HikariPool - HikariPool-1 - Added connection com.mysql.cj.jdbc.ConnectionImpl@2d7cbe7e
2024-11-16 03:30:45.779 [traceId=] c.z.h.p.HikariPool - HikariPool-1 - After adding stats (total=86, active=0, idle=86, waiting=0)
2024-11-16 03:30:45.785 [traceId=] c.z.h.p.HikariPool - HikariPool-1 - Added connection com.mysql.cj.jdbc.ConnectionImpl@3a3386f9
2024-11-16 03:30:45.826 [traceId=] c.z.h.p.HikariPool - HikariPool-1 - After adding stats (total=87, active=0, idle=87, waiting=0)
2024-11-16 03:30:45.832 [traceId=] c.z.h.p.HikariPool - HikariPool-1 - Added connection com.mysql.cj.jdbc.ConnectionImpl@24147996
2024-11-16 03:30:45.872 [traceId=] c.z.h.p.HikariPool - HikariPool-1 - After adding stats (total=88, active=0, idle=88, waiting=0)
2024-11-16 03:30:45.879 [traceId=] c.z.h.p.HikariPool - HikariPool-1 - Added connection com.mysql.cj.jdbc.ConnectionImpl@6767ca7f
2024-11-16 03:30:45.920 [traceId=] c.z.h.p.HikariPool - HikariPool-1 - After adding stats (total=89, active=0, idle=89, waiting=0)
2024-11-16 03:30:45.927 [traceId=] c.z.h.p.HikariPool - HikariPool-1 - Added connection com.mysql.cj.jdbc.ConnectionImpl@11336ae8
2024-11-16 03:30:45.968 [traceId=] c.z.h.p.HikariPool - HikariPool-1 - After adding stats (total=90, active=0, idle=90, waiting=0)
2024-11-16 03:30:45.974 [traceId=] c.z.h.p.HikariPool - HikariPool-1 - Added connection com.mysql.cj.jdbc.ConnectionImpl@25b16bf0
2024-11-16 03:30:46.016 [traceId=] c.z.h.p.HikariPool - HikariPool-1 - After adding stats (total=91, active=0, idle=91, waiting=0)
2024-11-16 03:30:46.022 [traceId=] c.z.h.p.HikariPool - HikariPool-1 - Added connection com.mysql.cj.jdbc.ConnectionImpl@5a0d255b
2024-11-16 03:30:46.062 [traceId=] c.z.h.p.HikariPool - HikariPool-1 - After adding stats (total=92, active=0, idle=92, waiting=0)
2024-11-16 03:30:46.067 [traceId=] c.z.h.p.HikariPool - HikariPool-1 - Added connection com.mysql.cj.jdbc.ConnectionImpl@6b1facde
2024-11-16 03:30:46.109 [traceId=] c.z.h.p.HikariPool - HikariPool-1 - After adding stats (total=93, active=0, idle=93, waiting=0)
2024-11-16 03:30:46.117 [traceId=] c.z.h.p.HikariPool - HikariPool-1 - Added connection com.mysql.cj.jdbc.ConnectionImpl@132fd940
2024-11-16 03:30:46.157 [traceId=] c.z.h.p.HikariPool - HikariPool-1 - After adding stats (total=94, active=0, idle=94, waiting=0)
2024-11-16 03:30:46.161 [traceId=] c.z.h.p.HikariPool - HikariPool-1 - Added connection com.mysql.cj.jdbc.ConnectionImpl@3d2cee70
2024-11-16 03:30:46.204 [traceId=] c.z.h.p.HikariPool - HikariPool-1 - After adding stats (total=95, active=0, idle=95, waiting=0)
2024-11-16 03:30:46.208 [traceId=] c.z.h.p.HikariPool - HikariPool-1 - Added connection com.mysql.cj.jdbc.ConnectionImpl@2858c618
2024-11-16 03:30:46.250 [traceId=] c.z.h.p.HikariPool - HikariPool-1 - After adding stats (total=96, active=0, idle=96, waiting=0)
2024-11-16 03:30:46.254 [traceId=] c.z.h.p.HikariPool - HikariPool-1 - Added connection com.mysql.cj.jdbc.ConnectionImpl@475fd8a2
2024-11-16 03:30:46.298 [traceId=] c.z.h.p.HikariPool - HikariPool-1 - After adding stats (total=97, active=0, idle=97, waiting=0)
2024-11-16 03:30:46.304 [traceId=] c.z.h.p.HikariPool - HikariPool-1 - Added connection com.mysql.cj.jdbc.ConnectionImpl@6b5ac5fd
2024-11-16 03:30:46.345 [traceId=] c.z.h.p.HikariPool - HikariPool-1 - After adding stats (total=98, active=0, idle=98, waiting=0)
2024-11-16 03:30:46.351 [traceId=] c.z.h.p.HikariPool - HikariPool-1 - Added connection com.mysql.cj.jdbc.ConnectionImpl@18b9d60a
2024-11-16 03:30:46.392 [traceId=] c.z.h.p.HikariPool - HikariPool-1 - After adding stats (total=99, active=0, idle=99, waiting=0)
2024-11-16 03:30:46.401 [traceId=] c.z.h.p.HikariPool - HikariPool-1 - Added connection com.mysql.cj.jdbc.ConnectionImpl@45977fe5
2024-11-16 03:30:46.440 [traceId=] c.z.h.p.HikariPool - HikariPool-1 - After adding stats (total=100, active=0, idle=100, waiting=0)
2024-11-16 03:30:46.440 [traceId=] c.z.h.p.HikariPool - HikariPool-1 - Connection not added, stats (total=100, active=0, idle=100, waiting=0)
2024-11-16 03:30:47.487 [traceId=] o.s.s.c.a.a.c.InitializeUserDetailsBeanManagerConfigurer$InitializeUserDetailsManagerConfigurer - Global AuthenticationManager configured with UserDetailsService bean with name userDetailsServiceImpl
2024-11-16 03:30:48.083 [traceId=] o.r.Version - Redisson 3.18.0
2024-11-16 03:30:48.492 [traceId=] o.r.c.p.MasterPubSubConnectionPool - 1 connections initialized for localhost/127.0.0.1:6379
2024-11-16 03:30:48.574 [traceId=] o.r.c.p.MasterConnectionPool - 64 connections initialized for localhost/127.0.0.1:6379
2024-11-16 03:30:49.175 [traceId=] o.s.w.s.m.m.a.RequestMappingHandlerMapping - 22 mappings in 'requestMappingHandlerMapping'
2024-11-16 03:30:49.533 [traceId=] o.s.w.s.h.SimpleUrlHandlerMapping - Patterns [/webjars/**, /**] in 'resourceHandlerMapping'
2024-11-16 03:30:50.998 [traceId=] o.s.b.a.e.w.EndpointLinksResolver - Exposing 1 endpoint beneath base path '/actuator'
2024-11-16 03:30:52.733 [traceId=] o.s.w.s.m.m.a.RequestMappingHandlerAdapter - ControllerAdvice beans: 0 @ModelAttribute, 0 @InitBinder, 1 RequestBodyAdvice, 1 ResponseBodyAdvice
2024-11-16 03:30:52.977 [traceId=] o.s.w.s.m.m.a.ExceptionHandlerExceptionResolver - ControllerAdvice beans: 1 @ExceptionHandler, 1 ResponseBodyAdvice
2024-11-16 03:30:56.298 [traceId=] o.a.c.h.Http11NioProtocol - Starting ProtocolHandler ["http-nio-8080"]
2024-11-16 03:30:56.349 [traceId=] o.s.b.w.e.t.TomcatWebServer - Tomcat started on port 8080 (http) with context path '/'
2024-11-16 03:30:56.394 [traceId=] c.e.AppStoreAdminApplication - Started AppStoreAdminApplication in 22.302 seconds (process running for 23.27)
2024-11-16 03:30:57.293 [traceId=] o.a.c.c.C.[.[.[/] - Initializing Spring DispatcherServlet 'dispatcherServlet'
2024-11-16 03:30:57.294 [traceId=] o.s.w.s.DispatcherServlet - Initializing Servlet 'dispatcherServlet'
2024-11-16 03:30:57.296 [traceId=] o.s.w.s.DispatcherServlet - Detected StandardServletMultipartResolver
2024-11-16 03:30:57.296 [traceId=] o.s.w.s.DispatcherServlet - Detected AcceptHeaderLocaleResolver
2024-11-16 03:30:57.296 [traceId=] o.s.w.s.DispatcherServlet - Detected FixedThemeResolver
2024-11-16 03:30:57.301 [traceId=] o.s.w.s.DispatcherServlet - Detected org.springframework.web.servlet.view.DefaultRequestToViewNameTranslator@12a148d0
2024-11-16 03:30:57.303 [traceId=] o.s.w.s.DispatcherServlet - Detected org.springframework.web.servlet.support.SessionFlashMapManager@18c847cc
2024-11-16 03:30:57.304 [traceId=] o.s.w.s.DispatcherServlet - enableLoggingRequestDetails='false': request parameters and headers will be masked to prevent unsafe logging of potentially sensitive data
2024-11-16 03:30:57.304 [traceId=] o.s.w.s.DispatcherServlet - Completed initialization in 9 ms
