2024-11-16 20:49:43.743 [traceId=] o.h.v.i.u.Version - HV000001: Hibernate Validator 8.0.1.Final
2024-11-16 20:49:43.923 [traceId=] c.e.AppStoreAdminApplication - Starting AppStoreAdminApplication using Java 21.0.4 with PID 21020 (C:\Users\우준석\OneDrive\바탕 화면\sendyClone\sendyClone\appstore-admin\out\production\classes started by 우준석 in C:\Users\우준석\OneDrive\바탕 화면\sendyClone\sendyClone)
2024-11-16 20:49:43.926 [traceId=] c.e.AppStoreAdminApplication - The following 1 profile is active: "local"
2024-11-16 20:49:45.998 [traceId=] o.s.b.w.s.c.AnnotationConfigServletWebServerApplicationContext - Exception encountered during context initialization - cancelling refresh attempt: org.springframework.beans.factory.support.BeanDefinitionOverrideException: Invalid bean definition with name 'passwordEncoder' defined in class path resource [com/example/global/config/encoder/PasswordEncoder.class]: Cannot register bean definition [Root bean: class [null]; scope=; abstract=false; lazyInit=null; autowireMode=3; dependencyCheck=0; autowireCandidate=true; primary=false; factoryBeanName=passwordEncoder; factoryMethodName=passwordEncoder; initMethodNames=null; destroyMethodNames=[(inferred)]; defined in class path resource [com/example/global/config/encoder/PasswordEncoder.class]] for bean 'passwordEncoder' since there is already [Generic bean: class [com.example.global.config.encoder.PasswordEncoderConfig]; scope=singleton; abstract=false; lazyInit=null; autowireMode=0; dependencyCheck=0; autowireCandidate=true; primary=false; factoryBeanName=null; factoryMethodName=null; initMethodNames=null; destroyMethodNames=null; defined in file [C:\Users\우준석\OneDrive\바탕 화면\sendyClone\sendyClone\appstore-core\domain\out\production\classes\com\example\global\config\encoder\PasswordEncoder.class]] bound.
2024-11-16 20:49:46.010 [traceId=] o.s.b.a.l.ConditionEvaluationReportLogger - 

Error starting ApplicationContext. To display the condition evaluation report re-run your application with 'debug' enabled.
2024-11-16 20:49:46.053 [traceId=] o.s.b.d.LoggingFailureAnalysisReporter - 

***************************
APPLICATION FAILED TO START
***************************

Description:

The bean 'passwordEncoder', defined in class path resource [com/example/global/config/encoder/PasswordEncoder.class], could not be registered. A bean with that name has already been defined in file [C:\Users\우준석\OneDrive\바탕 화면\sendyClone\sendyClone\appstore-core\domain\out\production\classes\com\example\global\config\encoder\PasswordEncoder.class] and overriding is disabled.

Action:

Consider renaming one of the beans or enabling overriding by setting spring.main.allow-bean-definition-overriding=true

2024-11-16 20:50:31.434 [traceId=] o.h.v.i.u.Version - HV000001: Hibernate Validator 8.0.1.Final
2024-11-16 20:50:31.646 [traceId=] c.e.AppStoreAdminApplication - Starting AppStoreAdminApplication using Java 21.0.4 with PID 21728 (C:\Users\우준석\OneDrive\바탕 화면\sendyClone\sendyClone\appstore-admin\out\production\classes started by 우준석 in C:\Users\우준석\OneDrive\바탕 화면\sendyClone\sendyClone)
2024-11-16 20:50:31.648 [traceId=] c.e.AppStoreAdminApplication - The following 1 profile is active: "local"
2024-11-16 20:50:34.774 [traceId=] o.s.d.r.c.RepositoryConfigurationDelegate - Multiple Spring Data modules found, entering strict repository configuration mode
2024-11-16 20:50:34.779 [traceId=] o.s.d.r.c.RepositoryConfigurationDelegate - Bootstrapping Spring Data JPA repositories in DEFAULT mode.
2024-11-16 20:50:35.499 [traceId=] o.s.d.r.c.RepositoryConfigurationDelegate - Finished Spring Data repository scanning in 705 ms. Found 7 JPA repository interfaces.
2024-11-16 20:50:35.535 [traceId=] o.s.d.r.c.RepositoryConfigurationDelegate - Multiple Spring Data modules found, entering strict repository configuration mode
2024-11-16 20:50:35.538 [traceId=] o.s.d.r.c.RepositoryConfigurationDelegate - Bootstrapping Spring Data Redis repositories in DEFAULT mode.
2024-11-16 20:50:35.574 [traceId=] o.s.d.r.c.RepositoryConfigurationExtensionSupport - Spring Data Redis - Could not safely identify store assignment for repository candidate interface com.example.completeddelivery.repository.CompletedDeliveryRepository; If you want this repository to be a Redis repository, consider annotating your entities with one of these annotations: org.springframework.data.redis.core.RedisHash (preferred), or consider extending one of the following types with your repository: org.springframework.data.keyvalue.repository.KeyValueRepository
2024-11-16 20:50:35.575 [traceId=] o.s.d.r.c.RepositoryConfigurationExtensionSupport - Spring Data Redis - Could not safely identify store assignment for repository candidate interface com.example.deleteddelivery.repository.DeletedDeliveryRepository; If you want this repository to be a Redis repository, consider annotating your entities with one of these annotations: org.springframework.data.redis.core.RedisHash (preferred), or consider extending one of the following types with your repository: org.springframework.data.keyvalue.repository.KeyValueRepository
2024-11-16 20:50:35.581 [traceId=] o.s.d.r.c.RepositoryConfigurationExtensionSupport - Spring Data Redis - Could not safely identify store assignment for repository candidate interface com.example.delivery.repository.DeliveryDocumentRepository; If you want this repository to be a Redis repository, consider annotating your entities with one of these annotations: org.springframework.data.redis.core.RedisHash (preferred), or consider extending one of the following types with your repository: org.springframework.data.keyvalue.repository.KeyValueRepository
2024-11-16 20:50:35.582 [traceId=] o.s.d.r.c.RepositoryConfigurationExtensionSupport - Spring Data Redis - Could not safely identify store assignment for repository candidate interface com.example.driver.repository.DriverRepository; If you want this repository to be a Redis repository, consider annotating your entities with one of these annotations: org.springframework.data.redis.core.RedisHash (preferred), or consider extending one of the following types with your repository: org.springframework.data.keyvalue.repository.KeyValueRepository
2024-11-16 20:50:35.582 [traceId=] o.s.d.r.c.RepositoryConfigurationExtensionSupport - Spring Data Redis - Could not safely identify store assignment for repository candidate interface com.example.member.repository.MemberRepository; If you want this repository to be a Redis repository, consider annotating your entities with one of these annotations: org.springframework.data.redis.core.RedisHash (preferred), or consider extending one of the following types with your repository: org.springframework.data.keyvalue.repository.KeyValueRepository
2024-11-16 20:50:35.582 [traceId=] o.s.d.r.c.RepositoryConfigurationExtensionSupport - Spring Data Redis - Could not safely identify store assignment for repository candidate interface com.example.stopover.repository.StopOverRepository; If you want this repository to be a Redis repository, consider annotating your entities with one of these annotations: org.springframework.data.redis.core.RedisHash (preferred), or consider extending one of the following types with your repository: org.springframework.data.keyvalue.repository.KeyValueRepository
2024-11-16 20:50:35.582 [traceId=] o.s.d.r.c.RepositoryConfigurationExtensionSupport - Spring Data Redis - Could not safely identify store assignment for repository candidate interface com.example.wallet.repository.WalletRepository; If you want this repository to be a Redis repository, consider annotating your entities with one of these annotations: org.springframework.data.redis.core.RedisHash (preferred), or consider extending one of the following types with your repository: org.springframework.data.keyvalue.repository.KeyValueRepository
2024-11-16 20:50:35.582 [traceId=] o.s.d.r.c.RepositoryConfigurationDelegate - Finished Spring Data repository scanning in 28 ms. Found 0 Redis repository interfaces.
2024-11-16 20:50:36.373 [traceId=] o.s.c.c.s.GenericScope - BeanFactory id=cc4027a2-329c-31cd-a76b-2404aaa4e717
2024-11-16 20:50:38.117 [traceId=] o.s.b.w.e.t.TomcatWebServer - Tomcat initialized with port 8080 (http)
2024-11-16 20:50:38.140 [traceId=] o.a.c.h.Http11NioProtocol - Initializing ProtocolHandler ["http-nio-8080"]
2024-11-16 20:50:38.149 [traceId=] o.a.c.c.StandardService - Starting service [Tomcat]
2024-11-16 20:50:38.149 [traceId=] o.a.c.c.StandardEngine - Starting Servlet engine: [Apache Tomcat/10.1.28]
2024-11-16 20:50:38.271 [traceId=] o.a.c.c.C.[.[.[/] - Initializing Spring embedded WebApplicationContext
2024-11-16 20:50:38.271 [traceId=] o.s.b.w.s.c.ServletWebServerApplicationContext - Root WebApplicationContext: initialization completed in 6478 ms
2024-11-16 20:50:38.663 [traceId=] o.s.w.f.ServerHttpObservationFilter - Filter 'webMvcObservationFilter' configured for use
2024-11-16 20:50:38.724 [traceId=] c.z.h.HikariConfig - Driver class com.mysql.cj.jdbc.Driver found in Thread context class loader jdk.internal.loader.ClassLoaders$AppClassLoader@36baf30c
2024-11-16 20:50:39.180 [traceId=] o.h.j.i.u.LogHelper - HHH000204: Processing PersistenceUnitInfo [name: default]
2024-11-16 20:50:39.341 [traceId=] o.h.Version - HHH000412: Hibernate ORM core version 6.5.2.Final
2024-11-16 20:50:39.435 [traceId=] o.h.c.i.RegionFactoryInitiator - HHH000026: Second-level cache disabled
2024-11-16 20:50:40.585 [traceId=] o.s.o.j.p.SpringPersistenceUnitInfo - No LoadTimeWeaver setup: ignoring JPA class transformer
2024-11-16 20:50:40.688 [traceId=] c.z.h.HikariConfig - HikariPool-1 - idleTimeout has been set but has no effect because the pool is operating as a fixed size pool.
2024-11-16 20:50:40.689 [traceId=] c.z.h.HikariConfig - HikariPool-1 - configuration:
2024-11-16 20:50:40.692 [traceId=] c.z.h.HikariConfig - allowPoolSuspension.............false
2024-11-16 20:50:40.692 [traceId=] c.z.h.HikariConfig - autoCommit......................true
2024-11-16 20:50:40.692 [traceId=] c.z.h.HikariConfig - catalog.........................none
2024-11-16 20:50:40.692 [traceId=] c.z.h.HikariConfig - connectionInitSql...............none
2024-11-16 20:50:40.692 [traceId=] c.z.h.HikariConfig - connectionTestQuery.............none
2024-11-16 20:50:40.693 [traceId=] c.z.h.HikariConfig - connectionTimeout...............3000
2024-11-16 20:50:40.693 [traceId=] c.z.h.HikariConfig - dataSource......................none
2024-11-16 20:50:40.694 [traceId=] c.z.h.HikariConfig - dataSourceClassName.............none
2024-11-16 20:50:40.694 [traceId=] c.z.h.HikariConfig - dataSourceJNDI..................none
2024-11-16 20:50:40.695 [traceId=] c.z.h.HikariConfig - dataSourceProperties............{password=<masked>}
2024-11-16 20:50:40.695 [traceId=] c.z.h.HikariConfig - driverClassName................."com.mysql.cj.jdbc.Driver"
2024-11-16 20:50:40.695 [traceId=] c.z.h.HikariConfig - exceptionOverrideClassName......none
2024-11-16 20:50:40.696 [traceId=] c.z.h.HikariConfig - healthCheckProperties...........{}
2024-11-16 20:50:40.696 [traceId=] c.z.h.HikariConfig - healthCheckRegistry.............none
2024-11-16 20:50:40.697 [traceId=] c.z.h.HikariConfig - idleTimeout.....................200000
2024-11-16 20:50:40.697 [traceId=] c.z.h.HikariConfig - initializationFailTimeout.......1
2024-11-16 20:50:40.697 [traceId=] c.z.h.HikariConfig - isolateInternalQueries..........false
2024-11-16 20:50:40.698 [traceId=] c.z.h.HikariConfig - jdbcUrl.........................jdbc:mysql://localhost:3306/sendy_db?useSSL=false&useUnicode=true&characterEncoding=utf8&serverTimezone=UTC&autoReconnect=true&connectTimeout=10000&socketTimeout=30000&prepStmtCacheSize=100&prepStmtCacheSqlLimit=2048&cachePrepStmts=true&rewriteBatchedStatements=true&useServerPrepStmts=true
2024-11-16 20:50:40.698 [traceId=] c.z.h.HikariConfig - keepaliveTime...................0
2024-11-16 20:50:40.698 [traceId=] c.z.h.HikariConfig - leakDetectionThreshold..........2000
2024-11-16 20:50:40.698 [traceId=] c.z.h.HikariConfig - maxLifetime.....................240000
2024-11-16 20:50:40.698 [traceId=] c.z.h.HikariConfig - maximumPoolSize.................100
2024-11-16 20:50:40.699 [traceId=] c.z.h.HikariConfig - metricRegistry..................none
2024-11-16 20:50:40.699 [traceId=] c.z.h.HikariConfig - metricsTrackerFactory...........none
2024-11-16 20:50:40.699 [traceId=] c.z.h.HikariConfig - minimumIdle.....................100
2024-11-16 20:50:40.699 [traceId=] c.z.h.HikariConfig - password........................<masked>
2024-11-16 20:50:40.702 [traceId=] c.z.h.HikariConfig - poolName........................"HikariPool-1"
2024-11-16 20:50:40.702 [traceId=] c.z.h.HikariConfig - readOnly........................false
2024-11-16 20:50:40.702 [traceId=] c.z.h.HikariConfig - registerMbeans..................false
2024-11-16 20:50:40.703 [traceId=] c.z.h.HikariConfig - scheduledExecutor...............none
2024-11-16 20:50:40.703 [traceId=] c.z.h.HikariConfig - schema..........................none
2024-11-16 20:50:40.703 [traceId=] c.z.h.HikariConfig - threadFactory...................internal
2024-11-16 20:50:40.703 [traceId=] c.z.h.HikariConfig - transactionIsolation............default
2024-11-16 20:50:40.703 [traceId=] c.z.h.HikariConfig - username........................"root"
2024-11-16 20:50:40.704 [traceId=] c.z.h.HikariConfig - validationTimeout...............3000
2024-11-16 20:50:40.704 [traceId=] c.z.h.HikariDataSource - HikariPool-1 - Starting...
2024-11-16 20:50:41.177 [traceId=] c.z.h.p.HikariPool - HikariPool-1 - Added connection com.mysql.cj.jdbc.ConnectionImpl@543196f9
2024-11-16 20:50:41.182 [traceId=] c.z.h.HikariDataSource - HikariPool-1 - Start completed.
2024-11-16 20:50:41.295 [traceId=] c.z.h.p.HikariPool - HikariPool-1 - Pool stats (total=1, active=1, idle=0, waiting=0)
2024-11-16 20:50:41.318 [traceId=] c.z.h.p.HikariPool - HikariPool-1 - Added connection com.mysql.cj.jdbc.ConnectionImpl@6063531d
2024-11-16 20:50:41.346 [traceId=] o.h.o.deprecation - HHH90000025: MySQL8Dialect does not need to be specified explicitly using 'hibernate.dialect' (remove the property setting and it will be selected by default)
2024-11-16 20:50:41.349 [traceId=] o.h.o.deprecation - HHH90000026: MySQL8Dialect has been deprecated; use org.hibernate.dialect.MySQLDialect instead
2024-11-16 20:50:41.357 [traceId=] c.z.h.p.HikariPool - HikariPool-1 - After adding stats (total=2, active=1, idle=1, waiting=0)
2024-11-16 20:50:41.383 [traceId=] c.z.h.p.HikariPool - HikariPool-1 - Added connection com.mysql.cj.jdbc.ConnectionImpl@215e5926
2024-11-16 20:50:41.420 [traceId=] c.z.h.p.HikariPool - HikariPool-1 - After adding stats (total=3, active=0, idle=3, waiting=0)
2024-11-16 20:50:41.437 [traceId=] c.z.h.p.HikariPool - HikariPool-1 - Added connection com.mysql.cj.jdbc.ConnectionImpl@10b5d92c
2024-11-16 20:50:41.440 [traceId=] o.h.t.d.s.s.DdlTypeRegistry - addDescriptor(12, org.hibernate.type.descriptor.sql.internal.CapacityDependentDdlType@1ee126de) replaced previous registration(org.hibernate.type.descriptor.sql.internal.CapacityDependentDdlType@22cce199)
2024-11-16 20:50:41.441 [traceId=] o.h.t.d.s.s.DdlTypeRegistry - addDescriptor(-9, org.hibernate.type.descriptor.sql.internal.CapacityDependentDdlType@14b4b25e) replaced previous registration(org.hibernate.type.descriptor.sql.internal.CapacityDependentDdlType@4babe06f)
2024-11-16 20:50:41.441 [traceId=] o.h.t.d.s.s.DdlTypeRegistry - addDescriptor(-3, org.hibernate.type.descriptor.sql.internal.CapacityDependentDdlType@5c6be812) replaced previous registration(org.hibernate.type.descriptor.sql.internal.CapacityDependentDdlType@19ee0a2f)
2024-11-16 20:50:41.441 [traceId=] o.h.t.d.s.s.DdlTypeRegistry - addDescriptor(4003, org.hibernate.type.descriptor.sql.internal.DdlTypeImpl@28796d0e) replaced previous registration(org.hibernate.type.descriptor.sql.internal.DdlTypeImpl@3cc548f6)
2024-11-16 20:50:41.442 [traceId=] o.h.t.d.s.s.DdlTypeRegistry - addDescriptor(4001, org.hibernate.type.descriptor.sql.internal.DdlTypeImpl@3fed0c04) replaced previous registration(org.hibernate.type.descriptor.sql.internal.DdlTypeImpl@563bd6a4)
2024-11-16 20:50:41.442 [traceId=] o.h.t.d.s.s.DdlTypeRegistry - addDescriptor(4002, org.hibernate.type.descriptor.sql.internal.DdlTypeImpl@3549c070) replaced previous registration(org.hibernate.type.descriptor.sql.internal.DdlTypeImpl@235dacd7)
2024-11-16 20:50:41.442 [traceId=] o.h.t.d.s.s.DdlTypeRegistry - addDescriptor(2004, org.hibernate.type.descriptor.sql.internal.CapacityDependentDdlType@74070994) replaced previous registration(org.hibernate.type.descriptor.sql.internal.DdlTypeImpl@7c816f46)
2024-11-16 20:50:41.443 [traceId=] o.h.t.d.s.s.DdlTypeRegistry - addDescriptor(2005, org.hibernate.type.descriptor.sql.internal.CapacityDependentDdlType@7307ae6) replaced previous registration(org.hibernate.type.descriptor.sql.internal.DdlTypeImpl@49c555c3)
2024-11-16 20:50:41.443 [traceId=] o.h.t.d.s.s.DdlTypeRegistry - addDescriptor(2011, org.hibernate.type.descriptor.sql.internal.CapacityDependentDdlType@542aec6) replaced previous registration(org.hibernate.type.descriptor.sql.internal.DdlTypeImpl@724e0a77)
2024-11-16 20:50:41.483 [traceId=] c.z.h.p.HikariPool - HikariPool-1 - After adding stats (total=4, active=0, idle=4, waiting=0)
2024-11-16 20:50:41.501 [traceId=] c.z.h.p.HikariPool - HikariPool-1 - Added connection com.mysql.cj.jdbc.ConnectionImpl@4171a669
2024-11-16 20:50:41.545 [traceId=] c.z.h.p.HikariPool - HikariPool-1 - After adding stats (total=5, active=0, idle=5, waiting=0)
2024-11-16 20:50:41.678 [traceId=] c.z.h.p.HikariPool - HikariPool-1 - Added connection com.mysql.cj.jdbc.ConnectionImpl@316f9c9f
2024-11-16 20:50:41.730 [traceId=] c.z.h.p.HikariPool - HikariPool-1 - After adding stats (total=6, active=0, idle=6, waiting=0)
2024-11-16 20:50:41.827 [traceId=] c.z.h.p.HikariPool - HikariPool-1 - Added connection com.mysql.cj.jdbc.ConnectionImpl@453f9ba9
2024-11-16 20:50:41.858 [traceId=] c.z.h.p.HikariPool - HikariPool-1 - After adding stats (total=7, active=0, idle=7, waiting=0)
2024-11-16 20:50:41.872 [traceId=] c.z.h.p.HikariPool - HikariPool-1 - Added connection com.mysql.cj.jdbc.ConnectionImpl@6d76b2ac
2024-11-16 20:50:41.905 [traceId=] c.z.h.p.HikariPool - HikariPool-1 - After adding stats (total=8, active=0, idle=8, waiting=0)
2024-11-16 20:50:41.927 [traceId=] c.z.h.p.HikariPool - HikariPool-1 - Added connection com.mysql.cj.jdbc.ConnectionImpl@542c6428
2024-11-16 20:50:41.966 [traceId=] c.z.h.p.HikariPool - HikariPool-1 - After adding stats (total=9, active=0, idle=9, waiting=0)
2024-11-16 20:50:41.989 [traceId=] c.z.h.p.HikariPool - HikariPool-1 - Added connection com.mysql.cj.jdbc.ConnectionImpl@2e4fea8d
2024-11-16 20:50:42.030 [traceId=] c.z.h.p.HikariPool - HikariPool-1 - After adding stats (total=10, active=0, idle=10, waiting=0)
2024-11-16 20:50:42.061 [traceId=] c.z.h.p.HikariPool - HikariPool-1 - Added connection com.mysql.cj.jdbc.ConnectionImpl@4e1251b9
2024-11-16 20:50:42.092 [traceId=] c.z.h.p.HikariPool - HikariPool-1 - After adding stats (total=11, active=0, idle=11, waiting=0)
2024-11-16 20:50:42.102 [traceId=] c.z.h.p.HikariPool - HikariPool-1 - Added connection com.mysql.cj.jdbc.ConnectionImpl@4f55b2a7
2024-11-16 20:50:42.138 [traceId=] c.z.h.p.HikariPool - HikariPool-1 - After adding stats (total=12, active=0, idle=12, waiting=0)
2024-11-16 20:50:42.149 [traceId=] c.z.h.p.HikariPool - HikariPool-1 - Added connection com.mysql.cj.jdbc.ConnectionImpl@29b8d035
2024-11-16 20:50:42.186 [traceId=] c.z.h.p.HikariPool - HikariPool-1 - After adding stats (total=13, active=0, idle=13, waiting=0)
2024-11-16 20:50:42.196 [traceId=] c.z.h.p.HikariPool - HikariPool-1 - Added connection com.mysql.cj.jdbc.ConnectionImpl@2ca12ae4
2024-11-16 20:50:42.233 [traceId=] c.z.h.p.HikariPool - HikariPool-1 - After adding stats (total=14, active=0, idle=14, waiting=0)
2024-11-16 20:50:42.249 [traceId=] c.z.h.p.HikariPool - HikariPool-1 - Added connection com.mysql.cj.jdbc.ConnectionImpl@68e24869
2024-11-16 20:50:42.281 [traceId=] c.z.h.p.HikariPool - HikariPool-1 - After adding stats (total=15, active=0, idle=15, waiting=0)
2024-11-16 20:50:42.304 [traceId=] c.z.h.p.HikariPool - HikariPool-1 - Added connection com.mysql.cj.jdbc.ConnectionImpl@18af541c
2024-11-16 20:50:42.342 [traceId=] c.z.h.p.HikariPool - HikariPool-1 - After adding stats (total=16, active=0, idle=16, waiting=0)
2024-11-16 20:50:42.351 [traceId=] c.z.h.p.HikariPool - HikariPool-1 - Added connection com.mysql.cj.jdbc.ConnectionImpl@45a902c5
2024-11-16 20:50:42.388 [traceId=] c.z.h.p.HikariPool - HikariPool-1 - After adding stats (total=17, active=0, idle=17, waiting=0)
2024-11-16 20:50:42.397 [traceId=] c.z.h.p.HikariPool - HikariPool-1 - Added connection com.mysql.cj.jdbc.ConnectionImpl@7f1ae3ec
2024-11-16 20:50:42.436 [traceId=] c.z.h.p.HikariPool - HikariPool-1 - After adding stats (total=18, active=0, idle=18, waiting=0)
2024-11-16 20:50:42.445 [traceId=] c.z.h.p.HikariPool - HikariPool-1 - Added connection com.mysql.cj.jdbc.ConnectionImpl@58d2073a
2024-11-16 20:50:42.483 [traceId=] c.z.h.p.HikariPool - HikariPool-1 - After adding stats (total=19, active=0, idle=19, waiting=0)
2024-11-16 20:50:42.493 [traceId=] c.z.h.p.HikariPool - HikariPool-1 - Added connection com.mysql.cj.jdbc.ConnectionImpl@57f0b6c5
2024-11-16 20:50:42.531 [traceId=] c.z.h.p.HikariPool - HikariPool-1 - After adding stats (total=20, active=0, idle=20, waiting=0)
2024-11-16 20:50:42.539 [traceId=] c.z.h.p.HikariPool - HikariPool-1 - Added connection com.mysql.cj.jdbc.ConnectionImpl@4e21733f
2024-11-16 20:50:42.578 [traceId=] c.z.h.p.HikariPool - HikariPool-1 - After adding stats (total=21, active=0, idle=21, waiting=0)
2024-11-16 20:50:42.586 [traceId=] c.z.h.p.HikariPool - HikariPool-1 - Added connection com.mysql.cj.jdbc.ConnectionImpl@a0429d4
2024-11-16 20:50:42.626 [traceId=] c.z.h.p.HikariPool - HikariPool-1 - After adding stats (total=22, active=0, idle=22, waiting=0)
2024-11-16 20:50:42.634 [traceId=] c.z.h.p.HikariPool - HikariPool-1 - Added connection com.mysql.cj.jdbc.ConnectionImpl@5b973d30
2024-11-16 20:50:42.674 [traceId=] c.z.h.p.HikariPool - HikariPool-1 - After adding stats (total=23, active=0, idle=23, waiting=0)
2024-11-16 20:50:42.685 [traceId=] c.z.h.p.HikariPool - HikariPool-1 - Added connection com.mysql.cj.jdbc.ConnectionImpl@2f6d3381
2024-11-16 20:50:42.721 [traceId=] c.z.h.p.HikariPool - HikariPool-1 - After adding stats (total=24, active=0, idle=24, waiting=0)
2024-11-16 20:50:42.729 [traceId=] c.z.h.p.HikariPool - HikariPool-1 - Added connection com.mysql.cj.jdbc.ConnectionImpl@3bfbcc9
2024-11-16 20:50:42.769 [traceId=] c.z.h.p.HikariPool - HikariPool-1 - After adding stats (total=25, active=0, idle=25, waiting=0)
2024-11-16 20:50:42.777 [traceId=] c.z.h.p.HikariPool - HikariPool-1 - Added connection com.mysql.cj.jdbc.ConnectionImpl@26e5eccb
2024-11-16 20:50:42.821 [traceId=] c.z.h.p.HikariPool - HikariPool-1 - After adding stats (total=26, active=0, idle=26, waiting=0)
2024-11-16 20:50:42.839 [traceId=] c.z.h.p.HikariPool - HikariPool-1 - Added connection com.mysql.cj.jdbc.ConnectionImpl@228005ad
2024-11-16 20:50:42.879 [traceId=] c.z.h.p.HikariPool - HikariPool-1 - After adding stats (total=27, active=0, idle=27, waiting=0)
2024-11-16 20:50:42.885 [traceId=] c.z.h.p.HikariPool - HikariPool-1 - Added connection com.mysql.cj.jdbc.ConnectionImpl@5afadfe5
2024-11-16 20:50:42.927 [traceId=] c.z.h.p.HikariPool - HikariPool-1 - After adding stats (total=28, active=0, idle=28, waiting=0)
2024-11-16 20:50:42.935 [traceId=] c.z.h.p.HikariPool - HikariPool-1 - Added connection com.mysql.cj.jdbc.ConnectionImpl@19ab2f19
2024-11-16 20:50:42.975 [traceId=] c.z.h.p.HikariPool - HikariPool-1 - After adding stats (total=29, active=0, idle=29, waiting=0)
2024-11-16 20:50:42.985 [traceId=] c.z.h.p.HikariPool - HikariPool-1 - Added connection com.mysql.cj.jdbc.ConnectionImpl@4191e2ab
2024-11-16 20:50:43.023 [traceId=] c.z.h.p.HikariPool - HikariPool-1 - After adding stats (total=30, active=0, idle=30, waiting=0)
2024-11-16 20:50:43.032 [traceId=] c.z.h.p.HikariPool - HikariPool-1 - Added connection com.mysql.cj.jdbc.ConnectionImpl@1dff34f7
2024-11-16 20:50:43.069 [traceId=] c.z.h.p.HikariPool - HikariPool-1 - After adding stats (total=31, active=0, idle=31, waiting=0)
2024-11-16 20:50:43.077 [traceId=] c.z.h.p.HikariPool - HikariPool-1 - Added connection com.mysql.cj.jdbc.ConnectionImpl@5ee8820e
2024-11-16 20:50:43.117 [traceId=] c.z.h.p.HikariPool - HikariPool-1 - After adding stats (total=32, active=0, idle=32, waiting=0)
2024-11-16 20:50:43.124 [traceId=] c.z.h.p.HikariPool - HikariPool-1 - Added connection com.mysql.cj.jdbc.ConnectionImpl@7584b5b
2024-11-16 20:50:43.165 [traceId=] c.z.h.p.HikariPool - HikariPool-1 - After adding stats (total=33, active=0, idle=33, waiting=0)
2024-11-16 20:50:43.176 [traceId=] c.z.h.p.HikariPool - HikariPool-1 - Added connection com.mysql.cj.jdbc.ConnectionImpl@186df560
2024-11-16 20:50:43.213 [traceId=] c.z.h.p.HikariPool - HikariPool-1 - After adding stats (total=34, active=0, idle=34, waiting=0)
2024-11-16 20:50:43.229 [traceId=] c.z.h.p.HikariPool - HikariPool-1 - Added connection com.mysql.cj.jdbc.ConnectionImpl@1a136160
2024-11-16 20:50:43.260 [traceId=] c.z.h.p.HikariPool - HikariPool-1 - After adding stats (total=35, active=0, idle=35, waiting=0)
2024-11-16 20:50:43.268 [traceId=] c.z.h.p.HikariPool - HikariPool-1 - Added connection com.mysql.cj.jdbc.ConnectionImpl@102e3b1e
2024-11-16 20:50:43.307 [traceId=] c.z.h.p.HikariPool - HikariPool-1 - After adding stats (total=36, active=0, idle=36, waiting=0)
2024-11-16 20:50:43.316 [traceId=] c.z.h.p.HikariPool - HikariPool-1 - Added connection com.mysql.cj.jdbc.ConnectionImpl@6941b8a8
2024-11-16 20:50:43.354 [traceId=] c.z.h.p.HikariPool - HikariPool-1 - After adding stats (total=37, active=0, idle=37, waiting=0)
2024-11-16 20:50:43.361 [traceId=] c.z.h.p.HikariPool - HikariPool-1 - Added connection com.mysql.cj.jdbc.ConnectionImpl@17f5eea5
2024-11-16 20:50:43.400 [traceId=] c.z.h.p.HikariPool - HikariPool-1 - After adding stats (total=38, active=0, idle=38, waiting=0)
2024-11-16 20:50:43.412 [traceId=] c.z.h.p.HikariPool - HikariPool-1 - Added connection com.mysql.cj.jdbc.ConnectionImpl@5d06e649
2024-11-16 20:50:43.447 [traceId=] c.z.h.p.HikariPool - HikariPool-1 - After adding stats (total=39, active=0, idle=39, waiting=0)
2024-11-16 20:50:43.460 [traceId=] c.z.h.p.HikariPool - HikariPool-1 - Added connection com.mysql.cj.jdbc.ConnectionImpl@5d11e36
2024-11-16 20:50:43.493 [traceId=] c.z.h.p.HikariPool - HikariPool-1 - After adding stats (total=40, active=0, idle=40, waiting=0)
2024-11-16 20:50:43.534 [traceId=] c.z.h.p.HikariPool - HikariPool-1 - Added connection com.mysql.cj.jdbc.ConnectionImpl@620dbf71
2024-11-16 20:50:43.572 [traceId=] c.z.h.p.HikariPool - HikariPool-1 - After adding stats (total=41, active=0, idle=41, waiting=0)
2024-11-16 20:50:43.582 [traceId=] c.z.h.p.HikariPool - HikariPool-1 - Added connection com.mysql.cj.jdbc.ConnectionImpl@18413672
2024-11-16 20:50:43.620 [traceId=] c.z.h.p.HikariPool - HikariPool-1 - After adding stats (total=42, active=0, idle=42, waiting=0)
2024-11-16 20:50:43.630 [traceId=] c.z.h.p.HikariPool - HikariPool-1 - Added connection com.mysql.cj.jdbc.ConnectionImpl@6ded640
2024-11-16 20:50:43.668 [traceId=] c.z.h.p.HikariPool - HikariPool-1 - After adding stats (total=43, active=0, idle=43, waiting=0)
2024-11-16 20:50:43.677 [traceId=] c.z.h.p.HikariPool - HikariPool-1 - Added connection com.mysql.cj.jdbc.ConnectionImpl@677330d8
2024-11-16 20:50:43.715 [traceId=] c.z.h.p.HikariPool - HikariPool-1 - After adding stats (total=44, active=0, idle=44, waiting=0)
2024-11-16 20:50:43.721 [traceId=] c.z.h.p.HikariPool - HikariPool-1 - Added connection com.mysql.cj.jdbc.ConnectionImpl@26481cde
2024-11-16 20:50:43.763 [traceId=] c.z.h.p.HikariPool - HikariPool-1 - After adding stats (total=45, active=0, idle=45, waiting=0)
2024-11-16 20:50:43.772 [traceId=] c.z.h.p.HikariPool - HikariPool-1 - Added connection com.mysql.cj.jdbc.ConnectionImpl@2d705b14
2024-11-16 20:50:43.811 [traceId=] c.z.h.p.HikariPool - HikariPool-1 - After adding stats (total=46, active=0, idle=46, waiting=0)
2024-11-16 20:50:43.819 [traceId=] c.z.h.p.HikariPool - HikariPool-1 - Added connection com.mysql.cj.jdbc.ConnectionImpl@387b8b60
2024-11-16 20:50:43.858 [traceId=] c.z.h.p.HikariPool - HikariPool-1 - After adding stats (total=47, active=0, idle=47, waiting=0)
2024-11-16 20:50:43.867 [traceId=] c.z.h.p.HikariPool - HikariPool-1 - Added connection com.mysql.cj.jdbc.ConnectionImpl@1e2c5c2a
2024-11-16 20:50:43.906 [traceId=] c.z.h.p.HikariPool - HikariPool-1 - After adding stats (total=48, active=0, idle=48, waiting=0)
2024-11-16 20:50:43.912 [traceId=] c.z.h.p.HikariPool - HikariPool-1 - Added connection com.mysql.cj.jdbc.ConnectionImpl@3a0f2abb
2024-11-16 20:50:43.952 [traceId=] c.z.h.p.HikariPool - HikariPool-1 - After adding stats (total=49, active=0, idle=49, waiting=0)
2024-11-16 20:50:43.960 [traceId=] c.z.h.p.HikariPool - HikariPool-1 - Added connection com.mysql.cj.jdbc.ConnectionImpl@2fb30b45
2024-11-16 20:50:43.999 [traceId=] c.z.h.p.HikariPool - HikariPool-1 - After adding stats (total=50, active=0, idle=50, waiting=0)
2024-11-16 20:50:44.007 [traceId=] c.z.h.p.HikariPool - HikariPool-1 - Added connection com.mysql.cj.jdbc.ConnectionImpl@6eb7fe94
2024-11-16 20:50:44.048 [traceId=] c.z.h.p.HikariPool - HikariPool-1 - After adding stats (total=51, active=0, idle=51, waiting=0)
2024-11-16 20:50:44.057 [traceId=] c.z.h.p.HikariPool - HikariPool-1 - Added connection com.mysql.cj.jdbc.ConnectionImpl@1c2e6691
2024-11-16 20:50:44.095 [traceId=] c.z.h.p.HikariPool - HikariPool-1 - After adding stats (total=52, active=0, idle=52, waiting=0)
2024-11-16 20:50:44.105 [traceId=] c.z.h.p.HikariPool - HikariPool-1 - Added connection com.mysql.cj.jdbc.ConnectionImpl@1256d6dd
2024-11-16 20:50:44.143 [traceId=] c.z.h.p.HikariPool - HikariPool-1 - After adding stats (total=53, active=0, idle=53, waiting=0)
2024-11-16 20:50:44.151 [traceId=] c.z.h.p.HikariPool - HikariPool-1 - Added connection com.mysql.cj.jdbc.ConnectionImpl@53316a08
2024-11-16 20:50:44.191 [traceId=] c.z.h.p.HikariPool - HikariPool-1 - After adding stats (total=54, active=0, idle=54, waiting=0)
2024-11-16 20:50:44.198 [traceId=] c.z.h.p.HikariPool - HikariPool-1 - Added connection com.mysql.cj.jdbc.ConnectionImpl@12cf5c18
2024-11-16 20:50:44.238 [traceId=] c.z.h.p.HikariPool - HikariPool-1 - After adding stats (total=55, active=0, idle=55, waiting=0)
2024-11-16 20:50:44.246 [traceId=] c.z.h.p.HikariPool - HikariPool-1 - Added connection com.mysql.cj.jdbc.ConnectionImpl@52e5feb6
2024-11-16 20:50:44.285 [traceId=] c.z.h.p.HikariPool - HikariPool-1 - After adding stats (total=56, active=0, idle=56, waiting=0)
2024-11-16 20:50:44.297 [traceId=] c.z.h.p.HikariPool - HikariPool-1 - Added connection com.mysql.cj.jdbc.ConnectionImpl@5062be04
2024-11-16 20:50:44.332 [traceId=] c.z.h.p.HikariPool - HikariPool-1 - After adding stats (total=57, active=0, idle=57, waiting=0)
2024-11-16 20:50:44.343 [traceId=] c.z.h.p.HikariPool - HikariPool-1 - Added connection com.mysql.cj.jdbc.ConnectionImpl@421acb9d
2024-11-16 20:50:44.379 [traceId=] c.z.h.p.HikariPool - HikariPool-1 - After adding stats (total=58, active=0, idle=58, waiting=0)
2024-11-16 20:50:44.398 [traceId=] c.z.h.p.HikariPool - HikariPool-1 - Added connection com.mysql.cj.jdbc.ConnectionImpl@172c1e35
2024-11-16 20:50:44.442 [traceId=] c.z.h.p.HikariPool - HikariPool-1 - After adding stats (total=59, active=0, idle=59, waiting=0)
2024-11-16 20:50:44.453 [traceId=] c.z.h.p.HikariPool - HikariPool-1 - Added connection com.mysql.cj.jdbc.ConnectionImpl@9e42a6
2024-11-16 20:50:44.490 [traceId=] c.z.h.p.HikariPool - HikariPool-1 - After adding stats (total=60, active=0, idle=60, waiting=0)
2024-11-16 20:50:44.497 [traceId=] c.z.h.p.HikariPool - HikariPool-1 - Added connection com.mysql.cj.jdbc.ConnectionImpl@7d021c0b
2024-11-16 20:50:44.537 [traceId=] c.z.h.p.HikariPool - HikariPool-1 - After adding stats (total=61, active=0, idle=61, waiting=0)
2024-11-16 20:50:44.543 [traceId=] c.z.h.p.HikariPool - HikariPool-1 - Added connection com.mysql.cj.jdbc.ConnectionImpl@7aee2641
2024-11-16 20:50:44.584 [traceId=] c.z.h.p.HikariPool - HikariPool-1 - After adding stats (total=62, active=0, idle=62, waiting=0)
2024-11-16 20:50:44.593 [traceId=] c.z.h.p.HikariPool - HikariPool-1 - Added connection com.mysql.cj.jdbc.ConnectionImpl@5eb689f7
2024-11-16 20:50:44.632 [traceId=] c.z.h.p.HikariPool - HikariPool-1 - After adding stats (total=63, active=0, idle=63, waiting=0)
2024-11-16 20:50:44.640 [traceId=] c.z.h.p.HikariPool - HikariPool-1 - Added connection com.mysql.cj.jdbc.ConnectionImpl@6334e8a3
2024-11-16 20:50:44.680 [traceId=] c.z.h.p.HikariPool - HikariPool-1 - After adding stats (total=64, active=0, idle=64, waiting=0)
2024-11-16 20:50:44.687 [traceId=] c.z.h.p.HikariPool - HikariPool-1 - Added connection com.mysql.cj.jdbc.ConnectionImpl@732a192a
2024-11-16 20:50:44.728 [traceId=] c.z.h.p.HikariPool - HikariPool-1 - After adding stats (total=65, active=0, idle=65, waiting=0)
2024-11-16 20:50:44.737 [traceId=] c.z.h.p.HikariPool - HikariPool-1 - Added connection com.mysql.cj.jdbc.ConnectionImpl@47b25c3b
2024-11-16 20:50:44.774 [traceId=] c.z.h.p.HikariPool - HikariPool-1 - After adding stats (total=66, active=0, idle=66, waiting=0)
2024-11-16 20:50:44.783 [traceId=] c.z.h.p.HikariPool - HikariPool-1 - Added connection com.mysql.cj.jdbc.ConnectionImpl@338ac976
2024-11-16 20:50:44.821 [traceId=] c.z.h.p.HikariPool - HikariPool-1 - After adding stats (total=67, active=0, idle=67, waiting=0)
2024-11-16 20:50:44.829 [traceId=] c.z.h.p.HikariPool - HikariPool-1 - Added connection com.mysql.cj.jdbc.ConnectionImpl@5b5e6be6
2024-11-16 20:50:44.868 [traceId=] c.z.h.p.HikariPool - HikariPool-1 - After adding stats (total=68, active=0, idle=68, waiting=0)
2024-11-16 20:50:44.876 [traceId=] c.z.h.p.HikariPool - HikariPool-1 - Added connection com.mysql.cj.jdbc.ConnectionImpl@7dfb1814
2024-11-16 20:50:44.915 [traceId=] c.z.h.p.HikariPool - HikariPool-1 - After adding stats (total=69, active=0, idle=69, waiting=0)
2024-11-16 20:50:44.922 [traceId=] c.z.h.p.HikariPool - HikariPool-1 - Added connection com.mysql.cj.jdbc.ConnectionImpl@1e2dc279
2024-11-16 20:50:44.961 [traceId=] c.z.h.p.HikariPool - HikariPool-1 - After adding stats (total=70, active=0, idle=70, waiting=0)
2024-11-16 20:50:44.967 [traceId=] c.z.h.p.HikariPool - HikariPool-1 - Added connection com.mysql.cj.jdbc.ConnectionImpl@5e113952
2024-11-16 20:50:45.008 [traceId=] c.z.h.p.HikariPool - HikariPool-1 - After adding stats (total=71, active=0, idle=71, waiting=0)
2024-11-16 20:50:45.015 [traceId=] c.z.h.p.HikariPool - HikariPool-1 - Added connection com.mysql.cj.jdbc.ConnectionImpl@3c39c557
2024-11-16 20:50:45.056 [traceId=] c.z.h.p.HikariPool - HikariPool-1 - After adding stats (total=72, active=0, idle=72, waiting=0)
2024-11-16 20:50:45.065 [traceId=] c.z.h.p.HikariPool - HikariPool-1 - Added connection com.mysql.cj.jdbc.ConnectionImpl@6d10d93a
2024-11-16 20:50:45.104 [traceId=] c.z.h.p.HikariPool - HikariPool-1 - After adding stats (total=73, active=0, idle=73, waiting=0)
2024-11-16 20:50:45.111 [traceId=] c.z.h.p.HikariPool - HikariPool-1 - Added connection com.mysql.cj.jdbc.ConnectionImpl@6c30336a
2024-11-16 20:50:45.152 [traceId=] c.z.h.p.HikariPool - HikariPool-1 - After adding stats (total=74, active=0, idle=74, waiting=0)
2024-11-16 20:50:45.161 [traceId=] c.z.h.p.HikariPool - HikariPool-1 - Added connection com.mysql.cj.jdbc.ConnectionImpl@58253c93
2024-11-16 20:50:45.199 [traceId=] c.z.h.p.HikariPool - HikariPool-1 - After adding stats (total=75, active=0, idle=75, waiting=0)
2024-11-16 20:50:45.206 [traceId=] c.z.h.p.HikariPool - HikariPool-1 - Added connection com.mysql.cj.jdbc.ConnectionImpl@21d2cd88
2024-11-16 20:50:45.247 [traceId=] c.z.h.p.HikariPool - HikariPool-1 - After adding stats (total=76, active=0, idle=76, waiting=0)
2024-11-16 20:50:45.256 [traceId=] c.z.h.p.HikariPool - HikariPool-1 - Added connection com.mysql.cj.jdbc.ConnectionImpl@5c2f029e
2024-11-16 20:50:45.294 [traceId=] c.z.h.p.HikariPool - HikariPool-1 - After adding stats (total=77, active=0, idle=77, waiting=0)
2024-11-16 20:50:45.308 [traceId=] c.z.h.p.HikariPool - HikariPool-1 - Added connection com.mysql.cj.jdbc.ConnectionImpl@7be4c1f
2024-11-16 20:50:45.342 [traceId=] c.z.h.p.HikariPool - HikariPool-1 - After adding stats (total=78, active=0, idle=78, waiting=0)
2024-11-16 20:50:45.351 [traceId=] c.z.h.p.HikariPool - HikariPool-1 - Added connection com.mysql.cj.jdbc.ConnectionImpl@75782200
2024-11-16 20:50:45.395 [traceId=] c.z.h.p.HikariPool - HikariPool-1 - After adding stats (total=79, active=0, idle=79, waiting=0)
2024-11-16 20:50:45.407 [traceId=] c.z.h.p.HikariPool - HikariPool-1 - Added connection com.mysql.cj.jdbc.ConnectionImpl@b273fc0
2024-11-16 20:50:45.451 [traceId=] c.z.h.p.HikariPool - HikariPool-1 - After adding stats (total=80, active=0, idle=80, waiting=0)
2024-11-16 20:50:45.460 [traceId=] c.z.h.p.HikariPool - HikariPool-1 - Added connection com.mysql.cj.jdbc.ConnectionImpl@51787413
2024-11-16 20:50:45.479 [traceId=] o.h.e.t.j.p.i.JtaPlatformInitiator - HHH000489: No JTA platform available (set 'hibernate.transaction.jta.platform' to enable JTA platform integration)
2024-11-16 20:50:45.498 [traceId=] c.z.h.p.HikariPool - HikariPool-1 - After adding stats (total=81, active=0, idle=81, waiting=0)
2024-11-16 20:50:45.517 [traceId=] c.z.h.p.HikariPool - HikariPool-1 - Added connection com.mysql.cj.jdbc.ConnectionImpl@7f56c244
2024-11-16 20:50:45.549 [traceId=] o.h.SQL - 
    alter table stop_over 
       drop 
       foreign key FKdq2y8aydtsokrmdkc6pfwsg5s
2024-11-16 20:50:45.549 [traceId=] o.h.SQL - 
    alter table stop_over 
       drop 
       foreign key FKdq2y8aydtsokrmdkc6pfwsg5s
2024-11-16 20:50:45.561 [traceId=] c.z.h.p.HikariPool - HikariPool-1 - After adding stats (total=82, active=1, idle=81, waiting=0)
2024-11-16 20:50:45.575 [traceId=] c.z.h.p.HikariPool - HikariPool-1 - Added connection com.mysql.cj.jdbc.ConnectionImpl@29e8d4aa
2024-11-16 20:50:45.611 [traceId=] c.z.h.p.HikariPool - HikariPool-1 - After adding stats (total=83, active=1, idle=82, waiting=0)
2024-11-16 20:50:45.667 [traceId=] o.h.t.s.i.ExceptionHandlerLoggedImpl - GenerationTarget encountered exception accepting command : Error executing DDL "
    alter table stop_over 
       drop 
       foreign key FKdq2y8aydtsokrmdkc6pfwsg5s" via JDBC [Table 'sendy_db.stop_over' doesn't exist]
org.hibernate.tool.schema.spi.CommandAcceptanceException: Error executing DDL "
    alter table stop_over 
       drop 
       foreign key FKdq2y8aydtsokrmdkc6pfwsg5s" via JDBC [Table 'sendy_db.stop_over' doesn't exist]
	at org.hibernate.tool.schema.internal.exec.GenerationTargetToDatabase.accept(GenerationTargetToDatabase.java:94)
	at org.hibernate.tool.schema.internal.Helper.applySqlString(Helper.java:233)
	at org.hibernate.tool.schema.internal.Helper.applySqlStrings(Helper.java:217)
	at org.hibernate.tool.schema.internal.SchemaDropperImpl.applyConstraintDropping(SchemaDropperImpl.java:476)
	at org.hibernate.tool.schema.internal.SchemaDropperImpl.dropConstraintsTablesSequences(SchemaDropperImpl.java:242)
	at org.hibernate.tool.schema.internal.SchemaDropperImpl.dropFromMetadata(SchemaDropperImpl.java:215)
	at org.hibernate.tool.schema.internal.SchemaDropperImpl.performDrop(SchemaDropperImpl.java:185)
	at org.hibernate.tool.schema.internal.SchemaDropperImpl.doDrop(SchemaDropperImpl.java:155)
	at org.hibernate.tool.schema.internal.SchemaDropperImpl.doDrop(SchemaDropperImpl.java:115)
	at org.hibernate.tool.schema.spi.SchemaManagementToolCoordinator.performDatabaseAction(SchemaManagementToolCoordinator.java:238)
	at org.hibernate.tool.schema.spi.SchemaManagementToolCoordinator.lambda$process$5(SchemaManagementToolCoordinator.java:144)
	at java.base/java.util.HashMap.forEach(HashMap.java:1429)
	at org.hibernate.tool.schema.spi.SchemaManagementToolCoordinator.process(SchemaManagementToolCoordinator.java:141)
	at org.hibernate.boot.internal.SessionFactoryObserverForSchemaExport.sessionFactoryCreated(SessionFactoryObserverForSchemaExport.java:37)
	at org.hibernate.internal.SessionFactoryObserverChain.sessionFactoryCreated(SessionFactoryObserverChain.java:35)
	at org.hibernate.internal.SessionFactoryImpl.<init>(SessionFactoryImpl.java:322)
	at org.hibernate.boot.internal.SessionFactoryBuilderImpl.build(SessionFactoryBuilderImpl.java:457)
	at org.hibernate.jpa.boot.internal.EntityManagerFactoryBuilderImpl.build(EntityManagerFactoryBuilderImpl.java:1506)
	at org.springframework.orm.jpa.vendor.SpringHibernateJpaPersistenceProvider.createContainerEntityManagerFactory(SpringHibernateJpaPersistenceProvider.java:75)
	at org.springframework.orm.jpa.LocalContainerEntityManagerFactoryBean.createNativeEntityManagerFactory(LocalContainerEntityManagerFactoryBean.java:390)
	at org.springframework.orm.jpa.AbstractEntityManagerFactoryBean.buildNativeEntityManagerFactory(AbstractEntityManagerFactoryBean.java:409)
	at org.springframework.orm.jpa.AbstractEntityManagerFactoryBean.afterPropertiesSet(AbstractEntityManagerFactoryBean.java:396)
	at org.springframework.orm.jpa.LocalContainerEntityManagerFactoryBean.afterPropertiesSet(LocalContainerEntityManagerFactoryBean.java:366)
	at org.springframework.beans.factory.support.AbstractAutowireCapableBeanFactory.invokeInitMethods(AbstractAutowireCapableBeanFactory.java:1853)
	at org.springframework.beans.factory.support.AbstractAutowireCapableBeanFactory.initializeBean(AbstractAutowireCapableBeanFactory.java:1802)
	at org.springframework.beans.factory.support.AbstractAutowireCapableBeanFactory.doCreateBean(AbstractAutowireCapableBeanFactory.java:600)
	at org.springframework.beans.factory.support.AbstractAutowireCapableBeanFactory.createBean(AbstractAutowireCapableBeanFactory.java:522)
	at org.springframework.beans.factory.support.AbstractBeanFactory.lambda$doGetBean$0(AbstractBeanFactory.java:337)
	at org.springframework.beans.factory.support.DefaultSingletonBeanRegistry.getSingleton(DefaultSingletonBeanRegistry.java:234)
	at org.springframework.beans.factory.support.AbstractBeanFactory.doGetBean(AbstractBeanFactory.java:335)
	at org.springframework.beans.factory.support.AbstractBeanFactory.getBean(AbstractBeanFactory.java:205)
	at org.springframework.context.support.AbstractApplicationContext.finishBeanFactoryInitialization(AbstractApplicationContext.java:954)
	at org.springframework.context.support.AbstractApplicationContext.refresh(AbstractApplicationContext.java:625)
	at org.springframework.boot.web.servlet.context.ServletWebServerApplicationContext.refresh(ServletWebServerApplicationContext.java:146)
	at org.springframework.boot.SpringApplication.refresh(SpringApplication.java:754)
	at org.springframework.boot.SpringApplication.refreshContext(SpringApplication.java:456)
	at org.springframework.boot.SpringApplication.run(SpringApplication.java:335)
	at org.springframework.boot.SpringApplication.run(SpringApplication.java:1363)
	at org.springframework.boot.SpringApplication.run(SpringApplication.java:1352)
	at com.example.AppStoreAdminApplication.main(AppStoreAdminApplication.java:13)
Caused by: java.sql.SQLSyntaxErrorException: Table 'sendy_db.stop_over' doesn't exist
	at com.mysql.cj.jdbc.exceptions.SQLError.createSQLException(SQLError.java:121)
	at com.mysql.cj.jdbc.exceptions.SQLExceptionsMapping.translateException(SQLExceptionsMapping.java:122)
	at com.mysql.cj.jdbc.StatementImpl.executeInternal(StatementImpl.java:770)
	at com.mysql.cj.jdbc.StatementImpl.execute(StatementImpl.java:653)
	at com.zaxxer.hikari.pool.ProxyStatement.execute(ProxyStatement.java:94)
	at com.zaxxer.hikari.pool.HikariProxyStatement.execute(HikariProxyStatement.java)
	at org.hibernate.tool.schema.internal.exec.GenerationTargetToDatabase.accept(GenerationTargetToDatabase.java:80)
	... 39 common frames omitted
2024-11-16 20:50:45.673 [traceId=] o.h.SQL - 
    drop table if exists completed_delivery
2024-11-16 20:50:45.673 [traceId=] o.h.SQL - 
    drop table if exists completed_delivery
2024-11-16 20:50:45.687 [traceId=] o.h.SQL - 
    drop table if exists deleted_delivery
2024-11-16 20:50:45.687 [traceId=] o.h.SQL - 
    drop table if exists deleted_delivery
2024-11-16 20:50:45.697 [traceId=] o.h.SQL - 
    drop table if exists delivery
2024-11-16 20:50:45.697 [traceId=] c.z.h.p.HikariPool - HikariPool-1 - Added connection com.mysql.cj.jdbc.ConnectionImpl@4414fe43
2024-11-16 20:50:45.697 [traceId=] o.h.SQL - 
    drop table if exists delivery
2024-11-16 20:50:45.703 [traceId=] o.h.SQL - 
    drop table if exists driver
2024-11-16 20:50:45.703 [traceId=] o.h.SQL - 
    drop table if exists driver
2024-11-16 20:50:45.708 [traceId=] o.h.SQL - 
    drop table if exists member
2024-11-16 20:50:45.708 [traceId=] o.h.SQL - 
    drop table if exists member
2024-11-16 20:50:45.713 [traceId=] o.h.SQL - 
    drop table if exists stop_over
2024-11-16 20:50:45.713 [traceId=] o.h.SQL - 
    drop table if exists stop_over
2024-11-16 20:50:45.719 [traceId=] o.h.SQL - 
    drop table if exists wallet
2024-11-16 20:50:45.719 [traceId=] o.h.SQL - 
    drop table if exists wallet
2024-11-16 20:50:45.734 [traceId=] c.z.h.p.HikariPool - HikariPool-1 - After adding stats (total=84, active=0, idle=84, waiting=0)
2024-11-16 20:50:45.748 [traceId=] o.h.SQL - 
    create table completed_delivery (
        delivery_fee decimal(38,2) not null,
        drop_latitude float(53),
        drop_longitude float(53),
        pick_up_latitude float(53),
        pick_up_longitude float(53),
        created_at datetime(6),
        delivery_date datetime(6) not null,
        driver_id bigint,
        id bigint not null auto_increment,
        member_id bigint not null,
        updated_at datetime(6),
        created_by varchar(255),
        delivery_options varchar(255),
        drop_address varchar(255),
        idempotency_key varchar(255),
        modified_by varchar(255),
        pick_up_address varchar(255),
        reservation_number varchar(255) not null,
        delivery_personal_category enum ('PERSONAL_GENERAL_CARGO','PERSONAL_MINI_CARGO','PERSONAL_MOVING_CARGO'),
        delivery_status enum ('ASSIGNMENT_COMPLETED','ASSIGNMENT_PENDING','CANCELED','DELIVERING','DELIVERY_COMPLETED','PAYMENT_PENDING'),
        delivery_type enum ('BUSINESS','PERSONAL'),
        vehicle_type enum ('CARGO','FREEZER','LIFT','REFRIGERATED','TOP_CAR','WATERPROOF_COVER','WING_BODY'),
        vehicle_weight enum ('DAMAS','FIVE_TON','ONE_TON','RAMBO','THREE_TON'),
        primary key (id)
    ) engine=InnoDB
2024-11-16 20:50:45.748 [traceId=] o.h.SQL - 
    create table completed_delivery (
        delivery_fee decimal(38,2) not null,
        drop_latitude float(53),
        drop_longitude float(53),
        pick_up_latitude float(53),
        pick_up_longitude float(53),
        created_at datetime(6),
        delivery_date datetime(6) not null,
        driver_id bigint,
        id bigint not null auto_increment,
        member_id bigint not null,
        updated_at datetime(6),
        created_by varchar(255),
        delivery_options varchar(255),
        drop_address varchar(255),
        idempotency_key varchar(255),
        modified_by varchar(255),
        pick_up_address varchar(255),
        reservation_number varchar(255) not null,
        delivery_personal_category enum ('PERSONAL_GENERAL_CARGO','PERSONAL_MINI_CARGO','PERSONAL_MOVING_CARGO'),
        delivery_status enum ('ASSIGNMENT_COMPLETED','ASSIGNMENT_PENDING','CANCELED','DELIVERING','DELIVERY_COMPLETED','PAYMENT_PENDING'),
        delivery_type enum ('BUSINESS','PERSONAL'),
        vehicle_type enum ('CARGO','FREEZER','LIFT','REFRIGERATED','TOP_CAR','WATERPROOF_COVER','WING_BODY'),
        vehicle_weight enum ('DAMAS','FIVE_TON','ONE_TON','RAMBO','THREE_TON'),
        primary key (id)
    ) engine=InnoDB
2024-11-16 20:50:45.755 [traceId=] c.z.h.p.HikariPool - HikariPool-1 - Added connection com.mysql.cj.jdbc.ConnectionImpl@781c6a5
2024-11-16 20:50:45.797 [traceId=] c.z.h.p.HikariPool - HikariPool-1 - After adding stats (total=85, active=1, idle=84, waiting=0)
2024-11-16 20:50:45.838 [traceId=] c.z.h.p.HikariPool - HikariPool-1 - Added connection com.mysql.cj.jdbc.ConnectionImpl@239064cd
2024-11-16 20:50:45.874 [traceId=] c.z.h.p.HikariPool - HikariPool-1 - After adding stats (total=86, active=1, idle=85, waiting=0)
2024-11-16 20:50:45.927 [traceId=] c.z.h.p.HikariPool - HikariPool-1 - Added connection com.mysql.cj.jdbc.ConnectionImpl@5a6afd6b
2024-11-16 20:50:45.969 [traceId=] c.z.h.p.HikariPool - HikariPool-1 - After adding stats (total=87, active=1, idle=86, waiting=0)
2024-11-16 20:50:45.985 [traceId=] c.z.h.p.HikariPool - HikariPool-1 - Added connection com.mysql.cj.jdbc.ConnectionImpl@1161901f
2024-11-16 20:50:46.006 [traceId=] o.h.SQL - 
    create table deleted_delivery (
        delivery_fee decimal(38,2) not null,
        drop_latitude float(53),
        drop_longitude float(53),
        pick_up_latitude float(53),
        pick_up_longitude float(53),
        created_at datetime(6),
        delivery_date datetime(6) not null,
        driver_id bigint,
        id bigint not null auto_increment,
        member_id bigint not null,
        updated_at datetime(6),
        created_by varchar(255),
        delivery_options varchar(255),
        drop_address varchar(255),
        idempotency_key varchar(255),
        modified_by varchar(255),
        pick_up_address varchar(255),
        reservation_number varchar(255) not null,
        delivery_personal_category enum ('PERSONAL_GENERAL_CARGO','PERSONAL_MINI_CARGO','PERSONAL_MOVING_CARGO'),
        delivery_status enum ('ASSIGNMENT_COMPLETED','ASSIGNMENT_PENDING','CANCELED','DELIVERING','DELIVERY_COMPLETED','PAYMENT_PENDING'),
        delivery_type enum ('BUSINESS','PERSONAL'),
        vehicle_type enum ('CARGO','FREEZER','LIFT','REFRIGERATED','TOP_CAR','WATERPROOF_COVER','WING_BODY'),
        vehicle_weight enum ('DAMAS','FIVE_TON','ONE_TON','RAMBO','THREE_TON'),
        primary key (id)
    ) engine=InnoDB
2024-11-16 20:50:46.006 [traceId=] o.h.SQL - 
    create table deleted_delivery (
        delivery_fee decimal(38,2) not null,
        drop_latitude float(53),
        drop_longitude float(53),
        pick_up_latitude float(53),
        pick_up_longitude float(53),
        created_at datetime(6),
        delivery_date datetime(6) not null,
        driver_id bigint,
        id bigint not null auto_increment,
        member_id bigint not null,
        updated_at datetime(6),
        created_by varchar(255),
        delivery_options varchar(255),
        drop_address varchar(255),
        idempotency_key varchar(255),
        modified_by varchar(255),
        pick_up_address varchar(255),
        reservation_number varchar(255) not null,
        delivery_personal_category enum ('PERSONAL_GENERAL_CARGO','PERSONAL_MINI_CARGO','PERSONAL_MOVING_CARGO'),
        delivery_status enum ('ASSIGNMENT_COMPLETED','ASSIGNMENT_PENDING','CANCELED','DELIVERING','DELIVERY_COMPLETED','PAYMENT_PENDING'),
        delivery_type enum ('BUSINESS','PERSONAL'),
        vehicle_type enum ('CARGO','FREEZER','LIFT','REFRIGERATED','TOP_CAR','WATERPROOF_COVER','WING_BODY'),
        vehicle_weight enum ('DAMAS','FIVE_TON','ONE_TON','RAMBO','THREE_TON'),
        primary key (id)
    ) engine=InnoDB
2024-11-16 20:50:46.016 [traceId=] c.z.h.p.HikariPool - HikariPool-1 - After adding stats (total=88, active=1, idle=87, waiting=0)
2024-11-16 20:50:46.022 [traceId=] c.z.h.p.HikariPool - HikariPool-1 - Added connection com.mysql.cj.jdbc.ConnectionImpl@723ee92c
2024-11-16 20:50:46.033 [traceId=] o.h.SQL - 
    create table delivery (
        delivery_fee decimal(38,2) not null,
        drop_latitude float(53),
        drop_longitude float(53),
        pick_up_latitude float(53),
        pick_up_longitude float(53),
        created_at datetime(6),
        delivery_date datetime(6) not null,
        driver_id bigint,
        id bigint not null auto_increment,
        member_id bigint not null,
        updated_at datetime(6),
        created_by varchar(255),
        deleted varchar(255),
        delivery_options varchar(255),
        drop_address varchar(255),
        idempotency_key varchar(255),
        modified_by varchar(255),
        pick_up_address varchar(255),
        reservation_number varchar(255) not null,
        delivery_personal_category enum ('PERSONAL_GENERAL_CARGO','PERSONAL_MINI_CARGO','PERSONAL_MOVING_CARGO'),
        delivery_status enum ('ASSIGNMENT_COMPLETED','ASSIGNMENT_PENDING','CANCELED','DELIVERING','DELIVERY_COMPLETED','PAYMENT_PENDING'),
        delivery_type enum ('BUSINESS','PERSONAL'),
        vehicle_type enum ('CARGO','FREEZER','LIFT','REFRIGERATED','TOP_CAR','WATERPROOF_COVER','WING_BODY'),
        vehicle_weight enum ('DAMAS','FIVE_TON','ONE_TON','RAMBO','THREE_TON'),
        primary key (id)
    ) engine=InnoDB
2024-11-16 20:50:46.033 [traceId=] o.h.SQL - 
    create table delivery (
        delivery_fee decimal(38,2) not null,
        drop_latitude float(53),
        drop_longitude float(53),
        pick_up_latitude float(53),
        pick_up_longitude float(53),
        created_at datetime(6),
        delivery_date datetime(6) not null,
        driver_id bigint,
        id bigint not null auto_increment,
        member_id bigint not null,
        updated_at datetime(6),
        created_by varchar(255),
        deleted varchar(255),
        delivery_options varchar(255),
        drop_address varchar(255),
        idempotency_key varchar(255),
        modified_by varchar(255),
        pick_up_address varchar(255),
        reservation_number varchar(255) not null,
        delivery_personal_category enum ('PERSONAL_GENERAL_CARGO','PERSONAL_MINI_CARGO','PERSONAL_MOVING_CARGO'),
        delivery_status enum ('ASSIGNMENT_COMPLETED','ASSIGNMENT_PENDING','CANCELED','DELIVERING','DELIVERY_COMPLETED','PAYMENT_PENDING'),
        delivery_type enum ('BUSINESS','PERSONAL'),
        vehicle_type enum ('CARGO','FREEZER','LIFT','REFRIGERATED','TOP_CAR','WATERPROOF_COVER','WING_BODY'),
        vehicle_weight enum ('DAMAS','FIVE_TON','ONE_TON','RAMBO','THREE_TON'),
        primary key (id)
    ) engine=InnoDB
2024-11-16 20:50:46.061 [traceId=] o.h.SQL - 
    create table driver (
        balance decimal(38,2),
        created_at datetime(6),
        id bigint not null auto_increment,
        updated_at datetime(6),
        created_by varchar(255),
        driver_name varchar(255) not null,
        image_url varchar(255),
        modified_by varchar(255),
        password varchar(255) not null,
        roles enum ('ADMIN','DRIVER','USER'),
        vehicle_type enum ('CARGO','FREEZER','LIFT','REFRIGERATED','TOP_CAR','WATERPROOF_COVER','WING_BODY'),
        vehicle_weight enum ('DAMAS','FIVE_TON','ONE_TON','RAMBO','THREE_TON'),
        primary key (id)
    ) engine=InnoDB
2024-11-16 20:50:46.061 [traceId=] o.h.SQL - 
    create table driver (
        balance decimal(38,2),
        created_at datetime(6),
        id bigint not null auto_increment,
        updated_at datetime(6),
        created_by varchar(255),
        driver_name varchar(255) not null,
        image_url varchar(255),
        modified_by varchar(255),
        password varchar(255) not null,
        roles enum ('ADMIN','DRIVER','USER'),
        vehicle_type enum ('CARGO','FREEZER','LIFT','REFRIGERATED','TOP_CAR','WATERPROOF_COVER','WING_BODY'),
        vehicle_weight enum ('DAMAS','FIVE_TON','ONE_TON','RAMBO','THREE_TON'),
        primary key (id)
    ) engine=InnoDB
2024-11-16 20:50:46.062 [traceId=] c.z.h.p.HikariPool - HikariPool-1 - After adding stats (total=89, active=1, idle=88, waiting=0)
2024-11-16 20:50:46.071 [traceId=] c.z.h.p.HikariPool - HikariPool-1 - Added connection com.mysql.cj.jdbc.ConnectionImpl@675a4d04
2024-11-16 20:50:46.093 [traceId=] o.h.SQL - 
    create table member (
        created_at datetime(6),
        id bigint not null auto_increment,
        provide_id bigint,
        updated_at datetime(6),
        created_by varchar(255),
        email varchar(255),
        member_name varchar(255) not null,
        modified_by varchar(255),
        password varchar(255),
        provider enum ('KAKAO'),
        roles enum ('ADMIN','DRIVER','USER'),
        primary key (id)
    ) engine=InnoDB
2024-11-16 20:50:46.093 [traceId=] o.h.SQL - 
    create table member (
        created_at datetime(6),
        id bigint not null auto_increment,
        provide_id bigint,
        updated_at datetime(6),
        created_by varchar(255),
        email varchar(255),
        member_name varchar(255) not null,
        modified_by varchar(255),
        password varchar(255),
        provider enum ('KAKAO'),
        roles enum ('ADMIN','DRIVER','USER'),
        primary key (id)
    ) engine=InnoDB
2024-11-16 20:50:46.110 [traceId=] c.z.h.p.HikariPool - HikariPool-1 - After adding stats (total=90, active=1, idle=89, waiting=0)
2024-11-16 20:50:46.118 [traceId=] c.z.h.p.HikariPool - HikariPool-1 - Added connection com.mysql.cj.jdbc.ConnectionImpl@be36e7e
2024-11-16 20:50:46.125 [traceId=] o.h.SQL - 
    create table stop_over (
        drop_latitude float(53),
        drop_longitude float(53),
        pick_up_latitude float(53),
        pick_up_longitude float(53),
        delivery_id bigint,
        id bigint not null auto_increment,
        drop_address varchar(255),
        pick_up_address varchar(255),
        primary key (id)
    ) engine=InnoDB
2024-11-16 20:50:46.125 [traceId=] o.h.SQL - 
    create table stop_over (
        drop_latitude float(53),
        drop_longitude float(53),
        pick_up_latitude float(53),
        pick_up_longitude float(53),
        delivery_id bigint,
        id bigint not null auto_increment,
        drop_address varchar(255),
        pick_up_address varchar(255),
        primary key (id)
    ) engine=InnoDB
2024-11-16 20:50:46.148 [traceId=] o.h.SQL - 
    create table wallet (
        balance decimal(38,2),
        created_at datetime(6),
        id bigint not null auto_increment,
        member_id bigint not null,
        updated_at datetime(6),
        charge_idempotency_key varchar(255),
        created_by varchar(255),
        modified_by varchar(255),
        payment_idempotency_key varchar(255),
        card_company enum ('HANA','IBK','KB','LOTTE','NH','SAMSUNG','SHINHAN','WOORI'),
        primary key (id)
    ) engine=InnoDB
2024-11-16 20:50:46.148 [traceId=] o.h.SQL - 
    create table wallet (
        balance decimal(38,2),
        created_at datetime(6),
        id bigint not null auto_increment,
        member_id bigint not null,
        updated_at datetime(6),
        charge_idempotency_key varchar(255),
        created_by varchar(255),
        modified_by varchar(255),
        payment_idempotency_key varchar(255),
        card_company enum ('HANA','IBK','KB','LOTTE','NH','SAMSUNG','SHINHAN','WOORI'),
        primary key (id)
    ) engine=InnoDB
2024-11-16 20:50:46.156 [traceId=] c.z.h.p.HikariPool - HikariPool-1 - After adding stats (total=91, active=1, idle=90, waiting=0)
2024-11-16 20:50:46.170 [traceId=] c.z.h.p.HikariPool - HikariPool-1 - Added connection com.mysql.cj.jdbc.ConnectionImpl@7257b445
2024-11-16 20:50:46.176 [traceId=] o.h.SQL - 
    alter table completed_delivery 
       add constraint UKr2f5bdu9jn2ijtmet18kgumxw unique (idempotency_key)
2024-11-16 20:50:46.176 [traceId=] o.h.SQL - 
    alter table completed_delivery 
       add constraint UKr2f5bdu9jn2ijtmet18kgumxw unique (idempotency_key)
2024-11-16 20:50:46.203 [traceId=] c.z.h.p.HikariPool - HikariPool-1 - After adding stats (total=92, active=1, idle=91, waiting=0)
2024-11-16 20:50:46.210 [traceId=] c.z.h.p.HikariPool - HikariPool-1 - Added connection com.mysql.cj.jdbc.ConnectionImpl@604c6a26
2024-11-16 20:50:46.218 [traceId=] o.h.SQL - 
    alter table completed_delivery 
       add constraint UKodouf9q00ewymmycjeljjp14y unique (reservation_number)
2024-11-16 20:50:46.218 [traceId=] o.h.SQL - 
    alter table completed_delivery 
       add constraint UKodouf9q00ewymmycjeljjp14y unique (reservation_number)
2024-11-16 20:50:46.251 [traceId=] c.z.h.p.HikariPool - HikariPool-1 - After adding stats (total=93, active=1, idle=92, waiting=0)
2024-11-16 20:50:46.251 [traceId=] o.h.SQL - 
    alter table deleted_delivery 
       add constraint UKk80obo5prwt2xwq37tecvbkm0 unique (idempotency_key)
2024-11-16 20:50:46.251 [traceId=] o.h.SQL - 
    alter table deleted_delivery 
       add constraint UKk80obo5prwt2xwq37tecvbkm0 unique (idempotency_key)
2024-11-16 20:50:46.264 [traceId=] c.z.h.p.HikariPool - HikariPool-1 - Added connection com.mysql.cj.jdbc.ConnectionImpl@6f7806eb
2024-11-16 20:50:46.289 [traceId=] o.h.SQL - 
    alter table deleted_delivery 
       add constraint UKhwf1yui1blsqy772obn6m30ve unique (reservation_number)
2024-11-16 20:50:46.289 [traceId=] o.h.SQL - 
    alter table deleted_delivery 
       add constraint UKhwf1yui1blsqy772obn6m30ve unique (reservation_number)
2024-11-16 20:50:46.298 [traceId=] c.z.h.p.HikariPool - HikariPool-1 - After adding stats (total=94, active=1, idle=93, waiting=0)
2024-11-16 20:50:46.308 [traceId=] c.z.h.p.HikariPool - HikariPool-1 - Added connection com.mysql.cj.jdbc.ConnectionImpl@7fef4bab
2024-11-16 20:50:46.319 [traceId=] o.h.SQL - 
    create index idx_member_delivery_status 
       on delivery (member_id, delivery_status)
2024-11-16 20:50:46.319 [traceId=] o.h.SQL - 
    create index idx_member_delivery_status 
       on delivery (member_id, delivery_status)
2024-11-16 20:50:46.344 [traceId=] c.z.h.p.HikariPool - HikariPool-1 - After adding stats (total=95, active=1, idle=94, waiting=0)
2024-11-16 20:50:46.353 [traceId=] c.z.h.p.HikariPool - HikariPool-1 - Added connection com.mysql.cj.jdbc.ConnectionImpl@63a7fc7a
2024-11-16 20:50:46.355 [traceId=] o.h.SQL - 
    alter table delivery 
       add constraint UKi6o4mhewb8ghmsa3rjb6coedx unique (idempotency_key)
2024-11-16 20:50:46.355 [traceId=] o.h.SQL - 
    alter table delivery 
       add constraint UKi6o4mhewb8ghmsa3rjb6coedx unique (idempotency_key)
2024-11-16 20:50:46.386 [traceId=] o.h.SQL - 
    alter table delivery 
       add constraint UK1j31usbo3r8x93ruaspoijpk0 unique (reservation_number)
2024-11-16 20:50:46.386 [traceId=] o.h.SQL - 
    alter table delivery 
       add constraint UK1j31usbo3r8x93ruaspoijpk0 unique (reservation_number)
2024-11-16 20:50:46.390 [traceId=] c.z.h.p.HikariPool - HikariPool-1 - After adding stats (total=96, active=1, idle=95, waiting=0)
2024-11-16 20:50:46.399 [traceId=] c.z.h.p.HikariPool - HikariPool-1 - Added connection com.mysql.cj.jdbc.ConnectionImpl@120fe343
2024-11-16 20:50:46.437 [traceId=] c.z.h.p.HikariPool - HikariPool-1 - After adding stats (total=97, active=1, idle=96, waiting=0)
2024-11-16 20:50:46.445 [traceId=] o.h.SQL - 
    alter table member 
       add constraint UKmbmcqelty0fbrvxp1q58dn57t unique (email)
2024-11-16 20:50:46.445 [traceId=] c.z.h.p.HikariPool - HikariPool-1 - Added connection com.mysql.cj.jdbc.ConnectionImpl@3d813cec
2024-11-16 20:50:46.445 [traceId=] o.h.SQL - 
    alter table member 
       add constraint UKmbmcqelty0fbrvxp1q58dn57t unique (email)
2024-11-16 20:50:46.481 [traceId=] o.h.SQL - 
    alter table member 
       add constraint UKgwo2bqx6j18klv1e8ql503n61 unique (member_name)
2024-11-16 20:50:46.481 [traceId=] o.h.SQL - 
    alter table member 
       add constraint UKgwo2bqx6j18klv1e8ql503n61 unique (member_name)
2024-11-16 20:50:46.484 [traceId=] c.z.h.p.HikariPool - HikariPool-1 - After adding stats (total=98, active=1, idle=97, waiting=0)
2024-11-16 20:50:46.491 [traceId=] c.z.h.p.HikariPool - HikariPool-1 - Added connection com.mysql.cj.jdbc.ConnectionImpl@59450d5
2024-11-16 20:50:46.502 [traceId=] o.h.SQL - 
    alter table wallet 
       add constraint UK44t2h5lxmy9p1e0l5ypylke7f unique (charge_idempotency_key)
2024-11-16 20:50:46.502 [traceId=] o.h.SQL - 
    alter table wallet 
       add constraint UK44t2h5lxmy9p1e0l5ypylke7f unique (charge_idempotency_key)
2024-11-16 20:50:46.524 [traceId=] o.h.SQL - 
    alter table wallet 
       add constraint UKidk6oma9we7wo72o8m9w4fsea unique (payment_idempotency_key)
2024-11-16 20:50:46.524 [traceId=] o.h.SQL - 
    alter table wallet 
       add constraint UKidk6oma9we7wo72o8m9w4fsea unique (payment_idempotency_key)
2024-11-16 20:50:46.530 [traceId=] c.z.h.p.HikariPool - HikariPool-1 - After adding stats (total=99, active=1, idle=98, waiting=0)
2024-11-16 20:50:46.537 [traceId=] c.z.h.p.HikariPool - HikariPool-1 - Added connection com.mysql.cj.jdbc.ConnectionImpl@1a303202
2024-11-16 20:50:46.547 [traceId=] o.h.SQL - 
    alter table stop_over 
       add constraint FKdq2y8aydtsokrmdkc6pfwsg5s 
       foreign key (delivery_id) 
       references delivery (id)
2024-11-16 20:50:46.547 [traceId=] o.h.SQL - 
    alter table stop_over 
       add constraint FKdq2y8aydtsokrmdkc6pfwsg5s 
       foreign key (delivery_id) 
       references delivery (id)
2024-11-16 20:50:46.577 [traceId=] c.z.h.p.HikariPool - HikariPool-1 - After adding stats (total=100, active=1, idle=99, waiting=0)
2024-11-16 20:50:46.577 [traceId=] c.z.h.p.HikariPool - HikariPool-1 - Connection not added, stats (total=100, active=1, idle=99, waiting=0)
2024-11-16 20:50:46.675 [traceId=] o.s.o.j.LocalContainerEntityManagerFactoryBean - Initialized JPA EntityManagerFactory for persistence unit 'default'
2024-11-16 20:50:49.180 [traceId=] o.s.d.j.r.q.QueryEnhancerFactory - Hibernate is in classpath; If applicable, HQL parser will be used.
2024-11-16 20:50:51.825 [traceId=] o.s.s.c.a.a.c.InitializeUserDetailsBeanManagerConfigurer$InitializeUserDetailsManagerConfigurer - Global AuthenticationManager configured with UserDetailsService bean with name userDetailsServiceImpl
2024-11-16 20:50:52.564 [traceId=] o.r.Version - Redisson 3.18.0
2024-11-16 20:50:53.191 [traceId=] o.r.c.p.MasterPubSubConnectionPool - 1 connections initialized for localhost/127.0.0.1:6379
2024-11-16 20:50:53.292 [traceId=] o.r.c.p.MasterConnectionPool - 64 connections initialized for localhost/127.0.0.1:6379
2024-11-16 20:50:54.860 [traceId=] o.s.w.s.m.m.a.RequestMappingHandlerMapping - 22 mappings in 'requestMappingHandlerMapping'
2024-11-16 20:50:55.187 [traceId=] o.s.w.s.h.SimpleUrlHandlerMapping - Patterns [/webjars/**, /**] in 'resourceHandlerMapping'
2024-11-16 20:50:55.620 [traceId=] o.s.b.a.e.w.EndpointLinksResolver - Exposing 1 endpoint beneath base path '/actuator'
2024-11-16 20:50:56.277 [traceId=] o.s.w.s.m.m.a.RequestMappingHandlerAdapter - ControllerAdvice beans: 0 @ModelAttribute, 0 @InitBinder, 1 RequestBodyAdvice, 1 ResponseBodyAdvice
2024-11-16 20:50:56.372 [traceId=] o.s.w.s.m.m.a.ExceptionHandlerExceptionResolver - ControllerAdvice beans: 1 @ExceptionHandler, 1 ResponseBodyAdvice
2024-11-16 20:50:57.777 [traceId=] o.a.c.h.Http11NioProtocol - Starting ProtocolHandler ["http-nio-8080"]
2024-11-16 20:50:57.799 [traceId=] o.s.b.w.e.t.TomcatWebServer - Tomcat started on port 8080 (http) with context path '/'
2024-11-16 20:50:57.820 [traceId=] c.e.AppStoreAdminApplication - Started AppStoreAdminApplication in 28.305 seconds (process running for 30.041)
2024-11-16 20:50:58.517 [traceId=] o.a.c.c.C.[.[.[/] - Initializing Spring DispatcherServlet 'dispatcherServlet'
2024-11-16 20:50:58.518 [traceId=] o.s.w.s.DispatcherServlet - Initializing Servlet 'dispatcherServlet'
2024-11-16 20:50:58.518 [traceId=] o.s.w.s.DispatcherServlet - Detected StandardServletMultipartResolver
2024-11-16 20:50:58.518 [traceId=] o.s.w.s.DispatcherServlet - Detected AcceptHeaderLocaleResolver
2024-11-16 20:50:58.518 [traceId=] o.s.w.s.DispatcherServlet - Detected FixedThemeResolver
2024-11-16 20:50:58.521 [traceId=] o.s.w.s.DispatcherServlet - Detected org.springframework.web.servlet.view.DefaultRequestToViewNameTranslator@655e2908
2024-11-16 20:50:58.522 [traceId=] o.s.w.s.DispatcherServlet - Detected org.springframework.web.servlet.support.SessionFlashMapManager@1ad98afc
2024-11-16 20:50:58.522 [traceId=] o.s.w.s.DispatcherServlet - enableLoggingRequestDetails='false': request parameters and headers will be masked to prevent unsafe logging of potentially sensitive data
2024-11-16 20:50:58.522 [traceId=] o.s.w.s.DispatcherServlet - Completed initialization in 4 ms
