2024-11-06 13:45:14.843 [traceId=] o.s.o.j.LocalContainerEntityManagerFactoryBean - Closing JPA EntityManagerFactory for persistence unit 'default'
2024-11-06 13:45:14.862 [traceId=] o.h.SQL - 
    alter table stop_over 
       drop 
       foreign key FKdq2y8aydtsokrmdkc6pfwsg5s
2024-11-06 13:45:14.862 [traceId=] o.h.SQL - 
    alter table stop_over 
       drop 
       foreign key FKdq2y8aydtsokrmdkc6pfwsg5s
2024-11-06 13:45:14.912 [traceId=] o.h.SQL - 
    drop table if exists delivery
2024-11-06 13:45:14.912 [traceId=] o.h.SQL - 
    drop table if exists delivery
2024-11-06 13:45:14.943 [traceId=] o.h.SQL - 
    drop table if exists driver
2024-11-06 13:45:14.943 [traceId=] o.h.SQL - 
    drop table if exists driver
2024-11-06 13:45:14.969 [traceId=] o.h.SQL - 
    drop table if exists member
2024-11-06 13:45:14.969 [traceId=] o.h.SQL - 
    drop table if exists member
2024-11-06 13:45:15.006 [traceId=] o.h.SQL - 
    drop table if exists stop_over
2024-11-06 13:45:15.006 [traceId=] o.h.SQL - 
    drop table if exists stop_over
2024-11-06 13:45:15.031 [traceId=] o.h.SQL - 
    drop table if exists wallet
2024-11-06 13:45:15.031 [traceId=] o.h.SQL - 
    drop table if exists wallet
2024-11-06 13:45:15.076 [traceId=] c.z.h.HikariDataSource - HikariPool-1 - Shutdown initiated...
2024-11-06 13:45:15.076 [traceId=] c.z.h.p.HikariPool - HikariPool-1 - Before shutdown stats (total=100, active=0, idle=100, waiting=0)
2024-11-06 13:45:15.081 [traceId=] c.z.h.p.PoolBase - HikariPool-1 - Closing connection com.mysql.cj.jdbc.ConnectionImpl@3c717ef2: (connection evicted)
2024-11-06 13:45:15.105 [traceId=] c.z.h.p.PoolBase - HikariPool-1 - Closing connection com.mysql.cj.jdbc.ConnectionImpl@4cc46576: (connection evicted)
2024-11-06 13:45:15.107 [traceId=] c.z.h.p.PoolBase - HikariPool-1 - Closing connection com.mysql.cj.jdbc.ConnectionImpl@df96f4d: (connection evicted)
2024-11-06 13:45:15.108 [traceId=] c.z.h.p.PoolBase - HikariPool-1 - Closing connection com.mysql.cj.jdbc.ConnectionImpl@3c3e64d3: (connection evicted)
2024-11-06 13:45:15.110 [traceId=] c.z.h.p.PoolBase - HikariPool-1 - Closing connection com.mysql.cj.jdbc.ConnectionImpl@6dd69002: (connection evicted)
2024-11-06 13:45:15.110 [traceId=] c.z.h.p.PoolBase - HikariPool-1 - Closing connection com.mysql.cj.jdbc.ConnectionImpl@33e92e1: (connection evicted)
2024-11-06 13:45:15.111 [traceId=] c.z.h.p.PoolBase - HikariPool-1 - Closing connection com.mysql.cj.jdbc.ConnectionImpl@6998896d: (connection evicted)
2024-11-06 13:45:15.112 [traceId=] c.z.h.p.PoolBase - HikariPool-1 - Closing connection com.mysql.cj.jdbc.ConnectionImpl@19524e40: (connection evicted)
2024-11-06 13:45:15.112 [traceId=] c.z.h.p.PoolBase - HikariPool-1 - Closing connection com.mysql.cj.jdbc.ConnectionImpl@3efe845a: (connection evicted)
2024-11-06 13:45:15.113 [traceId=] c.z.h.p.PoolBase - HikariPool-1 - Closing connection com.mysql.cj.jdbc.ConnectionImpl@38d3402e: (connection evicted)
2024-11-06 13:45:15.113 [traceId=] c.z.h.p.PoolBase - HikariPool-1 - Closing connection com.mysql.cj.jdbc.ConnectionImpl@64766b44: (connection evicted)
2024-11-06 13:45:15.113 [traceId=] c.z.h.p.PoolBase - HikariPool-1 - Closing connection com.mysql.cj.jdbc.ConnectionImpl@34ce7d8c: (connection evicted)
2024-11-06 13:45:15.114 [traceId=] c.z.h.p.PoolBase - HikariPool-1 - Closing connection com.mysql.cj.jdbc.ConnectionImpl@4a481dec: (connection evicted)
2024-11-06 13:45:15.114 [traceId=] c.z.h.p.PoolBase - HikariPool-1 - Closing connection com.mysql.cj.jdbc.ConnectionImpl@6f1bdf5b: (connection evicted)
2024-11-06 13:45:15.115 [traceId=] c.z.h.p.PoolBase - HikariPool-1 - Closing connection com.mysql.cj.jdbc.ConnectionImpl@63493d81: (connection evicted)
2024-11-06 13:45:15.115 [traceId=] c.z.h.p.PoolBase - HikariPool-1 - Closing connection com.mysql.cj.jdbc.ConnectionImpl@d16dd34: (connection evicted)
2024-11-06 13:45:15.116 [traceId=] c.z.h.p.PoolBase - HikariPool-1 - Closing connection com.mysql.cj.jdbc.ConnectionImpl@69e2fbe9: (connection evicted)
2024-11-06 13:45:15.116 [traceId=] c.z.h.p.PoolBase - HikariPool-1 - Closing connection com.mysql.cj.jdbc.ConnectionImpl@5f0a6559: (connection evicted)
2024-11-06 13:45:15.117 [traceId=] c.z.h.p.PoolBase - HikariPool-1 - Closing connection com.mysql.cj.jdbc.ConnectionImpl@915795b: (connection evicted)
2024-11-06 13:45:15.118 [traceId=] c.z.h.p.PoolBase - HikariPool-1 - Closing connection com.mysql.cj.jdbc.ConnectionImpl@16b8c7f5: (connection evicted)
2024-11-06 13:45:15.118 [traceId=] c.z.h.p.PoolBase - HikariPool-1 - Closing connection com.mysql.cj.jdbc.ConnectionImpl@749c99ce: (connection evicted)
2024-11-06 13:45:15.119 [traceId=] c.z.h.p.PoolBase - HikariPool-1 - Closing connection com.mysql.cj.jdbc.ConnectionImpl@1c2de9ca: (connection evicted)
2024-11-06 13:45:15.120 [traceId=] c.z.h.p.PoolBase - HikariPool-1 - Closing connection com.mysql.cj.jdbc.ConnectionImpl@55b87a12: (connection evicted)
2024-11-06 13:45:15.121 [traceId=] c.z.h.p.PoolBase - HikariPool-1 - Closing connection com.mysql.cj.jdbc.ConnectionImpl@3a887f5a: (connection evicted)
2024-11-06 13:45:15.121 [traceId=] c.z.h.p.PoolBase - HikariPool-1 - Closing connection com.mysql.cj.jdbc.ConnectionImpl@3f53c055: (connection evicted)
2024-11-06 13:45:15.122 [traceId=] c.z.h.p.PoolBase - HikariPool-1 - Closing connection com.mysql.cj.jdbc.ConnectionImpl@4a2c8848: (connection evicted)
2024-11-06 13:45:15.122 [traceId=] c.z.h.p.PoolBase - HikariPool-1 - Closing connection com.mysql.cj.jdbc.ConnectionImpl@280e2f80: (connection evicted)
2024-11-06 13:45:15.123 [traceId=] c.z.h.p.PoolBase - HikariPool-1 - Closing connection com.mysql.cj.jdbc.ConnectionImpl@ffeaa74: (connection evicted)
2024-11-06 13:45:15.123 [traceId=] c.z.h.p.PoolBase - HikariPool-1 - Closing connection com.mysql.cj.jdbc.ConnectionImpl@2f6e2df9: (connection evicted)
2024-11-06 13:45:15.124 [traceId=] c.z.h.p.PoolBase - HikariPool-1 - Closing connection com.mysql.cj.jdbc.ConnectionImpl@490f861: (connection evicted)
2024-11-06 13:45:15.124 [traceId=] c.z.h.p.PoolBase - HikariPool-1 - Closing connection com.mysql.cj.jdbc.ConnectionImpl@7a3a840: (connection evicted)
2024-11-06 13:45:15.125 [traceId=] c.z.h.p.PoolBase - HikariPool-1 - Closing connection com.mysql.cj.jdbc.ConnectionImpl@40f62a7e: (connection evicted)
2024-11-06 13:45:15.125 [traceId=] c.z.h.p.PoolBase - HikariPool-1 - Closing connection com.mysql.cj.jdbc.ConnectionImpl@61f16cd5: (connection evicted)
2024-11-06 13:45:15.126 [traceId=] c.z.h.p.PoolBase - HikariPool-1 - Closing connection com.mysql.cj.jdbc.ConnectionImpl@67f86ed8: (connection evicted)
2024-11-06 13:45:15.126 [traceId=] c.z.h.p.PoolBase - HikariPool-1 - Closing connection com.mysql.cj.jdbc.ConnectionImpl@27f7aa91: (connection evicted)
2024-11-06 13:45:15.127 [traceId=] c.z.h.p.PoolBase - HikariPool-1 - Closing connection com.mysql.cj.jdbc.ConnectionImpl@751aeedd: (connection evicted)
2024-11-06 13:45:15.127 [traceId=] c.z.h.p.PoolBase - HikariPool-1 - Closing connection com.mysql.cj.jdbc.ConnectionImpl@75329ff5: (connection evicted)
2024-11-06 13:45:15.128 [traceId=] c.z.h.p.PoolBase - HikariPool-1 - Closing connection com.mysql.cj.jdbc.ConnectionImpl@3fd767: (connection evicted)
2024-11-06 13:45:15.128 [traceId=] c.z.h.p.PoolBase - HikariPool-1 - Closing connection com.mysql.cj.jdbc.ConnectionImpl@5632965d: (connection evicted)
2024-11-06 13:45:15.128 [traceId=] c.z.h.p.PoolBase - HikariPool-1 - Closing connection com.mysql.cj.jdbc.ConnectionImpl@7597fec: (connection evicted)
2024-11-06 13:45:15.129 [traceId=] c.z.h.p.PoolBase - HikariPool-1 - Closing connection com.mysql.cj.jdbc.ConnectionImpl@1125ea8: (connection evicted)
2024-11-06 13:45:15.129 [traceId=] c.z.h.p.PoolBase - HikariPool-1 - Closing connection com.mysql.cj.jdbc.ConnectionImpl@2c600933: (connection evicted)
2024-11-06 13:45:15.130 [traceId=] c.z.h.p.PoolBase - HikariPool-1 - Closing connection com.mysql.cj.jdbc.ConnectionImpl@79455f9e: (connection evicted)
2024-11-06 13:45:15.130 [traceId=] c.z.h.p.PoolBase - HikariPool-1 - Closing connection com.mysql.cj.jdbc.ConnectionImpl@6019b972: (connection evicted)
2024-11-06 13:45:15.131 [traceId=] c.z.h.p.PoolBase - HikariPool-1 - Closing connection com.mysql.cj.jdbc.ConnectionImpl@547e8217: (connection evicted)
2024-11-06 13:45:15.131 [traceId=] c.z.h.p.PoolBase - HikariPool-1 - Closing connection com.mysql.cj.jdbc.ConnectionImpl@55f3a211: (connection evicted)
2024-11-06 13:45:15.131 [traceId=] c.z.h.p.PoolBase - HikariPool-1 - Closing connection com.mysql.cj.jdbc.ConnectionImpl@56ace4ae: (connection evicted)
2024-11-06 13:45:15.132 [traceId=] c.z.h.p.PoolBase - HikariPool-1 - Closing connection com.mysql.cj.jdbc.ConnectionImpl@4a31e14: (connection evicted)
2024-11-06 13:45:15.132 [traceId=] c.z.h.p.PoolBase - HikariPool-1 - Closing connection com.mysql.cj.jdbc.ConnectionImpl@56e8d9c9: (connection evicted)
2024-11-06 13:45:15.132 [traceId=] c.z.h.p.PoolBase - HikariPool-1 - Closing connection com.mysql.cj.jdbc.ConnectionImpl@40d0e6ad: (connection evicted)
2024-11-06 13:45:15.133 [traceId=] c.z.h.p.PoolBase - HikariPool-1 - Closing connection com.mysql.cj.jdbc.ConnectionImpl@3197ddc2: (connection evicted)
2024-11-06 13:45:15.133 [traceId=] c.z.h.p.PoolBase - HikariPool-1 - Closing connection com.mysql.cj.jdbc.ConnectionImpl@528a9952: (connection evicted)
2024-11-06 13:45:15.133 [traceId=] c.z.h.p.PoolBase - HikariPool-1 - Closing connection com.mysql.cj.jdbc.ConnectionImpl@7782e232: (connection evicted)
2024-11-06 13:45:15.134 [traceId=] c.z.h.p.PoolBase - HikariPool-1 - Closing connection com.mysql.cj.jdbc.ConnectionImpl@23385f32: (connection evicted)
2024-11-06 13:45:15.135 [traceId=] c.z.h.p.PoolBase - HikariPool-1 - Closing connection com.mysql.cj.jdbc.ConnectionImpl@19ac595c: (connection evicted)
2024-11-06 13:45:15.136 [traceId=] c.z.h.p.PoolBase - HikariPool-1 - Closing connection com.mysql.cj.jdbc.ConnectionImpl@2d310772: (connection evicted)
2024-11-06 13:45:15.136 [traceId=] c.z.h.p.PoolBase - HikariPool-1 - Closing connection com.mysql.cj.jdbc.ConnectionImpl@524e21a3: (connection evicted)
2024-11-06 13:45:15.136 [traceId=] c.z.h.p.PoolBase - HikariPool-1 - Closing connection com.mysql.cj.jdbc.ConnectionImpl@33345da9: (connection evicted)
2024-11-06 13:45:15.136 [traceId=] c.z.h.p.PoolBase - HikariPool-1 - Closing connection com.mysql.cj.jdbc.ConnectionImpl@26eaa293: (connection evicted)
2024-11-06 13:45:15.137 [traceId=] c.z.h.p.PoolBase - HikariPool-1 - Closing connection com.mysql.cj.jdbc.ConnectionImpl@7f65c282: (connection evicted)
2024-11-06 13:45:15.138 [traceId=] c.z.h.p.PoolBase - HikariPool-1 - Closing connection com.mysql.cj.jdbc.ConnectionImpl@5f74dbf8: (connection evicted)
2024-11-06 13:45:15.138 [traceId=] c.z.h.p.PoolBase - HikariPool-1 - Closing connection com.mysql.cj.jdbc.ConnectionImpl@8e091ce: (connection evicted)
2024-11-06 13:45:15.138 [traceId=] c.z.h.p.PoolBase - HikariPool-1 - Closing connection com.mysql.cj.jdbc.ConnectionImpl@15f9f880: (connection evicted)
2024-11-06 13:45:15.139 [traceId=] c.z.h.p.PoolBase - HikariPool-1 - Closing connection com.mysql.cj.jdbc.ConnectionImpl@41ce780a: (connection evicted)
2024-11-06 13:45:15.139 [traceId=] c.z.h.p.PoolBase - HikariPool-1 - Closing connection com.mysql.cj.jdbc.ConnectionImpl@2d1bcaa7: (connection evicted)
2024-11-06 13:45:15.140 [traceId=] c.z.h.p.PoolBase - HikariPool-1 - Closing connection com.mysql.cj.jdbc.ConnectionImpl@35d54f35: (connection evicted)
2024-11-06 13:45:15.140 [traceId=] c.z.h.p.PoolBase - HikariPool-1 - Closing connection com.mysql.cj.jdbc.ConnectionImpl@510a953d: (connection evicted)
2024-11-06 13:45:15.140 [traceId=] c.z.h.p.PoolBase - HikariPool-1 - Closing connection com.mysql.cj.jdbc.ConnectionImpl@2d34821: (connection evicted)
2024-11-06 13:45:15.141 [traceId=] c.z.h.p.PoolBase - HikariPool-1 - Closing connection com.mysql.cj.jdbc.ConnectionImpl@1c30067a: (connection evicted)
2024-11-06 13:45:15.141 [traceId=] c.z.h.p.PoolBase - HikariPool-1 - Closing connection com.mysql.cj.jdbc.ConnectionImpl@19c5cd03: (connection evicted)
2024-11-06 13:45:15.141 [traceId=] c.z.h.p.PoolBase - HikariPool-1 - Closing connection com.mysql.cj.jdbc.ConnectionImpl@2a3b5850: (connection evicted)
2024-11-06 13:45:15.141 [traceId=] c.z.h.p.PoolBase - HikariPool-1 - Closing connection com.mysql.cj.jdbc.ConnectionImpl@64ed5da3: (connection evicted)
2024-11-06 13:45:15.143 [traceId=] c.z.h.p.PoolBase - HikariPool-1 - Closing connection com.mysql.cj.jdbc.ConnectionImpl@60bc885: (connection evicted)
2024-11-06 13:45:15.143 [traceId=] c.z.h.p.PoolBase - HikariPool-1 - Closing connection com.mysql.cj.jdbc.ConnectionImpl@6260e843: (connection evicted)
2024-11-06 13:45:15.143 [traceId=] c.z.h.p.PoolBase - HikariPool-1 - Closing connection com.mysql.cj.jdbc.ConnectionImpl@5b2a785f: (connection evicted)
2024-11-06 13:45:15.143 [traceId=] c.z.h.p.PoolBase - HikariPool-1 - Closing connection com.mysql.cj.jdbc.ConnectionImpl@271b260a: (connection evicted)
2024-11-06 13:45:15.144 [traceId=] c.z.h.p.PoolBase - HikariPool-1 - Closing connection com.mysql.cj.jdbc.ConnectionImpl@42116b0a: (connection evicted)
2024-11-06 13:45:15.144 [traceId=] c.z.h.p.PoolBase - HikariPool-1 - Closing connection com.mysql.cj.jdbc.ConnectionImpl@195a755b: (connection evicted)
2024-11-06 13:45:15.144 [traceId=] c.z.h.p.PoolBase - HikariPool-1 - Closing connection com.mysql.cj.jdbc.ConnectionImpl@123d686f: (connection evicted)
2024-11-06 13:45:15.144 [traceId=] c.z.h.p.PoolBase - HikariPool-1 - Closing connection com.mysql.cj.jdbc.ConnectionImpl@46300b8d: (connection evicted)
2024-11-06 13:45:15.145 [traceId=] c.z.h.p.PoolBase - HikariPool-1 - Closing connection com.mysql.cj.jdbc.ConnectionImpl@cb01ef2: (connection evicted)
2024-11-06 13:45:15.145 [traceId=] c.z.h.p.PoolBase - HikariPool-1 - Closing connection com.mysql.cj.jdbc.ConnectionImpl@14f1a8ac: (connection evicted)
2024-11-06 13:45:15.145 [traceId=] c.z.h.p.PoolBase - HikariPool-1 - Closing connection com.mysql.cj.jdbc.ConnectionImpl@5632188c: (connection evicted)
2024-11-06 13:45:15.146 [traceId=] c.z.h.p.PoolBase - HikariPool-1 - Closing connection com.mysql.cj.jdbc.ConnectionImpl@4023a3f3: (connection evicted)
2024-11-06 13:45:15.147 [traceId=] c.z.h.p.PoolBase - HikariPool-1 - Closing connection com.mysql.cj.jdbc.ConnectionImpl@12ab310d: (connection evicted)
2024-11-06 13:45:15.147 [traceId=] c.z.h.p.PoolBase - HikariPool-1 - Closing connection com.mysql.cj.jdbc.ConnectionImpl@60cefc67: (connection evicted)
2024-11-06 13:45:15.148 [traceId=] c.z.h.p.PoolBase - HikariPool-1 - Closing connection com.mysql.cj.jdbc.ConnectionImpl@229f420b: (connection evicted)
2024-11-06 13:45:15.148 [traceId=] c.z.h.p.PoolBase - HikariPool-1 - Closing connection com.mysql.cj.jdbc.ConnectionImpl@77a8c0df: (connection evicted)
2024-11-06 13:45:15.150 [traceId=] c.z.h.p.PoolBase - HikariPool-1 - Closing connection com.mysql.cj.jdbc.ConnectionImpl@7ff3ae93: (connection evicted)
2024-11-06 13:45:15.150 [traceId=] c.z.h.p.PoolBase - HikariPool-1 - Closing connection com.mysql.cj.jdbc.ConnectionImpl@3fa44a76: (connection evicted)
2024-11-06 13:45:15.151 [traceId=] c.z.h.p.PoolBase - HikariPool-1 - Closing connection com.mysql.cj.jdbc.ConnectionImpl@5b98ab71: (connection evicted)
2024-11-06 13:45:15.152 [traceId=] c.z.h.p.PoolBase - HikariPool-1 - Closing connection com.mysql.cj.jdbc.ConnectionImpl@16f38056: (connection evicted)
2024-11-06 13:45:15.153 [traceId=] c.z.h.p.PoolBase - HikariPool-1 - Closing connection com.mysql.cj.jdbc.ConnectionImpl@596dad02: (connection evicted)
2024-11-06 13:45:15.153 [traceId=] c.z.h.p.PoolBase - HikariPool-1 - Closing connection com.mysql.cj.jdbc.ConnectionImpl@142dcc7e: (connection evicted)
2024-11-06 13:45:15.154 [traceId=] c.z.h.p.PoolBase - HikariPool-1 - Closing connection com.mysql.cj.jdbc.ConnectionImpl@65c404a9: (connection evicted)
2024-11-06 13:45:15.154 [traceId=] c.z.h.p.PoolBase - HikariPool-1 - Closing connection com.mysql.cj.jdbc.ConnectionImpl@317e5de6: (connection evicted)
2024-11-06 13:45:15.155 [traceId=] c.z.h.p.PoolBase - HikariPool-1 - Closing connection com.mysql.cj.jdbc.ConnectionImpl@8e2ddda: (connection evicted)
2024-11-06 13:45:15.155 [traceId=] c.z.h.p.PoolBase - HikariPool-1 - Closing connection com.mysql.cj.jdbc.ConnectionImpl@51d6101e: (connection evicted)
2024-11-06 13:45:15.155 [traceId=] c.z.h.p.PoolBase - HikariPool-1 - Closing connection com.mysql.cj.jdbc.ConnectionImpl@31b0d551: (connection evicted)
2024-11-06 13:45:15.156 [traceId=] c.z.h.p.PoolBase - HikariPool-1 - Closing connection com.mysql.cj.jdbc.ConnectionImpl@65c0d184: (connection evicted)
2024-11-06 13:45:15.157 [traceId=] c.z.h.p.HikariPool - HikariPool-1 - After shutdown stats (total=0, active=0, idle=0, waiting=0)
2024-11-06 13:45:15.160 [traceId=] c.z.h.HikariDataSource - HikariPool-1 - Shutdown completed.
2024-11-06 13:45:26.322 [traceId=] o.h.v.i.u.Version - HV000001: Hibernate Validator 8.0.1.Final
2024-11-06 13:45:26.475 [traceId=] c.e.AppStoreAdminApplication - Starting AppStoreAdminApplication using Java 21.0.4 with PID 29272 (C:\Users\우준석\OneDrive\바탕 화면\sendyClone\sendyClone\appstore-admin\out\production\classes started by 우준석 in C:\Users\우준석\OneDrive\바탕 화면\sendyClone\sendyClone)
2024-11-06 13:45:26.476 [traceId=] c.e.AppStoreAdminApplication - The following 1 profile is active: "local"
2024-11-06 13:45:30.061 [traceId=] o.s.d.r.c.RepositoryConfigurationDelegate - Multiple Spring Data modules found, entering strict repository configuration mode
2024-11-06 13:45:30.065 [traceId=] o.s.d.r.c.RepositoryConfigurationDelegate - Bootstrapping Spring Data JPA repositories in DEFAULT mode.
2024-11-06 13:45:30.967 [traceId=] o.s.d.r.c.RepositoryConfigurationDelegate - Finished Spring Data repository scanning in 885 ms. Found 5 JPA repository interfaces.
2024-11-06 13:45:30.995 [traceId=] o.s.d.r.c.RepositoryConfigurationDelegate - Multiple Spring Data modules found, entering strict repository configuration mode
2024-11-06 13:45:30.998 [traceId=] o.s.d.r.c.RepositoryConfigurationDelegate - Bootstrapping Spring Data Redis repositories in DEFAULT mode.
2024-11-06 13:45:31.030 [traceId=] o.s.d.r.c.RepositoryConfigurationExtensionSupport - Spring Data Redis - Could not safely identify store assignment for repository candidate interface com.example.delivery.repository.DeliveryDocumentRepository; If you want this repository to be a Redis repository, consider annotating your entities with one of these annotations: org.springframework.data.redis.core.RedisHash (preferred), or consider extending one of the following types with your repository: org.springframework.data.keyvalue.repository.KeyValueRepository
2024-11-06 13:45:31.031 [traceId=] o.s.d.r.c.RepositoryConfigurationExtensionSupport - Spring Data Redis - Could not safely identify store assignment for repository candidate interface com.example.driver.repository.DriverRepository; If you want this repository to be a Redis repository, consider annotating your entities with one of these annotations: org.springframework.data.redis.core.RedisHash (preferred), or consider extending one of the following types with your repository: org.springframework.data.keyvalue.repository.KeyValueRepository
2024-11-06 13:45:31.031 [traceId=] o.s.d.r.c.RepositoryConfigurationExtensionSupport - Spring Data Redis - Could not safely identify store assignment for repository candidate interface com.example.member.repository.MemberRepository; If you want this repository to be a Redis repository, consider annotating your entities with one of these annotations: org.springframework.data.redis.core.RedisHash (preferred), or consider extending one of the following types with your repository: org.springframework.data.keyvalue.repository.KeyValueRepository
2024-11-06 13:45:31.031 [traceId=] o.s.d.r.c.RepositoryConfigurationExtensionSupport - Spring Data Redis - Could not safely identify store assignment for repository candidate interface com.example.stopover.repository.StopOverRepository; If you want this repository to be a Redis repository, consider annotating your entities with one of these annotations: org.springframework.data.redis.core.RedisHash (preferred), or consider extending one of the following types with your repository: org.springframework.data.keyvalue.repository.KeyValueRepository
2024-11-06 13:45:31.031 [traceId=] o.s.d.r.c.RepositoryConfigurationExtensionSupport - Spring Data Redis - Could not safely identify store assignment for repository candidate interface com.example.wallet.repository.WalletRepository; If you want this repository to be a Redis repository, consider annotating your entities with one of these annotations: org.springframework.data.redis.core.RedisHash (preferred), or consider extending one of the following types with your repository: org.springframework.data.keyvalue.repository.KeyValueRepository
2024-11-06 13:45:31.032 [traceId=] o.s.d.r.c.RepositoryConfigurationDelegate - Finished Spring Data repository scanning in 20 ms. Found 0 Redis repository interfaces.
2024-11-06 13:45:31.506 [traceId=] o.s.c.c.s.GenericScope - BeanFactory id=d1f2248e-9846-3281-a81b-e0d10f56580d
2024-11-06 13:45:32.891 [traceId=] o.s.b.w.e.t.TomcatWebServer - Tomcat initialized with port 8080 (http)
2024-11-06 13:45:32.912 [traceId=] o.a.c.h.Http11NioProtocol - Initializing ProtocolHandler ["http-nio-8080"]
2024-11-06 13:45:32.919 [traceId=] o.a.c.c.StandardService - Starting service [Tomcat]
2024-11-06 13:45:32.920 [traceId=] o.a.c.c.StandardEngine - Starting Servlet engine: [Apache Tomcat/10.1.28]
2024-11-06 13:45:33.047 [traceId=] o.a.c.c.C.[.[.[/] - Initializing Spring embedded WebApplicationContext
2024-11-06 13:45:33.047 [traceId=] o.s.b.w.s.c.ServletWebServerApplicationContext - Root WebApplicationContext: initialization completed in 6451 ms
2024-11-06 13:45:33.425 [traceId=] o.s.w.f.ServerHttpObservationFilter - Filter 'webMvcObservationFilter' configured for use
2024-11-06 13:45:33.475 [traceId=] c.z.h.HikariConfig - Driver class com.mysql.cj.jdbc.Driver found in Thread context class loader jdk.internal.loader.ClassLoaders$AppClassLoader@36baf30c
2024-11-06 13:45:33.691 [traceId=] o.h.j.i.u.LogHelper - HHH000204: Processing PersistenceUnitInfo [name: default]
2024-11-06 13:45:33.847 [traceId=] o.h.Version - HHH000412: Hibernate ORM core version 6.5.2.Final
2024-11-06 13:45:33.925 [traceId=] o.h.c.i.RegionFactoryInitiator - HHH000026: Second-level cache disabled
2024-11-06 13:45:34.520 [traceId=] o.s.o.j.p.SpringPersistenceUnitInfo - No LoadTimeWeaver setup: ignoring JPA class transformer
2024-11-06 13:45:34.580 [traceId=] c.z.h.HikariConfig - HikariPool-1 - idleTimeout has been set but has no effect because the pool is operating as a fixed size pool.
2024-11-06 13:45:34.580 [traceId=] c.z.h.HikariConfig - HikariPool-1 - configuration:
2024-11-06 13:45:34.582 [traceId=] c.z.h.HikariConfig - allowPoolSuspension.............false
2024-11-06 13:45:34.583 [traceId=] c.z.h.HikariConfig - autoCommit......................true
2024-11-06 13:45:34.583 [traceId=] c.z.h.HikariConfig - catalog.........................none
2024-11-06 13:45:34.583 [traceId=] c.z.h.HikariConfig - connectionInitSql...............none
2024-11-06 13:45:34.583 [traceId=] c.z.h.HikariConfig - connectionTestQuery.............none
2024-11-06 13:45:34.584 [traceId=] c.z.h.HikariConfig - connectionTimeout...............3000
2024-11-06 13:45:34.584 [traceId=] c.z.h.HikariConfig - dataSource......................none
2024-11-06 13:45:34.584 [traceId=] c.z.h.HikariConfig - dataSourceClassName.............none
2024-11-06 13:45:34.584 [traceId=] c.z.h.HikariConfig - dataSourceJNDI..................none
2024-11-06 13:45:34.584 [traceId=] c.z.h.HikariConfig - dataSourceProperties............{password=<masked>}
2024-11-06 13:45:34.584 [traceId=] c.z.h.HikariConfig - driverClassName................."com.mysql.cj.jdbc.Driver"
2024-11-06 13:45:34.585 [traceId=] c.z.h.HikariConfig - exceptionOverrideClassName......none
2024-11-06 13:45:34.585 [traceId=] c.z.h.HikariConfig - healthCheckProperties...........{}
2024-11-06 13:45:34.585 [traceId=] c.z.h.HikariConfig - healthCheckRegistry.............none
2024-11-06 13:45:34.585 [traceId=] c.z.h.HikariConfig - idleTimeout.....................200000
2024-11-06 13:45:34.585 [traceId=] c.z.h.HikariConfig - initializationFailTimeout.......1
2024-11-06 13:45:34.585 [traceId=] c.z.h.HikariConfig - isolateInternalQueries..........false
2024-11-06 13:45:34.585 [traceId=] c.z.h.HikariConfig - jdbcUrl.........................jdbc:mysql://localhost:3306/sendy_db?useSSL=false&useUnicode=true&characterEncoding=utf8&serverTimezone=UTC&autoReconnect=true&connectTimeout=10000&socketTimeout=30000&prepStmtCacheSize=100&prepStmtCacheSqlLimit=2048&cachePrepStmts=true&rewriteBatchedStatements=true&useServerPrepStmts=true
2024-11-06 13:45:34.586 [traceId=] c.z.h.HikariConfig - keepaliveTime...................0
2024-11-06 13:45:34.586 [traceId=] c.z.h.HikariConfig - leakDetectionThreshold..........2000
2024-11-06 13:45:34.586 [traceId=] c.z.h.HikariConfig - maxLifetime.....................240000
2024-11-06 13:45:34.586 [traceId=] c.z.h.HikariConfig - maximumPoolSize.................100
2024-11-06 13:45:34.586 [traceId=] c.z.h.HikariConfig - metricRegistry..................none
2024-11-06 13:45:34.586 [traceId=] c.z.h.HikariConfig - metricsTrackerFactory...........none
2024-11-06 13:45:34.586 [traceId=] c.z.h.HikariConfig - minimumIdle.....................100
2024-11-06 13:45:34.586 [traceId=] c.z.h.HikariConfig - password........................<masked>
2024-11-06 13:45:34.586 [traceId=] c.z.h.HikariConfig - poolName........................"HikariPool-1"
2024-11-06 13:45:34.587 [traceId=] c.z.h.HikariConfig - readOnly........................false
2024-11-06 13:45:34.587 [traceId=] c.z.h.HikariConfig - registerMbeans..................false
2024-11-06 13:45:34.587 [traceId=] c.z.h.HikariConfig - scheduledExecutor...............none
2024-11-06 13:45:34.587 [traceId=] c.z.h.HikariConfig - schema..........................none
2024-11-06 13:45:34.587 [traceId=] c.z.h.HikariConfig - threadFactory...................internal
2024-11-06 13:45:34.587 [traceId=] c.z.h.HikariConfig - transactionIsolation............default
2024-11-06 13:45:34.587 [traceId=] c.z.h.HikariConfig - username........................"root"
2024-11-06 13:45:34.588 [traceId=] c.z.h.HikariConfig - validationTimeout...............3000
2024-11-06 13:45:34.588 [traceId=] c.z.h.HikariDataSource - HikariPool-1 - Starting...
2024-11-06 13:45:34.862 [traceId=] c.z.h.p.HikariPool - HikariPool-1 - Added connection com.mysql.cj.jdbc.ConnectionImpl@41c83af0
2024-11-06 13:45:34.866 [traceId=] c.z.h.HikariDataSource - HikariPool-1 - Start completed.
2024-11-06 13:45:34.941 [traceId=] o.h.o.deprecation - HHH90000025: MySQL8Dialect does not need to be specified explicitly using 'hibernate.dialect' (remove the property setting and it will be selected by default)
2024-11-06 13:45:34.943 [traceId=] o.h.o.deprecation - HHH90000026: MySQL8Dialect has been deprecated; use org.hibernate.dialect.MySQLDialect instead
2024-11-06 13:45:34.980 [traceId=] c.z.h.p.HikariPool - HikariPool-1 - Pool stats (total=1, active=0, idle=1, waiting=0)
2024-11-06 13:45:34.986 [traceId=] c.z.h.p.HikariPool - HikariPool-1 - Added connection com.mysql.cj.jdbc.ConnectionImpl@4fa2639e
2024-11-06 13:45:34.990 [traceId=] o.h.t.d.s.s.DdlTypeRegistry - addDescriptor(12, org.hibernate.type.descriptor.sql.internal.CapacityDependentDdlType@565030b7) replaced previous registration(org.hibernate.type.descriptor.sql.internal.CapacityDependentDdlType@752fecbf)
2024-11-06 13:45:34.990 [traceId=] o.h.t.d.s.s.DdlTypeRegistry - addDescriptor(-9, org.hibernate.type.descriptor.sql.internal.CapacityDependentDdlType@2eb31735) replaced previous registration(org.hibernate.type.descriptor.sql.internal.CapacityDependentDdlType@73753326)
2024-11-06 13:45:34.990 [traceId=] o.h.t.d.s.s.DdlTypeRegistry - addDescriptor(-3, org.hibernate.type.descriptor.sql.internal.CapacityDependentDdlType@24f77077) replaced previous registration(org.hibernate.type.descriptor.sql.internal.CapacityDependentDdlType@2eb73a42)
2024-11-06 13:45:34.990 [traceId=] o.h.t.d.s.s.DdlTypeRegistry - addDescriptor(4003, org.hibernate.type.descriptor.sql.internal.DdlTypeImpl@188b9a1e) replaced previous registration(org.hibernate.type.descriptor.sql.internal.DdlTypeImpl@423d662a)
2024-11-06 13:45:34.990 [traceId=] o.h.t.d.s.s.DdlTypeRegistry - addDescriptor(4001, org.hibernate.type.descriptor.sql.internal.DdlTypeImpl@5d56c2d2) replaced previous registration(org.hibernate.type.descriptor.sql.internal.DdlTypeImpl@4a249610)
2024-11-06 13:45:34.990 [traceId=] o.h.t.d.s.s.DdlTypeRegistry - addDescriptor(4002, org.hibernate.type.descriptor.sql.internal.DdlTypeImpl@ebbbe20) replaced previous registration(org.hibernate.type.descriptor.sql.internal.DdlTypeImpl@279e85eb)
2024-11-06 13:45:34.990 [traceId=] o.h.t.d.s.s.DdlTypeRegistry - addDescriptor(2004, org.hibernate.type.descriptor.sql.internal.CapacityDependentDdlType@4cb59398) replaced previous registration(org.hibernate.type.descriptor.sql.internal.DdlTypeImpl@22cf1808)
2024-11-06 13:45:34.990 [traceId=] o.h.t.d.s.s.DdlTypeRegistry - addDescriptor(2005, org.hibernate.type.descriptor.sql.internal.CapacityDependentDdlType@7156f8cf) replaced previous registration(org.hibernate.type.descriptor.sql.internal.DdlTypeImpl@22349ad3)
2024-11-06 13:45:34.990 [traceId=] o.h.t.d.s.s.DdlTypeRegistry - addDescriptor(2011, org.hibernate.type.descriptor.sql.internal.CapacityDependentDdlType@42fdf45e) replaced previous registration(org.hibernate.type.descriptor.sql.internal.DdlTypeImpl@1828ab51)
2024-11-06 13:45:35.028 [traceId=] c.z.h.p.HikariPool - HikariPool-1 - After adding stats (total=2, active=0, idle=2, waiting=0)
2024-11-06 13:45:35.034 [traceId=] c.z.h.p.HikariPool - HikariPool-1 - Added connection com.mysql.cj.jdbc.ConnectionImpl@e9f69a5
2024-11-06 13:45:35.075 [traceId=] c.z.h.p.HikariPool - HikariPool-1 - After adding stats (total=3, active=0, idle=3, waiting=0)
2024-11-06 13:45:35.082 [traceId=] c.z.h.p.HikariPool - HikariPool-1 - Added connection com.mysql.cj.jdbc.ConnectionImpl@3fdb874b
2024-11-06 13:45:35.123 [traceId=] c.z.h.p.HikariPool - HikariPool-1 - After adding stats (total=4, active=0, idle=4, waiting=0)
2024-11-06 13:45:35.129 [traceId=] c.z.h.p.HikariPool - HikariPool-1 - Added connection com.mysql.cj.jdbc.ConnectionImpl@6eb096ea
2024-11-06 13:45:35.170 [traceId=] c.z.h.p.HikariPool - HikariPool-1 - After adding stats (total=5, active=0, idle=5, waiting=0)
2024-11-06 13:45:35.176 [traceId=] c.z.h.p.HikariPool - HikariPool-1 - Added connection com.mysql.cj.jdbc.ConnectionImpl@23949b35
2024-11-06 13:45:35.218 [traceId=] c.z.h.p.HikariPool - HikariPool-1 - After adding stats (total=6, active=0, idle=6, waiting=0)
2024-11-06 13:45:35.223 [traceId=] c.z.h.p.HikariPool - HikariPool-1 - Added connection com.mysql.cj.jdbc.ConnectionImpl@6afe0ce3
2024-11-06 13:45:35.266 [traceId=] c.z.h.p.HikariPool - HikariPool-1 - After adding stats (total=7, active=0, idle=7, waiting=0)
2024-11-06 13:45:35.271 [traceId=] c.z.h.p.HikariPool - HikariPool-1 - Added connection com.mysql.cj.jdbc.ConnectionImpl@183a2252
2024-11-06 13:45:35.314 [traceId=] c.z.h.p.HikariPool - HikariPool-1 - After adding stats (total=8, active=0, idle=8, waiting=0)
2024-11-06 13:45:35.318 [traceId=] c.z.h.p.HikariPool - HikariPool-1 - Added connection com.mysql.cj.jdbc.ConnectionImpl@1c5a6491
2024-11-06 13:45:35.361 [traceId=] c.z.h.p.HikariPool - HikariPool-1 - After adding stats (total=9, active=0, idle=9, waiting=0)
2024-11-06 13:45:35.369 [traceId=] c.z.h.p.HikariPool - HikariPool-1 - Added connection com.mysql.cj.jdbc.ConnectionImpl@48abefe6
2024-11-06 13:45:35.407 [traceId=] c.z.h.p.HikariPool - HikariPool-1 - After adding stats (total=10, active=0, idle=10, waiting=0)
2024-11-06 13:45:35.413 [traceId=] c.z.h.p.HikariPool - HikariPool-1 - Added connection com.mysql.cj.jdbc.ConnectionImpl@4ec7719c
2024-11-06 13:45:35.455 [traceId=] c.z.h.p.HikariPool - HikariPool-1 - After adding stats (total=11, active=0, idle=11, waiting=0)
2024-11-06 13:45:35.461 [traceId=] c.z.h.p.HikariPool - HikariPool-1 - Added connection com.mysql.cj.jdbc.ConnectionImpl@bb51ec1
2024-11-06 13:45:35.503 [traceId=] c.z.h.p.HikariPool - HikariPool-1 - After adding stats (total=12, active=0, idle=12, waiting=0)
2024-11-06 13:45:35.508 [traceId=] c.z.h.p.HikariPool - HikariPool-1 - Added connection com.mysql.cj.jdbc.ConnectionImpl@48d52143
2024-11-06 13:45:35.551 [traceId=] c.z.h.p.HikariPool - HikariPool-1 - After adding stats (total=13, active=0, idle=13, waiting=0)
2024-11-06 13:45:35.557 [traceId=] c.z.h.p.HikariPool - HikariPool-1 - Added connection com.mysql.cj.jdbc.ConnectionImpl@475c02c9
2024-11-06 13:45:35.596 [traceId=] c.z.h.p.HikariPool - HikariPool-1 - After adding stats (total=14, active=0, idle=14, waiting=0)
2024-11-06 13:45:35.602 [traceId=] c.z.h.p.HikariPool - HikariPool-1 - Added connection com.mysql.cj.jdbc.ConnectionImpl@448c00f9
2024-11-06 13:45:35.643 [traceId=] c.z.h.p.HikariPool - HikariPool-1 - After adding stats (total=15, active=0, idle=15, waiting=0)
2024-11-06 13:45:35.649 [traceId=] c.z.h.p.HikariPool - HikariPool-1 - Added connection com.mysql.cj.jdbc.ConnectionImpl@6587e32c
2024-11-06 13:45:35.691 [traceId=] c.z.h.p.HikariPool - HikariPool-1 - After adding stats (total=16, active=0, idle=16, waiting=0)
2024-11-06 13:45:35.698 [traceId=] c.z.h.p.HikariPool - HikariPool-1 - Added connection com.mysql.cj.jdbc.ConnectionImpl@7339df30
2024-11-06 13:45:35.737 [traceId=] c.z.h.p.HikariPool - HikariPool-1 - After adding stats (total=17, active=0, idle=17, waiting=0)
2024-11-06 13:45:35.742 [traceId=] c.z.h.p.HikariPool - HikariPool-1 - Added connection com.mysql.cj.jdbc.ConnectionImpl@3c5d0e22
2024-11-06 13:45:35.785 [traceId=] c.z.h.p.HikariPool - HikariPool-1 - After adding stats (total=18, active=0, idle=18, waiting=0)
2024-11-06 13:45:35.791 [traceId=] c.z.h.p.HikariPool - HikariPool-1 - Added connection com.mysql.cj.jdbc.ConnectionImpl@626222d8
2024-11-06 13:45:35.832 [traceId=] c.z.h.p.HikariPool - HikariPool-1 - After adding stats (total=19, active=0, idle=19, waiting=0)
2024-11-06 13:45:35.839 [traceId=] c.z.h.p.HikariPool - HikariPool-1 - Added connection com.mysql.cj.jdbc.ConnectionImpl@18d7091c
2024-11-06 13:45:35.879 [traceId=] c.z.h.p.HikariPool - HikariPool-1 - After adding stats (total=20, active=0, idle=20, waiting=0)
2024-11-06 13:45:35.886 [traceId=] c.z.h.p.HikariPool - HikariPool-1 - Added connection com.mysql.cj.jdbc.ConnectionImpl@495f30a5
2024-11-06 13:45:35.926 [traceId=] c.z.h.p.HikariPool - HikariPool-1 - After adding stats (total=21, active=0, idle=21, waiting=0)
2024-11-06 13:45:35.933 [traceId=] c.z.h.p.HikariPool - HikariPool-1 - Added connection com.mysql.cj.jdbc.ConnectionImpl@5c6fe05e
2024-11-06 13:45:35.973 [traceId=] c.z.h.p.HikariPool - HikariPool-1 - After adding stats (total=22, active=0, idle=22, waiting=0)
2024-11-06 13:45:35.977 [traceId=] c.z.h.p.HikariPool - HikariPool-1 - Added connection com.mysql.cj.jdbc.ConnectionImpl@13ac6ac3
2024-11-06 13:45:36.021 [traceId=] c.z.h.p.HikariPool - HikariPool-1 - After adding stats (total=23, active=0, idle=23, waiting=0)
2024-11-06 13:45:36.026 [traceId=] c.z.h.p.HikariPool - HikariPool-1 - Added connection com.mysql.cj.jdbc.ConnectionImpl@480300b1
2024-11-06 13:45:36.069 [traceId=] c.z.h.p.HikariPool - HikariPool-1 - After adding stats (total=24, active=0, idle=24, waiting=0)
2024-11-06 13:45:36.074 [traceId=] c.z.h.p.HikariPool - HikariPool-1 - Added connection com.mysql.cj.jdbc.ConnectionImpl@2e39305c
2024-11-06 13:45:36.117 [traceId=] c.z.h.p.HikariPool - HikariPool-1 - After adding stats (total=25, active=0, idle=25, waiting=0)
2024-11-06 13:45:36.121 [traceId=] c.z.h.p.HikariPool - HikariPool-1 - Added connection com.mysql.cj.jdbc.ConnectionImpl@7e26373a
2024-11-06 13:45:36.164 [traceId=] c.z.h.p.HikariPool - HikariPool-1 - After adding stats (total=26, active=0, idle=26, waiting=0)
2024-11-06 13:45:36.168 [traceId=] c.z.h.p.HikariPool - HikariPool-1 - Added connection com.mysql.cj.jdbc.ConnectionImpl@5a93059b
2024-11-06 13:45:36.211 [traceId=] c.z.h.p.HikariPool - HikariPool-1 - After adding stats (total=27, active=0, idle=27, waiting=0)
2024-11-06 13:45:36.216 [traceId=] c.z.h.p.HikariPool - HikariPool-1 - Added connection com.mysql.cj.jdbc.ConnectionImpl@3efeaaa8
2024-11-06 13:45:36.258 [traceId=] c.z.h.p.HikariPool - HikariPool-1 - After adding stats (total=28, active=0, idle=28, waiting=0)
2024-11-06 13:45:36.264 [traceId=] c.z.h.p.HikariPool - HikariPool-1 - Added connection com.mysql.cj.jdbc.ConnectionImpl@3a47db91
2024-11-06 13:45:36.306 [traceId=] c.z.h.p.HikariPool - HikariPool-1 - After adding stats (total=29, active=0, idle=29, waiting=0)
2024-11-06 13:45:36.311 [traceId=] c.z.h.p.HikariPool - HikariPool-1 - Added connection com.mysql.cj.jdbc.ConnectionImpl@76ec0a26
2024-11-06 13:45:36.352 [traceId=] c.z.h.p.HikariPool - HikariPool-1 - After adding stats (total=30, active=0, idle=30, waiting=0)
2024-11-06 13:45:36.357 [traceId=] c.z.h.p.HikariPool - HikariPool-1 - Added connection com.mysql.cj.jdbc.ConnectionImpl@5f52edb6
2024-11-06 13:45:36.398 [traceId=] c.z.h.p.HikariPool - HikariPool-1 - After adding stats (total=31, active=0, idle=31, waiting=0)
2024-11-06 13:45:36.404 [traceId=] c.z.h.p.HikariPool - HikariPool-1 - Added connection com.mysql.cj.jdbc.ConnectionImpl@16cc6f6d
2024-11-06 13:45:36.445 [traceId=] c.z.h.p.HikariPool - HikariPool-1 - After adding stats (total=32, active=0, idle=32, waiting=0)
2024-11-06 13:45:36.452 [traceId=] c.z.h.p.HikariPool - HikariPool-1 - Added connection com.mysql.cj.jdbc.ConnectionImpl@6c34708c
2024-11-06 13:45:36.493 [traceId=] c.z.h.p.HikariPool - HikariPool-1 - After adding stats (total=33, active=0, idle=33, waiting=0)
2024-11-06 13:45:36.498 [traceId=] c.z.h.p.HikariPool - HikariPool-1 - Added connection com.mysql.cj.jdbc.ConnectionImpl@266d63e8
2024-11-06 13:45:36.541 [traceId=] c.z.h.p.HikariPool - HikariPool-1 - After adding stats (total=34, active=0, idle=34, waiting=0)
2024-11-06 13:45:36.545 [traceId=] c.z.h.p.HikariPool - HikariPool-1 - Added connection com.mysql.cj.jdbc.ConnectionImpl@555ade7c
2024-11-06 13:45:36.588 [traceId=] c.z.h.p.HikariPool - HikariPool-1 - After adding stats (total=35, active=0, idle=35, waiting=0)
2024-11-06 13:45:36.593 [traceId=] c.z.h.p.HikariPool - HikariPool-1 - Added connection com.mysql.cj.jdbc.ConnectionImpl@35288b88
2024-11-06 13:45:36.636 [traceId=] c.z.h.p.HikariPool - HikariPool-1 - After adding stats (total=36, active=0, idle=36, waiting=0)
2024-11-06 13:45:36.641 [traceId=] c.z.h.p.HikariPool - HikariPool-1 - Added connection com.mysql.cj.jdbc.ConnectionImpl@7fb0f9c
2024-11-06 13:45:36.683 [traceId=] c.z.h.p.HikariPool - HikariPool-1 - After adding stats (total=37, active=0, idle=37, waiting=0)
2024-11-06 13:45:36.688 [traceId=] c.z.h.p.HikariPool - HikariPool-1 - Added connection com.mysql.cj.jdbc.ConnectionImpl@3005489c
2024-11-06 13:45:36.731 [traceId=] c.z.h.p.HikariPool - HikariPool-1 - After adding stats (total=38, active=0, idle=38, waiting=0)
2024-11-06 13:45:36.736 [traceId=] c.z.h.p.HikariPool - HikariPool-1 - Added connection com.mysql.cj.jdbc.ConnectionImpl@67469a80
2024-11-06 13:45:36.779 [traceId=] c.z.h.p.HikariPool - HikariPool-1 - After adding stats (total=39, active=0, idle=39, waiting=0)
2024-11-06 13:45:36.784 [traceId=] c.z.h.p.HikariPool - HikariPool-1 - Added connection com.mysql.cj.jdbc.ConnectionImpl@3ba4831b
2024-11-06 13:45:36.827 [traceId=] c.z.h.p.HikariPool - HikariPool-1 - After adding stats (total=40, active=0, idle=40, waiting=0)
2024-11-06 13:45:36.832 [traceId=] c.z.h.p.HikariPool - HikariPool-1 - Added connection com.mysql.cj.jdbc.ConnectionImpl@279b566b
2024-11-06 13:45:36.873 [traceId=] c.z.h.p.HikariPool - HikariPool-1 - After adding stats (total=41, active=0, idle=41, waiting=0)
2024-11-06 13:45:36.879 [traceId=] c.z.h.p.HikariPool - HikariPool-1 - Added connection com.mysql.cj.jdbc.ConnectionImpl@62ed4b0f
2024-11-06 13:45:36.921 [traceId=] c.z.h.p.HikariPool - HikariPool-1 - After adding stats (total=42, active=0, idle=42, waiting=0)
2024-11-06 13:45:36.926 [traceId=] c.z.h.p.HikariPool - HikariPool-1 - Added connection com.mysql.cj.jdbc.ConnectionImpl@39c3a44f
2024-11-06 13:45:36.969 [traceId=] c.z.h.p.HikariPool - HikariPool-1 - After adding stats (total=43, active=0, idle=43, waiting=0)
2024-11-06 13:45:36.975 [traceId=] c.z.h.p.HikariPool - HikariPool-1 - Added connection com.mysql.cj.jdbc.ConnectionImpl@3927e10d
2024-11-06 13:45:37.016 [traceId=] c.z.h.p.HikariPool - HikariPool-1 - After adding stats (total=44, active=0, idle=44, waiting=0)
2024-11-06 13:45:37.021 [traceId=] c.z.h.p.HikariPool - HikariPool-1 - Added connection com.mysql.cj.jdbc.ConnectionImpl@6dd14bea
2024-11-06 13:45:37.028 [traceId=] o.h.e.t.j.p.i.JtaPlatformInitiator - HHH000489: No JTA platform available (set 'hibernate.transaction.jta.platform' to enable JTA platform integration)
2024-11-06 13:45:37.063 [traceId=] o.h.SQL - 
    alter table stop_over 
       drop 
       foreign key FKdq2y8aydtsokrmdkc6pfwsg5s
2024-11-06 13:45:37.063 [traceId=] o.h.SQL - 
    alter table stop_over 
       drop 
       foreign key FKdq2y8aydtsokrmdkc6pfwsg5s
2024-11-06 13:45:37.064 [traceId=] c.z.h.p.HikariPool - HikariPool-1 - After adding stats (total=45, active=1, idle=44, waiting=0)
2024-11-06 13:45:37.069 [traceId=] c.z.h.p.HikariPool - HikariPool-1 - Added connection com.mysql.cj.jdbc.ConnectionImpl@9089243
2024-11-06 13:45:37.105 [traceId=] o.h.t.s.i.ExceptionHandlerLoggedImpl - GenerationTarget encountered exception accepting command : Error executing DDL "
    alter table stop_over 
       drop 
       foreign key FKdq2y8aydtsokrmdkc6pfwsg5s" via JDBC [Table 'sendy_db.stop_over' doesn't exist]
org.hibernate.tool.schema.spi.CommandAcceptanceException: Error executing DDL "
    alter table stop_over 
       drop 
       foreign key FKdq2y8aydtsokrmdkc6pfwsg5s" via JDBC [Table 'sendy_db.stop_over' doesn't exist]
	at org.hibernate.tool.schema.internal.exec.GenerationTargetToDatabase.accept(GenerationTargetToDatabase.java:94)
	at org.hibernate.tool.schema.internal.Helper.applySqlString(Helper.java:233)
	at org.hibernate.tool.schema.internal.Helper.applySqlStrings(Helper.java:217)
	at org.hibernate.tool.schema.internal.SchemaDropperImpl.applyConstraintDropping(SchemaDropperImpl.java:476)
	at org.hibernate.tool.schema.internal.SchemaDropperImpl.dropConstraintsTablesSequences(SchemaDropperImpl.java:242)
	at org.hibernate.tool.schema.internal.SchemaDropperImpl.dropFromMetadata(SchemaDropperImpl.java:215)
	at org.hibernate.tool.schema.internal.SchemaDropperImpl.performDrop(SchemaDropperImpl.java:185)
	at org.hibernate.tool.schema.internal.SchemaDropperImpl.doDrop(SchemaDropperImpl.java:155)
	at org.hibernate.tool.schema.internal.SchemaDropperImpl.doDrop(SchemaDropperImpl.java:115)
	at org.hibernate.tool.schema.spi.SchemaManagementToolCoordinator.performDatabaseAction(SchemaManagementToolCoordinator.java:238)
	at org.hibernate.tool.schema.spi.SchemaManagementToolCoordinator.lambda$process$5(SchemaManagementToolCoordinator.java:144)
	at java.base/java.util.HashMap.forEach(HashMap.java:1429)
	at org.hibernate.tool.schema.spi.SchemaManagementToolCoordinator.process(SchemaManagementToolCoordinator.java:141)
	at org.hibernate.boot.internal.SessionFactoryObserverForSchemaExport.sessionFactoryCreated(SessionFactoryObserverForSchemaExport.java:37)
	at org.hibernate.internal.SessionFactoryObserverChain.sessionFactoryCreated(SessionFactoryObserverChain.java:35)
	at org.hibernate.internal.SessionFactoryImpl.<init>(SessionFactoryImpl.java:322)
	at org.hibernate.boot.internal.SessionFactoryBuilderImpl.build(SessionFactoryBuilderImpl.java:457)
	at org.hibernate.jpa.boot.internal.EntityManagerFactoryBuilderImpl.build(EntityManagerFactoryBuilderImpl.java:1506)
	at org.springframework.orm.jpa.vendor.SpringHibernateJpaPersistenceProvider.createContainerEntityManagerFactory(SpringHibernateJpaPersistenceProvider.java:75)
	at org.springframework.orm.jpa.LocalContainerEntityManagerFactoryBean.createNativeEntityManagerFactory(LocalContainerEntityManagerFactoryBean.java:390)
	at org.springframework.orm.jpa.AbstractEntityManagerFactoryBean.buildNativeEntityManagerFactory(AbstractEntityManagerFactoryBean.java:409)
	at org.springframework.orm.jpa.AbstractEntityManagerFactoryBean.afterPropertiesSet(AbstractEntityManagerFactoryBean.java:396)
	at org.springframework.orm.jpa.LocalContainerEntityManagerFactoryBean.afterPropertiesSet(LocalContainerEntityManagerFactoryBean.java:366)
	at org.springframework.beans.factory.support.AbstractAutowireCapableBeanFactory.invokeInitMethods(AbstractAutowireCapableBeanFactory.java:1853)
	at org.springframework.beans.factory.support.AbstractAutowireCapableBeanFactory.initializeBean(AbstractAutowireCapableBeanFactory.java:1802)
	at org.springframework.beans.factory.support.AbstractAutowireCapableBeanFactory.doCreateBean(AbstractAutowireCapableBeanFactory.java:600)
	at org.springframework.beans.factory.support.AbstractAutowireCapableBeanFactory.createBean(AbstractAutowireCapableBeanFactory.java:522)
	at org.springframework.beans.factory.support.AbstractBeanFactory.lambda$doGetBean$0(AbstractBeanFactory.java:337)
	at org.springframework.beans.factory.support.DefaultSingletonBeanRegistry.getSingleton(DefaultSingletonBeanRegistry.java:234)
	at org.springframework.beans.factory.support.AbstractBeanFactory.doGetBean(AbstractBeanFactory.java:335)
	at org.springframework.beans.factory.support.AbstractBeanFactory.getBean(AbstractBeanFactory.java:205)
	at org.springframework.context.support.AbstractApplicationContext.finishBeanFactoryInitialization(AbstractApplicationContext.java:954)
	at org.springframework.context.support.AbstractApplicationContext.refresh(AbstractApplicationContext.java:625)
	at org.springframework.boot.web.servlet.context.ServletWebServerApplicationContext.refresh(ServletWebServerApplicationContext.java:146)
	at org.springframework.boot.SpringApplication.refresh(SpringApplication.java:754)
	at org.springframework.boot.SpringApplication.refreshContext(SpringApplication.java:456)
	at org.springframework.boot.SpringApplication.run(SpringApplication.java:335)
	at org.springframework.boot.SpringApplication.run(SpringApplication.java:1363)
	at org.springframework.boot.SpringApplication.run(SpringApplication.java:1352)
	at com.example.AppStoreAdminApplication.main(AppStoreAdminApplication.java:13)
Caused by: java.sql.SQLSyntaxErrorException: Table 'sendy_db.stop_over' doesn't exist
	at com.mysql.cj.jdbc.exceptions.SQLError.createSQLException(SQLError.java:121)
	at com.mysql.cj.jdbc.exceptions.SQLExceptionsMapping.translateException(SQLExceptionsMapping.java:122)
	at com.mysql.cj.jdbc.StatementImpl.executeInternal(StatementImpl.java:770)
	at com.mysql.cj.jdbc.StatementImpl.execute(StatementImpl.java:653)
	at com.zaxxer.hikari.pool.ProxyStatement.execute(ProxyStatement.java:94)
	at com.zaxxer.hikari.pool.HikariProxyStatement.execute(HikariProxyStatement.java)
	at org.hibernate.tool.schema.internal.exec.GenerationTargetToDatabase.accept(GenerationTargetToDatabase.java:80)
	... 39 common frames omitted
2024-11-06 13:45:37.108 [traceId=] o.h.SQL - 
    drop table if exists delivery
2024-11-06 13:45:37.108 [traceId=] o.h.SQL - 
    drop table if exists delivery
2024-11-06 13:45:37.111 [traceId=] c.z.h.p.HikariPool - HikariPool-1 - After adding stats (total=46, active=1, idle=45, waiting=0)
2024-11-06 13:45:37.114 [traceId=] o.h.SQL - 
    drop table if exists driver
2024-11-06 13:45:37.114 [traceId=] o.h.SQL - 
    drop table if exists driver
2024-11-06 13:45:37.116 [traceId=] c.z.h.p.HikariPool - HikariPool-1 - Added connection com.mysql.cj.jdbc.ConnectionImpl@465538e
2024-11-06 13:45:37.118 [traceId=] o.h.SQL - 
    drop table if exists member
2024-11-06 13:45:37.118 [traceId=] o.h.SQL - 
    drop table if exists member
2024-11-06 13:45:37.122 [traceId=] o.h.SQL - 
    drop table if exists stop_over
2024-11-06 13:45:37.122 [traceId=] o.h.SQL - 
    drop table if exists stop_over
2024-11-06 13:45:37.125 [traceId=] o.h.SQL - 
    drop table if exists wallet
2024-11-06 13:45:37.125 [traceId=] o.h.SQL - 
    drop table if exists wallet
2024-11-06 13:45:37.140 [traceId=] o.h.SQL - 
    create table delivery (
        delivery_fee decimal(38,2) not null,
        drop_latitude float(53),
        drop_longitude float(53),
        pick_up_latitude float(53),
        pick_up_longitude float(53),
        created_at datetime(6),
        delivery_date datetime(6) not null,
        driver_id bigint,
        id bigint not null auto_increment,
        member_id bigint not null,
        updated_at datetime(6),
        created_by varchar(255),
        deleted varchar(255),
        delivery_options varchar(255),
        drop_address varchar(255),
        idempotency_key varchar(255),
        modified_by varchar(255),
        pick_up_address varchar(255),
        reservation_number varchar(255) not null,
        delivery_personal_category enum ('PERSONAL_GENERAL_CARGO','PERSONAL_MINI_CARGO','PERSONAL_MOVING_CARGO'),
        delivery_status enum ('ASSIGNMENT_COMPLETED','ASSIGNMENT_PENDING','CANCELED','DELIVERING','DELIVERY_COMPLETED','PAYMENT_PENDING'),
        delivery_type enum ('BUSINESS','PERSONAL'),
        vehicle_type enum ('CARGO','FREEZER','LIFT','REFRIGERATED','TOP_CAR','WATERPROOF_COVER','WING_BODY'),
        vehicle_weight enum ('DAMAS','FIVE_TON','ONE_TON','RAMBO','THREE_TON'),
        primary key (id)
    ) engine=InnoDB
2024-11-06 13:45:37.140 [traceId=] o.h.SQL - 
    create table delivery (
        delivery_fee decimal(38,2) not null,
        drop_latitude float(53),
        drop_longitude float(53),
        pick_up_latitude float(53),
        pick_up_longitude float(53),
        created_at datetime(6),
        delivery_date datetime(6) not null,
        driver_id bigint,
        id bigint not null auto_increment,
        member_id bigint not null,
        updated_at datetime(6),
        created_by varchar(255),
        deleted varchar(255),
        delivery_options varchar(255),
        drop_address varchar(255),
        idempotency_key varchar(255),
        modified_by varchar(255),
        pick_up_address varchar(255),
        reservation_number varchar(255) not null,
        delivery_personal_category enum ('PERSONAL_GENERAL_CARGO','PERSONAL_MINI_CARGO','PERSONAL_MOVING_CARGO'),
        delivery_status enum ('ASSIGNMENT_COMPLETED','ASSIGNMENT_PENDING','CANCELED','DELIVERING','DELIVERY_COMPLETED','PAYMENT_PENDING'),
        delivery_type enum ('BUSINESS','PERSONAL'),
        vehicle_type enum ('CARGO','FREEZER','LIFT','REFRIGERATED','TOP_CAR','WATERPROOF_COVER','WING_BODY'),
        vehicle_weight enum ('DAMAS','FIVE_TON','ONE_TON','RAMBO','THREE_TON'),
        primary key (id)
    ) engine=InnoDB
2024-11-06 13:45:37.159 [traceId=] c.z.h.p.HikariPool - HikariPool-1 - After adding stats (total=47, active=1, idle=46, waiting=0)
2024-11-06 13:45:37.164 [traceId=] c.z.h.p.HikariPool - HikariPool-1 - Added connection com.mysql.cj.jdbc.ConnectionImpl@4fbc6608
2024-11-06 13:45:37.190 [traceId=] o.h.SQL - 
    create table driver (
        balance decimal(38,2),
        created_at datetime(6),
        id bigint not null auto_increment,
        updated_at datetime(6),
        created_by varchar(255),
        driver_name varchar(255) not null,
        modified_by varchar(255),
        password varchar(255) not null,
        roles enum ('ADMIN','DRIVER','USER'),
        vehicle_type enum ('CARGO','FREEZER','LIFT','REFRIGERATED','TOP_CAR','WATERPROOF_COVER','WING_BODY'),
        vehicle_weight enum ('DAMAS','FIVE_TON','ONE_TON','RAMBO','THREE_TON'),
        primary key (id)
    ) engine=InnoDB
2024-11-06 13:45:37.190 [traceId=] o.h.SQL - 
    create table driver (
        balance decimal(38,2),
        created_at datetime(6),
        id bigint not null auto_increment,
        updated_at datetime(6),
        created_by varchar(255),
        driver_name varchar(255) not null,
        modified_by varchar(255),
        password varchar(255) not null,
        roles enum ('ADMIN','DRIVER','USER'),
        vehicle_type enum ('CARGO','FREEZER','LIFT','REFRIGERATED','TOP_CAR','WATERPROOF_COVER','WING_BODY'),
        vehicle_weight enum ('DAMAS','FIVE_TON','ONE_TON','RAMBO','THREE_TON'),
        primary key (id)
    ) engine=InnoDB
2024-11-06 13:45:37.206 [traceId=] c.z.h.p.HikariPool - HikariPool-1 - After adding stats (total=48, active=1, idle=47, waiting=0)
2024-11-06 13:45:37.211 [traceId=] c.z.h.p.HikariPool - HikariPool-1 - Added connection com.mysql.cj.jdbc.ConnectionImpl@64325aba
2024-11-06 13:45:37.234 [traceId=] o.h.SQL - 
    create table member (
        created_at datetime(6),
        id bigint not null auto_increment,
        provide_id bigint,
        updated_at datetime(6),
        created_by varchar(255),
        email varchar(255),
        member_name varchar(255) not null,
        modified_by varchar(255),
        password varchar(255),
        provider enum ('KAKAO'),
        roles enum ('ADMIN','DRIVER','USER'),
        primary key (id)
    ) engine=InnoDB
2024-11-06 13:45:37.234 [traceId=] o.h.SQL - 
    create table member (
        created_at datetime(6),
        id bigint not null auto_increment,
        provide_id bigint,
        updated_at datetime(6),
        created_by varchar(255),
        email varchar(255),
        member_name varchar(255) not null,
        modified_by varchar(255),
        password varchar(255),
        provider enum ('KAKAO'),
        roles enum ('ADMIN','DRIVER','USER'),
        primary key (id)
    ) engine=InnoDB
2024-11-06 13:45:37.253 [traceId=] c.z.h.p.HikariPool - HikariPool-1 - After adding stats (total=49, active=1, idle=48, waiting=0)
2024-11-06 13:45:37.257 [traceId=] c.z.h.p.HikariPool - HikariPool-1 - Added connection com.mysql.cj.jdbc.ConnectionImpl@1194323e
2024-11-06 13:45:37.272 [traceId=] o.h.SQL - 
    create table stop_over (
        drop_latitude float(53),
        drop_longitude float(53),
        pick_up_latitude float(53),
        pick_up_longitude float(53),
        delivery_id bigint,
        id bigint not null auto_increment,
        deleted varchar(255),
        drop_address varchar(255),
        pick_up_address varchar(255),
        primary key (id)
    ) engine=InnoDB
2024-11-06 13:45:37.272 [traceId=] o.h.SQL - 
    create table stop_over (
        drop_latitude float(53),
        drop_longitude float(53),
        pick_up_latitude float(53),
        pick_up_longitude float(53),
        delivery_id bigint,
        id bigint not null auto_increment,
        deleted varchar(255),
        drop_address varchar(255),
        pick_up_address varchar(255),
        primary key (id)
    ) engine=InnoDB
2024-11-06 13:45:37.300 [traceId=] c.z.h.p.HikariPool - HikariPool-1 - After adding stats (total=50, active=1, idle=49, waiting=0)
2024-11-06 13:45:37.304 [traceId=] c.z.h.p.HikariPool - HikariPool-1 - Added connection com.mysql.cj.jdbc.ConnectionImpl@1ccaddd
2024-11-06 13:45:37.306 [traceId=] o.h.SQL - 
    create table wallet (
        balance decimal(38,2),
        created_at datetime(6),
        id bigint not null auto_increment,
        member_id bigint not null,
        updated_at datetime(6),
        charge_idempotency_key varchar(255),
        created_by varchar(255),
        modified_by varchar(255),
        payment_idempotency_key varchar(255),
        card_company enum ('HANA','IBK','KB','LOTTE','NH','SAMSUNG','SHINHAN','WOORI'),
        primary key (id)
    ) engine=InnoDB
2024-11-06 13:45:37.306 [traceId=] o.h.SQL - 
    create table wallet (
        balance decimal(38,2),
        created_at datetime(6),
        id bigint not null auto_increment,
        member_id bigint not null,
        updated_at datetime(6),
        charge_idempotency_key varchar(255),
        created_by varchar(255),
        modified_by varchar(255),
        payment_idempotency_key varchar(255),
        card_company enum ('HANA','IBK','KB','LOTTE','NH','SAMSUNG','SHINHAN','WOORI'),
        primary key (id)
    ) engine=InnoDB
2024-11-06 13:45:37.345 [traceId=] o.h.SQL - 
    create index idx_member_delivery_status 
       on delivery (member_id, delivery_status)
2024-11-06 13:45:37.345 [traceId=] o.h.SQL - 
    create index idx_member_delivery_status 
       on delivery (member_id, delivery_status)
2024-11-06 13:45:37.347 [traceId=] c.z.h.p.HikariPool - HikariPool-1 - After adding stats (total=51, active=1, idle=50, waiting=0)
2024-11-06 13:45:37.351 [traceId=] c.z.h.p.HikariPool - HikariPool-1 - Added connection com.mysql.cj.jdbc.ConnectionImpl@28299f12
2024-11-06 13:45:37.390 [traceId=] o.h.SQL - 
    alter table delivery 
       add constraint UKi6o4mhewb8ghmsa3rjb6coedx unique (idempotency_key)
2024-11-06 13:45:37.390 [traceId=] o.h.SQL - 
    alter table delivery 
       add constraint UKi6o4mhewb8ghmsa3rjb6coedx unique (idempotency_key)
2024-11-06 13:45:37.394 [traceId=] c.z.h.p.HikariPool - HikariPool-1 - After adding stats (total=52, active=1, idle=51, waiting=0)
2024-11-06 13:45:37.400 [traceId=] c.z.h.p.HikariPool - HikariPool-1 - Added connection com.mysql.cj.jdbc.ConnectionImpl@555bb8c4
2024-11-06 13:45:37.430 [traceId=] o.h.SQL - 
    alter table delivery 
       add constraint UK1j31usbo3r8x93ruaspoijpk0 unique (reservation_number)
2024-11-06 13:45:37.430 [traceId=] o.h.SQL - 
    alter table delivery 
       add constraint UK1j31usbo3r8x93ruaspoijpk0 unique (reservation_number)
2024-11-06 13:45:37.442 [traceId=] c.z.h.p.HikariPool - HikariPool-1 - After adding stats (total=53, active=1, idle=52, waiting=0)
2024-11-06 13:45:37.447 [traceId=] c.z.h.p.HikariPool - HikariPool-1 - Added connection com.mysql.cj.jdbc.ConnectionImpl@4bd78940
2024-11-06 13:45:37.461 [traceId=] o.h.SQL - 
    alter table member 
       add constraint UKmbmcqelty0fbrvxp1q58dn57t unique (email)
2024-11-06 13:45:37.461 [traceId=] o.h.SQL - 
    alter table member 
       add constraint UKmbmcqelty0fbrvxp1q58dn57t unique (email)
2024-11-06 13:45:37.488 [traceId=] c.z.h.p.HikariPool - HikariPool-1 - After adding stats (total=54, active=1, idle=53, waiting=0)
2024-11-06 13:45:37.489 [traceId=] o.h.SQL - 
    alter table member 
       add constraint UKgwo2bqx6j18klv1e8ql503n61 unique (member_name)
2024-11-06 13:45:37.489 [traceId=] o.h.SQL - 
    alter table member 
       add constraint UKgwo2bqx6j18klv1e8ql503n61 unique (member_name)
2024-11-06 13:45:37.493 [traceId=] c.z.h.p.HikariPool - HikariPool-1 - Added connection com.mysql.cj.jdbc.ConnectionImpl@18cf60b3
2024-11-06 13:45:37.515 [traceId=] o.h.SQL - 
    alter table wallet 
       add constraint UK44t2h5lxmy9p1e0l5ypylke7f unique (charge_idempotency_key)
2024-11-06 13:45:37.515 [traceId=] o.h.SQL - 
    alter table wallet 
       add constraint UK44t2h5lxmy9p1e0l5ypylke7f unique (charge_idempotency_key)
2024-11-06 13:45:37.534 [traceId=] c.z.h.p.HikariPool - HikariPool-1 - After adding stats (total=55, active=1, idle=54, waiting=0)
2024-11-06 13:45:37.540 [traceId=] c.z.h.p.HikariPool - HikariPool-1 - Added connection com.mysql.cj.jdbc.ConnectionImpl@52efdeb8
2024-11-06 13:45:37.548 [traceId=] o.h.SQL - 
    alter table wallet 
       add constraint UKidk6oma9we7wo72o8m9w4fsea unique (payment_idempotency_key)
2024-11-06 13:45:37.548 [traceId=] o.h.SQL - 
    alter table wallet 
       add constraint UKidk6oma9we7wo72o8m9w4fsea unique (payment_idempotency_key)
2024-11-06 13:45:37.579 [traceId=] o.h.SQL - 
    alter table stop_over 
       add constraint FKdq2y8aydtsokrmdkc6pfwsg5s 
       foreign key (delivery_id) 
       references delivery (id)
2024-11-06 13:45:37.579 [traceId=] o.h.SQL - 
    alter table stop_over 
       add constraint FKdq2y8aydtsokrmdkc6pfwsg5s 
       foreign key (delivery_id) 
       references delivery (id)
2024-11-06 13:45:37.582 [traceId=] c.z.h.p.HikariPool - HikariPool-1 - After adding stats (total=56, active=1, idle=55, waiting=0)
2024-11-06 13:45:37.593 [traceId=] c.z.h.p.HikariPool - HikariPool-1 - Added connection com.mysql.cj.jdbc.ConnectionImpl@726056b4
2024-11-06 13:45:37.630 [traceId=] c.z.h.p.HikariPool - HikariPool-1 - After adding stats (total=57, active=1, idle=56, waiting=0)
2024-11-06 13:45:37.636 [traceId=] c.z.h.p.HikariPool - HikariPool-1 - Added connection com.mysql.cj.jdbc.ConnectionImpl@55aee6fa
2024-11-06 13:45:37.677 [traceId=] c.z.h.p.HikariPool - HikariPool-1 - After adding stats (total=58, active=1, idle=57, waiting=0)
2024-11-06 13:45:37.684 [traceId=] c.z.h.p.HikariPool - HikariPool-1 - Added connection com.mysql.cj.jdbc.ConnectionImpl@7f2ee76c
2024-11-06 13:45:37.724 [traceId=] c.z.h.p.HikariPool - HikariPool-1 - After adding stats (total=59, active=1, idle=58, waiting=0)
2024-11-06 13:45:37.730 [traceId=] c.z.h.p.HikariPool - HikariPool-1 - Added connection com.mysql.cj.jdbc.ConnectionImpl@63d83913
2024-11-06 13:45:37.770 [traceId=] o.s.o.j.LocalContainerEntityManagerFactoryBean - Initialized JPA EntityManagerFactory for persistence unit 'default'
2024-11-06 13:45:37.773 [traceId=] c.z.h.p.HikariPool - HikariPool-1 - After adding stats (total=60, active=0, idle=60, waiting=0)
2024-11-06 13:45:37.777 [traceId=] c.z.h.p.HikariPool - HikariPool-1 - Added connection com.mysql.cj.jdbc.ConnectionImpl@3a3139a4
2024-11-06 13:45:37.820 [traceId=] c.z.h.p.HikariPool - HikariPool-1 - After adding stats (total=61, active=0, idle=61, waiting=0)
2024-11-06 13:45:37.828 [traceId=] c.z.h.p.HikariPool - HikariPool-1 - Added connection com.mysql.cj.jdbc.ConnectionImpl@454a11da
2024-11-06 13:45:37.866 [traceId=] c.z.h.p.HikariPool - HikariPool-1 - After adding stats (total=62, active=0, idle=62, waiting=0)
2024-11-06 13:45:37.871 [traceId=] c.z.h.p.HikariPool - HikariPool-1 - Added connection com.mysql.cj.jdbc.ConnectionImpl@2196c7e2
2024-11-06 13:45:37.914 [traceId=] c.z.h.p.HikariPool - HikariPool-1 - After adding stats (total=63, active=0, idle=63, waiting=0)
2024-11-06 13:45:37.919 [traceId=] c.z.h.p.HikariPool - HikariPool-1 - Added connection com.mysql.cj.jdbc.ConnectionImpl@16f95ebd
2024-11-06 13:45:37.962 [traceId=] c.z.h.p.HikariPool - HikariPool-1 - After adding stats (total=64, active=0, idle=64, waiting=0)
2024-11-06 13:45:37.967 [traceId=] c.z.h.p.HikariPool - HikariPool-1 - Added connection com.mysql.cj.jdbc.ConnectionImpl@5ac562fc
2024-11-06 13:45:38.008 [traceId=] c.z.h.p.HikariPool - HikariPool-1 - After adding stats (total=65, active=0, idle=65, waiting=0)
2024-11-06 13:45:38.015 [traceId=] c.z.h.p.HikariPool - HikariPool-1 - Added connection com.mysql.cj.jdbc.ConnectionImpl@4722e551
2024-11-06 13:45:38.055 [traceId=] c.z.h.p.HikariPool - HikariPool-1 - After adding stats (total=66, active=0, idle=66, waiting=0)
2024-11-06 13:45:38.061 [traceId=] c.z.h.p.HikariPool - HikariPool-1 - Added connection com.mysql.cj.jdbc.ConnectionImpl@2344d254
2024-11-06 13:45:38.103 [traceId=] c.z.h.p.HikariPool - HikariPool-1 - After adding stats (total=67, active=0, idle=67, waiting=0)
2024-11-06 13:45:38.108 [traceId=] c.z.h.p.HikariPool - HikariPool-1 - Added connection com.mysql.cj.jdbc.ConnectionImpl@7a864993
2024-11-06 13:45:38.150 [traceId=] c.z.h.p.HikariPool - HikariPool-1 - After adding stats (total=68, active=0, idle=68, waiting=0)
2024-11-06 13:45:38.155 [traceId=] c.z.h.p.HikariPool - HikariPool-1 - Added connection com.mysql.cj.jdbc.ConnectionImpl@111ffc32
2024-11-06 13:45:38.197 [traceId=] c.z.h.p.HikariPool - HikariPool-1 - After adding stats (total=69, active=0, idle=69, waiting=0)
2024-11-06 13:45:38.201 [traceId=] c.z.h.p.HikariPool - HikariPool-1 - Added connection com.mysql.cj.jdbc.ConnectionImpl@25764f4
2024-11-06 13:45:38.245 [traceId=] c.z.h.p.HikariPool - HikariPool-1 - After adding stats (total=70, active=0, idle=70, waiting=0)
2024-11-06 13:45:38.256 [traceId=] c.z.h.p.HikariPool - HikariPool-1 - Added connection com.mysql.cj.jdbc.ConnectionImpl@1aa95248
2024-11-06 13:45:38.293 [traceId=] c.z.h.p.HikariPool - HikariPool-1 - After adding stats (total=71, active=0, idle=71, waiting=0)
2024-11-06 13:45:38.300 [traceId=] c.z.h.p.HikariPool - HikariPool-1 - Added connection com.mysql.cj.jdbc.ConnectionImpl@42e38eb2
2024-11-06 13:45:38.341 [traceId=] c.z.h.p.HikariPool - HikariPool-1 - After adding stats (total=72, active=0, idle=72, waiting=0)
2024-11-06 13:45:38.346 [traceId=] c.z.h.p.HikariPool - HikariPool-1 - Added connection com.mysql.cj.jdbc.ConnectionImpl@28ff3bf1
2024-11-06 13:45:38.388 [traceId=] c.z.h.p.HikariPool - HikariPool-1 - After adding stats (total=73, active=0, idle=73, waiting=0)
2024-11-06 13:45:38.393 [traceId=] c.z.h.p.HikariPool - HikariPool-1 - Added connection com.mysql.cj.jdbc.ConnectionImpl@5c98bef2
2024-11-06 13:45:38.436 [traceId=] c.z.h.p.HikariPool - HikariPool-1 - After adding stats (total=74, active=0, idle=74, waiting=0)
2024-11-06 13:45:38.441 [traceId=] c.z.h.p.HikariPool - HikariPool-1 - Added connection com.mysql.cj.jdbc.ConnectionImpl@55c89ac8
2024-11-06 13:45:38.483 [traceId=] c.z.h.p.HikariPool - HikariPool-1 - After adding stats (total=75, active=0, idle=75, waiting=0)
2024-11-06 13:45:38.487 [traceId=] c.z.h.p.HikariPool - HikariPool-1 - Added connection com.mysql.cj.jdbc.ConnectionImpl@4fdd3dea
2024-11-06 13:45:38.530 [traceId=] c.z.h.p.HikariPool - HikariPool-1 - After adding stats (total=76, active=0, idle=76, waiting=0)
2024-11-06 13:45:38.534 [traceId=] c.z.h.p.HikariPool - HikariPool-1 - Added connection com.mysql.cj.jdbc.ConnectionImpl@12eff003
2024-11-06 13:45:38.558 [traceId=] o.s.d.j.r.q.QueryEnhancerFactory - Hibernate is in classpath; If applicable, HQL parser will be used.
2024-11-06 13:45:38.578 [traceId=] c.z.h.p.HikariPool - HikariPool-1 - After adding stats (total=77, active=0, idle=77, waiting=0)
2024-11-06 13:45:38.583 [traceId=] c.z.h.p.HikariPool - HikariPool-1 - Added connection com.mysql.cj.jdbc.ConnectionImpl@39ea5cbb
2024-11-06 13:45:38.625 [traceId=] c.z.h.p.HikariPool - HikariPool-1 - After adding stats (total=78, active=0, idle=78, waiting=0)
2024-11-06 13:45:38.630 [traceId=] c.z.h.p.HikariPool - HikariPool-1 - Added connection com.mysql.cj.jdbc.ConnectionImpl@56a9c4a9
2024-11-06 13:45:38.672 [traceId=] c.z.h.p.HikariPool - HikariPool-1 - After adding stats (total=79, active=0, idle=79, waiting=0)
2024-11-06 13:45:38.677 [traceId=] c.z.h.p.HikariPool - HikariPool-1 - Added connection com.mysql.cj.jdbc.ConnectionImpl@52dab2af
2024-11-06 13:45:38.720 [traceId=] c.z.h.p.HikariPool - HikariPool-1 - After adding stats (total=80, active=0, idle=80, waiting=0)
2024-11-06 13:45:38.725 [traceId=] c.z.h.p.HikariPool - HikariPool-1 - Added connection com.mysql.cj.jdbc.ConnectionImpl@2ba5c8fc
2024-11-06 13:45:38.768 [traceId=] c.z.h.p.HikariPool - HikariPool-1 - After adding stats (total=81, active=0, idle=81, waiting=0)
2024-11-06 13:45:38.773 [traceId=] c.z.h.p.HikariPool - HikariPool-1 - Added connection com.mysql.cj.jdbc.ConnectionImpl@64ee1928
2024-11-06 13:45:38.815 [traceId=] c.z.h.p.HikariPool - HikariPool-1 - After adding stats (total=82, active=0, idle=82, waiting=0)
2024-11-06 13:45:38.819 [traceId=] c.z.h.p.HikariPool - HikariPool-1 - Added connection com.mysql.cj.jdbc.ConnectionImpl@5cf0b64a
2024-11-06 13:45:38.862 [traceId=] c.z.h.p.HikariPool - HikariPool-1 - After adding stats (total=83, active=0, idle=83, waiting=0)
2024-11-06 13:45:38.867 [traceId=] c.z.h.p.HikariPool - HikariPool-1 - Added connection com.mysql.cj.jdbc.ConnectionImpl@1fb3bd34
2024-11-06 13:45:38.909 [traceId=] c.z.h.p.HikariPool - HikariPool-1 - After adding stats (total=84, active=0, idle=84, waiting=0)
2024-11-06 13:45:38.914 [traceId=] c.z.h.p.HikariPool - HikariPool-1 - Added connection com.mysql.cj.jdbc.ConnectionImpl@2460387a
2024-11-06 13:45:38.957 [traceId=] c.z.h.p.HikariPool - HikariPool-1 - After adding stats (total=85, active=0, idle=85, waiting=0)
2024-11-06 13:45:38.962 [traceId=] c.z.h.p.HikariPool - HikariPool-1 - Added connection com.mysql.cj.jdbc.ConnectionImpl@2ba4052f
2024-11-06 13:45:39.005 [traceId=] c.z.h.p.HikariPool - HikariPool-1 - After adding stats (total=86, active=0, idle=86, waiting=0)
2024-11-06 13:45:39.011 [traceId=] c.z.h.p.HikariPool - HikariPool-1 - Added connection com.mysql.cj.jdbc.ConnectionImpl@2fe361a7
2024-11-06 13:45:39.052 [traceId=] c.z.h.p.HikariPool - HikariPool-1 - After adding stats (total=87, active=0, idle=87, waiting=0)
2024-11-06 13:45:39.058 [traceId=] c.z.h.p.HikariPool - HikariPool-1 - Added connection com.mysql.cj.jdbc.ConnectionImpl@6f6bc2a2
2024-11-06 13:45:39.100 [traceId=] c.z.h.p.HikariPool - HikariPool-1 - After adding stats (total=88, active=0, idle=88, waiting=0)
2024-11-06 13:45:39.109 [traceId=] c.z.h.p.HikariPool - HikariPool-1 - Added connection com.mysql.cj.jdbc.ConnectionImpl@782c2c35
2024-11-06 13:45:39.147 [traceId=] c.z.h.p.HikariPool - HikariPool-1 - After adding stats (total=89, active=0, idle=89, waiting=0)
2024-11-06 13:45:39.151 [traceId=] c.z.h.p.HikariPool - HikariPool-1 - Added connection com.mysql.cj.jdbc.ConnectionImpl@44f0494c
2024-11-06 13:45:39.194 [traceId=] c.z.h.p.HikariPool - HikariPool-1 - After adding stats (total=90, active=0, idle=90, waiting=0)
2024-11-06 13:45:39.199 [traceId=] c.z.h.p.HikariPool - HikariPool-1 - Added connection com.mysql.cj.jdbc.ConnectionImpl@25b84191
2024-11-06 13:45:39.242 [traceId=] c.z.h.p.HikariPool - HikariPool-1 - After adding stats (total=91, active=0, idle=91, waiting=0)
2024-11-06 13:45:39.247 [traceId=] c.z.h.p.HikariPool - HikariPool-1 - Added connection com.mysql.cj.jdbc.ConnectionImpl@69ad9381
2024-11-06 13:45:39.290 [traceId=] c.z.h.p.HikariPool - HikariPool-1 - After adding stats (total=92, active=0, idle=92, waiting=0)
2024-11-06 13:45:39.294 [traceId=] c.z.h.p.HikariPool - HikariPool-1 - Added connection com.mysql.cj.jdbc.ConnectionImpl@5637139a
2024-11-06 13:45:39.338 [traceId=] c.z.h.p.HikariPool - HikariPool-1 - After adding stats (total=93, active=0, idle=93, waiting=0)
2024-11-06 13:45:39.344 [traceId=] c.z.h.p.HikariPool - HikariPool-1 - Added connection com.mysql.cj.jdbc.ConnectionImpl@74dda180
2024-11-06 13:45:39.385 [traceId=] c.z.h.p.HikariPool - HikariPool-1 - After adding stats (total=94, active=0, idle=94, waiting=0)
2024-11-06 13:45:39.390 [traceId=] c.z.h.p.HikariPool - HikariPool-1 - Added connection com.mysql.cj.jdbc.ConnectionImpl@8a970f9
2024-11-06 13:45:39.433 [traceId=] c.z.h.p.HikariPool - HikariPool-1 - After adding stats (total=95, active=0, idle=95, waiting=0)
2024-11-06 13:45:39.437 [traceId=] c.z.h.p.HikariPool - HikariPool-1 - Added connection com.mysql.cj.jdbc.ConnectionImpl@281cfefd
2024-11-06 13:45:39.480 [traceId=] c.z.h.p.HikariPool - HikariPool-1 - After adding stats (total=96, active=0, idle=96, waiting=0)
2024-11-06 13:45:39.484 [traceId=] c.z.h.p.HikariPool - HikariPool-1 - Added connection com.mysql.cj.jdbc.ConnectionImpl@6db8db74
2024-11-06 13:45:39.527 [traceId=] c.z.h.p.HikariPool - HikariPool-1 - After adding stats (total=97, active=0, idle=97, waiting=0)
2024-11-06 13:45:39.558 [traceId=] c.z.h.p.HikariPool - HikariPool-1 - Added connection com.mysql.cj.jdbc.ConnectionImpl@379a1f61
2024-11-06 13:45:39.590 [traceId=] c.z.h.p.HikariPool - HikariPool-1 - After adding stats (total=98, active=0, idle=98, waiting=0)
2024-11-06 13:45:39.594 [traceId=] c.z.h.p.HikariPool - HikariPool-1 - Added connection com.mysql.cj.jdbc.ConnectionImpl@1844b533
2024-11-06 13:45:39.637 [traceId=] c.z.h.p.HikariPool - HikariPool-1 - After adding stats (total=99, active=0, idle=99, waiting=0)
2024-11-06 13:45:39.654 [traceId=] c.z.h.p.HikariPool - HikariPool-1 - Added connection com.mysql.cj.jdbc.ConnectionImpl@709f8526
2024-11-06 13:45:39.686 [traceId=] c.z.h.p.HikariPool - HikariPool-1 - After adding stats (total=100, active=0, idle=100, waiting=0)
2024-11-06 13:45:40.566 [traceId=] o.s.s.c.a.a.c.InitializeUserDetailsBeanManagerConfigurer$InitializeUserDetailsManagerConfigurer - Global AuthenticationManager configured with UserDetailsService bean with name userDetailsServiceImpl
2024-11-06 13:45:41.177 [traceId=] o.r.Version - Redisson 3.18.0
2024-11-06 13:45:41.589 [traceId=] o.r.c.p.MasterPubSubConnectionPool - 1 connections initialized for localhost/127.0.0.1:6379
2024-11-06 13:45:41.659 [traceId=] o.r.c.p.MasterConnectionPool - 64 connections initialized for localhost/127.0.0.1:6379
2024-11-06 13:45:42.329 [traceId=] o.s.w.s.m.m.a.RequestMappingHandlerMapping - 22 mappings in 'requestMappingHandlerMapping'
2024-11-06 13:45:42.648 [traceId=] o.s.w.s.h.SimpleUrlHandlerMapping - Patterns [/webjars/**, /**] in 'resourceHandlerMapping'
2024-11-06 13:45:43.399 [traceId=] o.s.b.a.e.w.EndpointLinksResolver - Exposing 1 endpoint beneath base path '/actuator'
2024-11-06 13:45:44.043 [traceId=] o.s.w.s.m.m.a.RequestMappingHandlerAdapter - ControllerAdvice beans: 0 @ModelAttribute, 0 @InitBinder, 1 RequestBodyAdvice, 1 ResponseBodyAdvice
2024-11-06 13:45:44.137 [traceId=] o.s.w.s.m.m.a.ExceptionHandlerExceptionResolver - ControllerAdvice beans: 1 @ExceptionHandler, 1 ResponseBodyAdvice
2024-11-06 13:45:45.235 [traceId=] o.a.c.h.Http11NioProtocol - Starting ProtocolHandler ["http-nio-8080"]
2024-11-06 13:45:45.251 [traceId=] o.s.b.w.e.t.TomcatWebServer - Tomcat started on port 8080 (http) with context path '/'
2024-11-06 13:45:45.267 [traceId=] c.e.AppStoreAdminApplication - Started AppStoreAdminApplication in 20.262 seconds (process running for 21.448)
2024-11-06 13:45:45.711 [traceId=] o.a.c.c.C.[.[.[/] - Initializing Spring DispatcherServlet 'dispatcherServlet'
2024-11-06 13:45:45.711 [traceId=] o.s.w.s.DispatcherServlet - Initializing Servlet 'dispatcherServlet'
2024-11-06 13:45:45.712 [traceId=] o.s.w.s.DispatcherServlet - Detected StandardServletMultipartResolver
2024-11-06 13:45:45.800 [traceId=] o.s.w.s.DispatcherServlet - Detected AcceptHeaderLocaleResolver
2024-11-06 13:45:45.800 [traceId=] o.s.w.s.DispatcherServlet - Detected FixedThemeResolver
2024-11-06 13:45:45.805 [traceId=] o.s.w.s.DispatcherServlet - Detected org.springframework.web.servlet.view.DefaultRequestToViewNameTranslator@2bcaa34
2024-11-06 13:45:45.806 [traceId=] o.s.w.s.DispatcherServlet - Detected org.springframework.web.servlet.support.SessionFlashMapManager@422910a6
2024-11-06 13:45:45.807 [traceId=] o.s.w.s.DispatcherServlet - enableLoggingRequestDetails='false': request parameters and headers will be masked to prevent unsafe logging of potentially sensitive data
2024-11-06 13:45:45.807 [traceId=] o.s.w.s.DispatcherServlet - Completed initialization in 95 ms
