2024-11-13 13:12:13.267 [traceId=] c.z.h.p.HikariPool - HikariPool-1 - Pool stats (total=100, active=0, idle=100, waiting=0)
2024-11-13 13:12:13.271 [traceId=] c.z.h.p.HikariPool - HikariPool-1 - Fill pool skipped, pool has sufficient level or currently being filled.
2024-11-13 13:12:25.198 [traceId=] o.s.w.s.DispatcherServlet - POST "/api/member/sign-up", parameters={}
2024-11-13 13:12:25.200 [traceId=] o.s.w.s.m.m.a.RequestMappingHandlerMapping - Mapped to com.example.controller.member.MemberController#memberSave(SignUpRequest)
2024-11-13 13:12:25.300 [traceId=] o.s.w.s.m.m.a.RequestResponseBodyMethodProcessor - Read "application/json;charset=UTF-8" to [com.example.member.model.dto.request.SignUpRequest@5e5dd1c8]
2024-11-13 13:12:25.634 [traceId=a85cbeb2-bfd3-46ce-ac47-6249908f1bd5] o.h.SQL - 
    select
        m1_0.id,
        m1_0.created_at,
        m1_0.created_by,
        m1_0.email,
        m1_0.member_name,
        m1_0.modified_by,
        m1_0.password,
        m1_0.provide_id,
        m1_0.provider,
        m1_0.roles,
        m1_0.updated_at 
    from
        member m1_0 
    where
        m1_0.email=?
2024-11-13 13:12:25.634 [traceId=a85cbeb2-bfd3-46ce-ac47-6249908f1bd5] o.h.SQL - 
    select
        m1_0.id,
        m1_0.created_at,
        m1_0.created_by,
        m1_0.email,
        m1_0.member_name,
        m1_0.modified_by,
        m1_0.password,
        m1_0.provide_id,
        m1_0.provider,
        m1_0.roles,
        m1_0.updated_at 
    from
        member m1_0 
    where
        m1_0.email=?
2024-11-13 13:12:25.686 [traceId=a85cbeb2-bfd3-46ce-ac47-6249908f1bd5] o.h.SQL - 
    select
        m1_0.id,
        m1_0.created_at,
        m1_0.created_by,
        m1_0.email,
        m1_0.member_name,
        m1_0.modified_by,
        m1_0.password,
        m1_0.provide_id,
        m1_0.provider,
        m1_0.roles,
        m1_0.updated_at 
    from
        member m1_0 
    where
        m1_0.member_name=?
2024-11-13 13:12:25.686 [traceId=a85cbeb2-bfd3-46ce-ac47-6249908f1bd5] o.h.SQL - 
    select
        m1_0.id,
        m1_0.created_at,
        m1_0.created_by,
        m1_0.email,
        m1_0.member_name,
        m1_0.modified_by,
        m1_0.password,
        m1_0.provide_id,
        m1_0.provider,
        m1_0.roles,
        m1_0.updated_at 
    from
        member m1_0 
    where
        m1_0.member_name=?
2024-11-13 13:12:25.895 [traceId=a85cbeb2-bfd3-46ce-ac47-6249908f1bd5] o.h.SQL - 
    insert 
    into
        member
        (created_at, created_by, email, member_name, modified_by, password, provide_id, provider, roles, updated_at) 
    values
        (?, ?, ?, ?, ?, ?, ?, ?, ?, ?)
2024-11-13 13:12:25.895 [traceId=a85cbeb2-bfd3-46ce-ac47-6249908f1bd5] o.h.SQL - 
    insert 
    into
        member
        (created_at, created_by, email, member_name, modified_by, password, provide_id, provider, roles, updated_at) 
    values
        (?, ?, ?, ?, ?, ?, ?, ?, ?, ?)
2024-11-13 13:12:25.967 [traceId=] o.s.w.s.m.m.a.HttpEntityMethodProcessor - Using 'application/json', given [*/*] and supported [application/json, application/*+json]
2024-11-13 13:12:25.967 [traceId=] o.s.w.s.m.m.a.HttpEntityMethodProcessor - Writing [com.example.member.model.dto.response.MemberSaveResponse@6d5d2fb1]
2024-11-13 13:12:25.985 [traceId=] o.s.w.s.DispatcherServlet - Completed 201 CREATED
2024-11-13 13:12:27.112 [traceId=] o.s.w.s.DispatcherServlet - POST "/api/member/sign-in", parameters={}
2024-11-13 13:12:27.113 [traceId=] o.s.w.s.m.m.a.RequestMappingHandlerMapping - Mapped to com.example.controller.member.MemberController#signIn(SignInRequest)
2024-11-13 13:12:27.119 [traceId=] o.s.w.s.m.m.a.RequestResponseBodyMethodProcessor - Read "application/json;charset=UTF-8" to [com.example.member.model.dto.request.SignInRequest@57b36305]
2024-11-13 13:12:27.419 [traceId=2857bdd6-0f57-462f-b5db-12bc0c3154f4] o.h.SQL - 
    select
        m1_0.id,
        m1_0.created_at,
        m1_0.created_by,
        m1_0.email,
        m1_0.member_name,
        m1_0.modified_by,
        m1_0.password,
        m1_0.provide_id,
        m1_0.provider,
        m1_0.roles,
        m1_0.updated_at 
    from
        member m1_0 
    where
        m1_0.member_name=?
2024-11-13 13:12:27.419 [traceId=2857bdd6-0f57-462f-b5db-12bc0c3154f4] o.h.SQL - 
    select
        m1_0.id,
        m1_0.created_at,
        m1_0.created_by,
        m1_0.email,
        m1_0.member_name,
        m1_0.modified_by,
        m1_0.password,
        m1_0.provide_id,
        m1_0.provider,
        m1_0.roles,
        m1_0.updated_at 
    from
        member m1_0 
    where
        m1_0.member_name=?
2024-11-13 13:12:27.450 [traceId=2857bdd6-0f57-462f-b5db-12bc0c3154f4] o.h.SQL - 
    select
        d1_0.id,
        d1_0.balance,
        d1_0.created_at,
        d1_0.created_by,
        d1_0.driver_name,
        d1_0.image_url,
        d1_0.modified_by,
        d1_0.password,
        d1_0.roles,
        d1_0.updated_at,
        d1_0.vehicle_type,
        d1_0.vehicle_weight 
    from
        driver d1_0 
    where
        d1_0.driver_name=?
2024-11-13 13:12:27.450 [traceId=2857bdd6-0f57-462f-b5db-12bc0c3154f4] o.h.SQL - 
    select
        d1_0.id,
        d1_0.balance,
        d1_0.created_at,
        d1_0.created_by,
        d1_0.driver_name,
        d1_0.image_url,
        d1_0.modified_by,
        d1_0.password,
        d1_0.roles,
        d1_0.updated_at,
        d1_0.vehicle_type,
        d1_0.vehicle_weight 
    from
        driver d1_0 
    where
        d1_0.driver_name=?
2024-11-13 13:12:27.826 [traceId=] o.s.w.s.m.m.a.RequestResponseBodyMethodProcessor - Using 'application/json', given [*/*] and supported [application/json, application/*+json]
2024-11-13 13:12:27.827 [traceId=] o.s.w.s.m.m.a.RequestResponseBodyMethodProcessor - Writing [JwtToken(grantType=Bearer, accessToken=eyJhbGciOiJIUzI1NiJ9.eyJzdWIiOiJxcXExMjM0IiwiYXV0aCI6IlVTRVIi (truncated)...]
2024-11-13 13:12:27.829 [traceId=] o.s.w.s.DispatcherServlet - Completed 200 OK
2024-11-13 13:12:38.443 [traceId=] o.s.w.s.DispatcherServlet - POST "/api/delivery", parameters={}
2024-11-13 13:12:38.447 [traceId=] o.s.w.s.m.m.a.RequestMappingHandlerMapping - Mapped to com.example.controller.delivery.DeliveryController#saveDelivery(CustomUserDetails, DeliverySaveRequest)
2024-11-13 13:12:38.518 [traceId=] o.s.w.s.m.m.a.RequestResponseBodyMethodProcessor - Read "application/json;charset=UTF-8" to [com.example.delivery.model.dto.request.DeliverySaveRequest@af5d2c5]
2024-11-13 13:12:38.643 [traceId=20dcd368-d8cc-4584-b0b6-d2681425667b] o.h.SQL - 
    select
        m1_0.id,
        m1_0.created_at,
        m1_0.created_by,
        m1_0.email,
        m1_0.member_name,
        m1_0.modified_by,
        m1_0.password,
        m1_0.provide_id,
        m1_0.provider,
        m1_0.roles,
        m1_0.updated_at 
    from
        member m1_0 
    where
        m1_0.id=?
2024-11-13 13:12:38.643 [traceId=20dcd368-d8cc-4584-b0b6-d2681425667b] o.h.SQL - 
    select
        m1_0.id,
        m1_0.created_at,
        m1_0.created_by,
        m1_0.email,
        m1_0.member_name,
        m1_0.modified_by,
        m1_0.password,
        m1_0.provide_id,
        m1_0.provider,
        m1_0.roles,
        m1_0.updated_at 
    from
        member m1_0 
    where
        m1_0.id=?
2024-11-13 13:12:39.765 [traceId=] o.s.w.c.HttpMessageConverterExtractor - Reading to [com.fasterxml.jackson.databind.JsonNode]
2024-11-13 13:12:39.765 [traceId=] o.s.w.c.HttpMessageConverterExtractor - Reading to [com.fasterxml.jackson.databind.JsonNode]
2024-11-13 13:12:39.866 [traceId=20dcd368-d8cc-4584-b0b6-d2681425667b] o.h.SQL - 
    select
        count(*) 
    from
        delivery d1_0
2024-11-13 13:12:39.866 [traceId=20dcd368-d8cc-4584-b0b6-d2681425667b] o.h.SQL - 
    select
        count(*) 
    from
        delivery d1_0
2024-11-13 13:12:39.890 [traceId=20dcd368-d8cc-4584-b0b6-d2681425667b] o.h.SQL - 
    select
        d1_0.id 
    from
        delivery d1_0 
    where
        d1_0.reservation_number=? 
    limit
        ?
2024-11-13 13:12:39.890 [traceId=20dcd368-d8cc-4584-b0b6-d2681425667b] o.h.SQL - 
    select
        d1_0.id 
    from
        delivery d1_0 
    where
        d1_0.reservation_number=? 
    limit
        ?
2024-11-13 13:12:39.919 [traceId=20dcd368-d8cc-4584-b0b6-d2681425667b] o.h.SQL - 
    insert 
    into
        delivery
        (created_at, created_by, deleted, drop_address, drop_latitude, drop_longitude, pick_up_address, pick_up_latitude, pick_up_longitude, delivery_personal_category, delivery_type, delivery_date, delivery_fee, delivery_options, delivery_status, driver_id, idempotency_key, member_id, modified_by, reservation_number, updated_at, vehicle_type, vehicle_weight) 
    values
        (?, ?, ?, ?, ?, ?, ?, ?, ?, ?, ?, ?, ?, ?, ?, ?, ?, ?, ?, ?, ?, ?, ?)
2024-11-13 13:12:39.919 [traceId=20dcd368-d8cc-4584-b0b6-d2681425667b] o.h.SQL - 
    insert 
    into
        delivery
        (created_at, created_by, deleted, drop_address, drop_latitude, drop_longitude, pick_up_address, pick_up_latitude, pick_up_longitude, delivery_personal_category, delivery_type, delivery_date, delivery_fee, delivery_options, delivery_status, driver_id, idempotency_key, member_id, modified_by, reservation_number, updated_at, vehicle_type, vehicle_weight) 
    values
        (?, ?, ?, ?, ?, ?, ?, ?, ?, ?, ?, ?, ?, ?, ?, ?, ?, ?, ?, ?, ?, ?, ?)
2024-11-13 13:12:40.086 [traceId=] o.s.w.c.HttpMessageConverterExtractor - Reading to [com.fasterxml.jackson.databind.JsonNode]
2024-11-13 13:12:40.139 [traceId=] o.s.w.c.HttpMessageConverterExtractor - Reading to [com.fasterxml.jackson.databind.JsonNode]
2024-11-13 13:12:40.146 [traceId=20dcd368-d8cc-4584-b0b6-d2681425667b] o.h.SQL - 
    insert 
    into
        stop_over
        (delivery_id, drop_address, drop_latitude, drop_longitude, pick_up_address, pick_up_latitude, pick_up_longitude) 
    values
        (?, ?, ?, ?, ?, ?, ?)
2024-11-13 13:12:40.146 [traceId=20dcd368-d8cc-4584-b0b6-d2681425667b] o.h.SQL - 
    insert 
    into
        stop_over
        (delivery_id, drop_address, drop_latitude, drop_longitude, pick_up_address, pick_up_latitude, pick_up_longitude) 
    values
        (?, ?, ?, ?, ?, ?, ?)
2024-11-13 13:12:40.201 [traceId=] o.s.w.c.HttpMessageConverterExtractor - Reading to [com.fasterxml.jackson.databind.JsonNode]
2024-11-13 13:12:40.229 [traceId=] o.s.w.c.HttpMessageConverterExtractor - Reading to [com.fasterxml.jackson.databind.JsonNode]
2024-11-13 13:12:40.233 [traceId=20dcd368-d8cc-4584-b0b6-d2681425667b] o.h.SQL - 
    insert 
    into
        stop_over
        (delivery_id, drop_address, drop_latitude, drop_longitude, pick_up_address, pick_up_latitude, pick_up_longitude) 
    values
        (?, ?, ?, ?, ?, ?, ?)
2024-11-13 13:12:40.233 [traceId=20dcd368-d8cc-4584-b0b6-d2681425667b] o.h.SQL - 
    insert 
    into
        stop_over
        (delivery_id, drop_address, drop_latitude, drop_longitude, pick_up_address, pick_up_latitude, pick_up_longitude) 
    values
        (?, ?, ?, ?, ?, ?, ?)
2024-11-13 13:12:40.256 [traceId=] o.s.w.s.m.m.a.HttpEntityMethodProcessor - Using 'application/json', given [*/*] and supported [application/json, application/*+json]
2024-11-13 13:12:40.259 [traceId=] o.s.w.s.m.m.a.HttpEntityMethodProcessor - Writing [DeliverySaveResponse{memberId=1, reservationNumber='241113-0', deliveryCategory=com.example.delivery (truncated)...]
2024-11-13 13:12:40.285 [traceId=] o.s.w.s.DispatcherServlet - Completed 201 CREATED
2024-11-13 13:12:41.460 [traceId=] o.s.w.s.DispatcherServlet - POST "/api/delivery", parameters={}
2024-11-13 13:12:41.461 [traceId=] o.s.w.s.m.m.a.RequestMappingHandlerMapping - Mapped to com.example.controller.delivery.DeliveryController#saveDelivery(CustomUserDetails, DeliverySaveRequest)
2024-11-13 13:12:41.464 [traceId=] o.s.w.s.m.m.a.RequestResponseBodyMethodProcessor - Read "application/json;charset=UTF-8" to [com.example.delivery.model.dto.request.DeliverySaveRequest@33a5d28b]
2024-11-13 13:12:41.468 [traceId=ea728ee0-7e9c-4f18-90e3-181e22c3cc88] o.h.SQL - 
    select
        m1_0.id,
        m1_0.created_at,
        m1_0.created_by,
        m1_0.email,
        m1_0.member_name,
        m1_0.modified_by,
        m1_0.password,
        m1_0.provide_id,
        m1_0.provider,
        m1_0.roles,
        m1_0.updated_at 
    from
        member m1_0 
    where
        m1_0.id=?
2024-11-13 13:12:41.468 [traceId=ea728ee0-7e9c-4f18-90e3-181e22c3cc88] o.h.SQL - 
    select
        m1_0.id,
        m1_0.created_at,
        m1_0.created_by,
        m1_0.email,
        m1_0.member_name,
        m1_0.modified_by,
        m1_0.password,
        m1_0.provide_id,
        m1_0.provider,
        m1_0.roles,
        m1_0.updated_at 
    from
        member m1_0 
    where
        m1_0.id=?
2024-11-13 13:12:41.513 [traceId=] o.s.w.c.HttpMessageConverterExtractor - Reading to [com.fasterxml.jackson.databind.JsonNode]
2024-11-13 13:12:41.553 [traceId=] o.s.w.c.HttpMessageConverterExtractor - Reading to [com.fasterxml.jackson.databind.JsonNode]
2024-11-13 13:12:41.571 [traceId=ea728ee0-7e9c-4f18-90e3-181e22c3cc88] o.h.SQL - 
    select
        count(*) 
    from
        delivery d1_0
2024-11-13 13:12:41.571 [traceId=ea728ee0-7e9c-4f18-90e3-181e22c3cc88] o.h.SQL - 
    select
        count(*) 
    from
        delivery d1_0
2024-11-13 13:12:41.575 [traceId=ea728ee0-7e9c-4f18-90e3-181e22c3cc88] o.h.SQL - 
    select
        d1_0.id 
    from
        delivery d1_0 
    where
        d1_0.reservation_number=? 
    limit
        ?
2024-11-13 13:12:41.575 [traceId=ea728ee0-7e9c-4f18-90e3-181e22c3cc88] o.h.SQL - 
    select
        d1_0.id 
    from
        delivery d1_0 
    where
        d1_0.reservation_number=? 
    limit
        ?
2024-11-13 13:12:41.579 [traceId=ea728ee0-7e9c-4f18-90e3-181e22c3cc88] o.h.SQL - 
    insert 
    into
        delivery
        (created_at, created_by, deleted, drop_address, drop_latitude, drop_longitude, pick_up_address, pick_up_latitude, pick_up_longitude, delivery_personal_category, delivery_type, delivery_date, delivery_fee, delivery_options, delivery_status, driver_id, idempotency_key, member_id, modified_by, reservation_number, updated_at, vehicle_type, vehicle_weight) 
    values
        (?, ?, ?, ?, ?, ?, ?, ?, ?, ?, ?, ?, ?, ?, ?, ?, ?, ?, ?, ?, ?, ?, ?)
2024-11-13 13:12:41.579 [traceId=ea728ee0-7e9c-4f18-90e3-181e22c3cc88] o.h.SQL - 
    insert 
    into
        delivery
        (created_at, created_by, deleted, drop_address, drop_latitude, drop_longitude, pick_up_address, pick_up_latitude, pick_up_longitude, delivery_personal_category, delivery_type, delivery_date, delivery_fee, delivery_options, delivery_status, driver_id, idempotency_key, member_id, modified_by, reservation_number, updated_at, vehicle_type, vehicle_weight) 
    values
        (?, ?, ?, ?, ?, ?, ?, ?, ?, ?, ?, ?, ?, ?, ?, ?, ?, ?, ?, ?, ?, ?, ?)
2024-11-13 13:12:41.632 [traceId=] o.s.w.c.HttpMessageConverterExtractor - Reading to [com.fasterxml.jackson.databind.JsonNode]
2024-11-13 13:12:41.694 [traceId=] o.s.w.c.HttpMessageConverterExtractor - Reading to [com.fasterxml.jackson.databind.JsonNode]
2024-11-13 13:12:41.711 [traceId=ea728ee0-7e9c-4f18-90e3-181e22c3cc88] o.h.SQL - 
    insert 
    into
        stop_over
        (delivery_id, drop_address, drop_latitude, drop_longitude, pick_up_address, pick_up_latitude, pick_up_longitude) 
    values
        (?, ?, ?, ?, ?, ?, ?)
2024-11-13 13:12:41.711 [traceId=ea728ee0-7e9c-4f18-90e3-181e22c3cc88] o.h.SQL - 
    insert 
    into
        stop_over
        (delivery_id, drop_address, drop_latitude, drop_longitude, pick_up_address, pick_up_latitude, pick_up_longitude) 
    values
        (?, ?, ?, ?, ?, ?, ?)
2024-11-13 13:12:41.812 [traceId=] o.s.w.c.HttpMessageConverterExtractor - Reading to [com.fasterxml.jackson.databind.JsonNode]
2024-11-13 13:12:41.813 [traceId=] o.s.w.c.HttpMessageConverterExtractor - Reading to [com.fasterxml.jackson.databind.JsonNode]
2024-11-13 13:12:41.815 [traceId=ea728ee0-7e9c-4f18-90e3-181e22c3cc88] o.h.SQL - 
    insert 
    into
        stop_over
        (delivery_id, drop_address, drop_latitude, drop_longitude, pick_up_address, pick_up_latitude, pick_up_longitude) 
    values
        (?, ?, ?, ?, ?, ?, ?)
2024-11-13 13:12:41.815 [traceId=ea728ee0-7e9c-4f18-90e3-181e22c3cc88] o.h.SQL - 
    insert 
    into
        stop_over
        (delivery_id, drop_address, drop_latitude, drop_longitude, pick_up_address, pick_up_latitude, pick_up_longitude) 
    values
        (?, ?, ?, ?, ?, ?, ?)
2024-11-13 13:12:41.822 [traceId=] o.s.w.s.m.m.a.HttpEntityMethodProcessor - Using 'application/json', given [*/*] and supported [application/json, application/*+json]
2024-11-13 13:12:41.823 [traceId=] o.s.w.s.m.m.a.HttpEntityMethodProcessor - Writing [DeliverySaveResponse{memberId=1, reservationNumber='241113-1', deliveryCategory=com.example.delivery (truncated)...]
2024-11-13 13:12:41.825 [traceId=] o.s.w.s.DispatcherServlet - Completed 201 CREATED
2024-11-13 13:12:43.286 [traceId=] c.z.h.p.HikariPool - HikariPool-1 - Pool stats (total=100, active=0, idle=100, waiting=0)
2024-11-13 13:12:43.286 [traceId=] c.z.h.p.HikariPool - HikariPool-1 - Fill pool skipped, pool has sufficient level or currently being filled.
2024-11-13 13:12:47.608 [traceId=] o.s.w.s.DispatcherServlet - POST "/api/wallet", parameters={}
2024-11-13 13:12:47.609 [traceId=] o.s.w.s.m.m.a.RequestMappingHandlerMapping - Mapped to com.example.controller.wallet.WalletController#createWallet(CustomUserDetails, CreateWalletRequest)
2024-11-13 13:12:47.616 [traceId=] o.s.w.s.m.m.a.RequestResponseBodyMethodProcessor - Read "application/json;charset=UTF-8" to [com.example.wallet.model.dto.request.CreateWalletRequest@691f353e]
2024-11-13 13:12:47.633 [traceId=b1099022-e5a4-4638-a30d-37d9c1b2058e] o.h.SQL - 
    select
        m1_0.id,
        m1_0.created_at,
        m1_0.created_by,
        m1_0.email,
        m1_0.member_name,
        m1_0.modified_by,
        m1_0.password,
        m1_0.provide_id,
        m1_0.provider,
        m1_0.roles,
        m1_0.updated_at 
    from
        member m1_0 
    where
        m1_0.id=?
2024-11-13 13:12:47.633 [traceId=b1099022-e5a4-4638-a30d-37d9c1b2058e] o.h.SQL - 
    select
        m1_0.id,
        m1_0.created_at,
        m1_0.created_by,
        m1_0.email,
        m1_0.member_name,
        m1_0.modified_by,
        m1_0.password,
        m1_0.provide_id,
        m1_0.provider,
        m1_0.roles,
        m1_0.updated_at 
    from
        member m1_0 
    where
        m1_0.id=?
2024-11-13 13:12:47.640 [traceId=b1099022-e5a4-4638-a30d-37d9c1b2058e] o.h.SQL - 
    select
        w1_0.id,
        w1_0.balance,
        w1_0.card_company,
        w1_0.charge_idempotency_key,
        w1_0.created_at,
        w1_0.created_by,
        w1_0.member_id,
        w1_0.modified_by,
        w1_0.payment_idempotency_key,
        w1_0.updated_at 
    from
        wallet w1_0 
    where
        w1_0.member_id=?
2024-11-13 13:12:47.640 [traceId=b1099022-e5a4-4638-a30d-37d9c1b2058e] o.h.SQL - 
    select
        w1_0.id,
        w1_0.balance,
        w1_0.card_company,
        w1_0.charge_idempotency_key,
        w1_0.created_at,
        w1_0.created_by,
        w1_0.member_id,
        w1_0.modified_by,
        w1_0.payment_idempotency_key,
        w1_0.updated_at 
    from
        wallet w1_0 
    where
        w1_0.member_id=?
2024-11-13 13:12:47.650 [traceId=b1099022-e5a4-4638-a30d-37d9c1b2058e] o.h.SQL - 
    insert 
    into
        wallet
        (balance, card_company, charge_idempotency_key, created_at, created_by, member_id, modified_by, payment_idempotency_key, updated_at) 
    values
        (?, ?, ?, ?, ?, ?, ?, ?, ?)
2024-11-13 13:12:47.650 [traceId=b1099022-e5a4-4638-a30d-37d9c1b2058e] o.h.SQL - 
    insert 
    into
        wallet
        (balance, card_company, charge_idempotency_key, created_at, created_by, member_id, modified_by, payment_idempotency_key, updated_at) 
    values
        (?, ?, ?, ?, ?, ?, ?, ?, ?)
2024-11-13 13:12:47.668 [traceId=] o.s.w.s.m.m.a.HttpEntityMethodProcessor - Using 'application/json', given [*/*] and supported [application/json, application/*+json]
2024-11-13 13:12:47.669 [traceId=] o.s.w.s.m.m.a.HttpEntityMethodProcessor - Nothing to write: null body
2024-11-13 13:12:47.669 [traceId=] o.s.w.s.DispatcherServlet - Completed 201 CREATED
2024-11-13 13:12:49.938 [traceId=] o.s.w.s.DispatcherServlet - POST "/api/wallet", parameters={}
2024-11-13 13:12:49.939 [traceId=] o.s.w.s.m.m.a.RequestMappingHandlerMapping - Mapped to com.example.controller.wallet.WalletController#createWallet(CustomUserDetails, CreateWalletRequest)
2024-11-13 13:12:49.941 [traceId=] o.s.w.s.m.m.a.RequestResponseBodyMethodProcessor - Read "application/json;charset=UTF-8" to [com.example.wallet.model.dto.request.CreateWalletRequest@1a37e2d4]
2024-11-13 13:12:49.945 [traceId=e6e7ff8a-a52f-4c8a-9bd9-746d64b8db96] o.h.SQL - 
    select
        m1_0.id,
        m1_0.created_at,
        m1_0.created_by,
        m1_0.email,
        m1_0.member_name,
        m1_0.modified_by,
        m1_0.password,
        m1_0.provide_id,
        m1_0.provider,
        m1_0.roles,
        m1_0.updated_at 
    from
        member m1_0 
    where
        m1_0.id=?
2024-11-13 13:12:49.945 [traceId=e6e7ff8a-a52f-4c8a-9bd9-746d64b8db96] o.h.SQL - 
    select
        m1_0.id,
        m1_0.created_at,
        m1_0.created_by,
        m1_0.email,
        m1_0.member_name,
        m1_0.modified_by,
        m1_0.password,
        m1_0.provide_id,
        m1_0.provider,
        m1_0.roles,
        m1_0.updated_at 
    from
        member m1_0 
    where
        m1_0.id=?
2024-11-13 13:12:49.952 [traceId=e6e7ff8a-a52f-4c8a-9bd9-746d64b8db96] o.h.SQL - 
    select
        w1_0.id,
        w1_0.balance,
        w1_0.card_company,
        w1_0.charge_idempotency_key,
        w1_0.created_at,
        w1_0.created_by,
        w1_0.member_id,
        w1_0.modified_by,
        w1_0.payment_idempotency_key,
        w1_0.updated_at 
    from
        wallet w1_0 
    where
        w1_0.member_id=?
2024-11-13 13:12:49.952 [traceId=e6e7ff8a-a52f-4c8a-9bd9-746d64b8db96] o.h.SQL - 
    select
        w1_0.id,
        w1_0.balance,
        w1_0.card_company,
        w1_0.charge_idempotency_key,
        w1_0.created_at,
        w1_0.created_by,
        w1_0.member_id,
        w1_0.modified_by,
        w1_0.payment_idempotency_key,
        w1_0.updated_at 
    from
        wallet w1_0 
    where
        w1_0.member_id=?
2024-11-13 13:12:49.957 [traceId=e6e7ff8a-a52f-4c8a-9bd9-746d64b8db96] o.h.SQL - 
    insert 
    into
        wallet
        (balance, card_company, charge_idempotency_key, created_at, created_by, member_id, modified_by, payment_idempotency_key, updated_at) 
    values
        (?, ?, ?, ?, ?, ?, ?, ?, ?)
2024-11-13 13:12:49.957 [traceId=e6e7ff8a-a52f-4c8a-9bd9-746d64b8db96] o.h.SQL - 
    insert 
    into
        wallet
        (balance, card_company, charge_idempotency_key, created_at, created_by, member_id, modified_by, payment_idempotency_key, updated_at) 
    values
        (?, ?, ?, ?, ?, ?, ?, ?, ?)
2024-11-13 13:12:49.964 [traceId=] o.s.w.s.m.m.a.HttpEntityMethodProcessor - Using 'application/json', given [*/*] and supported [application/json, application/*+json]
2024-11-13 13:12:49.965 [traceId=] o.s.w.s.m.m.a.HttpEntityMethodProcessor - Nothing to write: null body
2024-11-13 13:12:49.965 [traceId=] o.s.w.s.DispatcherServlet - Completed 201 CREATED
2024-11-13 13:12:56.848 [traceId=] o.s.w.s.DispatcherServlet - POST "/api/member/sign-up", parameters={}
2024-11-13 13:12:56.849 [traceId=] o.s.w.s.m.m.a.RequestMappingHandlerMapping - Mapped to com.example.controller.member.MemberController#memberSave(SignUpRequest)
2024-11-13 13:12:56.851 [traceId=] o.s.w.s.m.m.a.RequestResponseBodyMethodProcessor - Read "application/json;charset=UTF-8" to [com.example.member.model.dto.request.SignUpRequest@6202f81c]
2024-11-13 13:12:56.860 [traceId=a4bba9f2-6a19-46ae-b004-dc71410a2bd9] o.h.SQL - 
    select
        m1_0.id,
        m1_0.created_at,
        m1_0.created_by,
        m1_0.email,
        m1_0.member_name,
        m1_0.modified_by,
        m1_0.password,
        m1_0.provide_id,
        m1_0.provider,
        m1_0.roles,
        m1_0.updated_at 
    from
        member m1_0 
    where
        m1_0.email=?
2024-11-13 13:12:56.860 [traceId=a4bba9f2-6a19-46ae-b004-dc71410a2bd9] o.h.SQL - 
    select
        m1_0.id,
        m1_0.created_at,
        m1_0.created_by,
        m1_0.email,
        m1_0.member_name,
        m1_0.modified_by,
        m1_0.password,
        m1_0.provide_id,
        m1_0.provider,
        m1_0.roles,
        m1_0.updated_at 
    from
        member m1_0 
    where
        m1_0.email=?
2024-11-13 13:12:56.881 [traceId=a4bba9f2-6a19-46ae-b004-dc71410a2bd9] o.s.w.s.m.m.a.ExceptionHandlerExceptionResolver - Using @ExceptionHandler com.example.global.exception.GlobalExceptionHandler#handleCustomException(CustomException)
2024-11-13 13:12:56.882 [traceId=a4bba9f2-6a19-46ae-b004-dc71410a2bd9] o.s.w.s.m.m.a.HttpEntityMethodProcessor - Using 'text/plain', given [*/*] and supported [text/plain, */*, application/json, application/*+json]
2024-11-13 13:12:56.883 [traceId=a4bba9f2-6a19-46ae-b004-dc71410a2bd9] o.s.w.s.m.m.a.HttpEntityMethodProcessor - Writing ["이메일이 이미 존재합니다"]
2024-11-13 13:12:56.886 [traceId=a4bba9f2-6a19-46ae-b004-dc71410a2bd9] o.s.w.s.m.m.a.ExceptionHandlerExceptionResolver - Resolved [com.example.member.exception.MemberException]
2024-11-13 13:12:56.886 [traceId=a4bba9f2-6a19-46ae-b004-dc71410a2bd9] o.s.w.s.DispatcherServlet - Completed 409 CONFLICT
