2024-11-06 22:16:01.191 [traceId=] o.h.j.i.u.LogHelper - HHH000204: Processing PersistenceUnitInfo [name: default]
2024-11-06 22:16:01.786 [traceId=] o.h.Version - HHH000412: Hibernate ORM core version 6.5.2.Final
2024-11-06 22:16:02.194 [traceId=] o.h.c.i.RegionFactoryInitiator - HHH000026: Second-level cache disabled
2024-11-06 22:16:04.771 [traceId=] o.s.o.j.p.SpringPersistenceUnitInfo - No LoadTimeWeaver setup: ignoring JPA class transformer
2024-11-06 22:16:04.916 [traceId=] c.z.h.HikariConfig - HikariPool-1 - idleTimeout has been set but has no effect because the pool is operating as a fixed size pool.
2024-11-06 22:16:04.917 [traceId=] c.z.h.HikariConfig - HikariPool-1 - configuration:
2024-11-06 22:16:04.921 [traceId=] c.z.h.HikariConfig - allowPoolSuspension.............false
2024-11-06 22:16:04.921 [traceId=] c.z.h.HikariConfig - autoCommit......................true
2024-11-06 22:16:04.922 [traceId=] c.z.h.HikariConfig - catalog.........................none
2024-11-06 22:16:04.922 [traceId=] c.z.h.HikariConfig - connectionInitSql...............none
2024-11-06 22:16:04.922 [traceId=] c.z.h.HikariConfig - connectionTestQuery.............none
2024-11-06 22:16:04.923 [traceId=] c.z.h.HikariConfig - connectionTimeout...............3000
2024-11-06 22:16:04.923 [traceId=] c.z.h.HikariConfig - dataSource......................none
2024-11-06 22:16:04.923 [traceId=] c.z.h.HikariConfig - dataSourceClassName.............none
2024-11-06 22:16:04.923 [traceId=] c.z.h.HikariConfig - dataSourceJNDI..................none
2024-11-06 22:16:04.924 [traceId=] c.z.h.HikariConfig - dataSourceProperties............{password=<masked>}
2024-11-06 22:16:04.924 [traceId=] c.z.h.HikariConfig - driverClassName................."com.mysql.cj.jdbc.Driver"
2024-11-06 22:16:04.925 [traceId=] c.z.h.HikariConfig - exceptionOverrideClassName......none
2024-11-06 22:16:04.925 [traceId=] c.z.h.HikariConfig - healthCheckProperties...........{}
2024-11-06 22:16:04.925 [traceId=] c.z.h.HikariConfig - healthCheckRegistry.............none
2024-11-06 22:16:04.925 [traceId=] c.z.h.HikariConfig - idleTimeout.....................200000
2024-11-06 22:16:04.925 [traceId=] c.z.h.HikariConfig - initializationFailTimeout.......1
2024-11-06 22:16:04.926 [traceId=] c.z.h.HikariConfig - isolateInternalQueries..........false
2024-11-06 22:16:04.926 [traceId=] c.z.h.HikariConfig - jdbcUrl.........................jdbc:mysql://localhost:3306/sendy_db?useSSL=false&useUnicode=true&characterEncoding=utf8&serverTimezone=UTC&autoReconnect=true&connectTimeout=10000&socketTimeout=30000&prepStmtCacheSize=100&prepStmtCacheSqlLimit=2048&cachePrepStmts=true&rewriteBatchedStatements=true&useServerPrepStmts=true
2024-11-06 22:16:04.926 [traceId=] c.z.h.HikariConfig - keepaliveTime...................0
2024-11-06 22:16:04.927 [traceId=] c.z.h.HikariConfig - leakDetectionThreshold..........2000
2024-11-06 22:16:04.927 [traceId=] c.z.h.HikariConfig - maxLifetime.....................240000
2024-11-06 22:16:04.927 [traceId=] c.z.h.HikariConfig - maximumPoolSize.................100
2024-11-06 22:16:04.927 [traceId=] c.z.h.HikariConfig - metricRegistry..................none
2024-11-06 22:16:04.927 [traceId=] c.z.h.HikariConfig - metricsTrackerFactory...........none
2024-11-06 22:16:04.928 [traceId=] c.z.h.HikariConfig - minimumIdle.....................100
2024-11-06 22:16:04.928 [traceId=] c.z.h.HikariConfig - password........................<masked>
2024-11-06 22:16:04.928 [traceId=] c.z.h.HikariConfig - poolName........................"HikariPool-1"
2024-11-06 22:16:05.401 [traceId=] c.z.h.HikariConfig - readOnly........................false
2024-11-06 22:16:05.404 [traceId=] c.z.h.HikariConfig - registerMbeans..................false
2024-11-06 22:16:05.405 [traceId=] c.z.h.HikariConfig - scheduledExecutor...............none
2024-11-06 22:16:05.405 [traceId=] c.z.h.HikariConfig - schema..........................none
2024-11-06 22:16:05.405 [traceId=] c.z.h.HikariConfig - threadFactory...................internal
2024-11-06 22:16:05.406 [traceId=] c.z.h.HikariConfig - transactionIsolation............default
2024-11-06 22:16:05.406 [traceId=] c.z.h.HikariConfig - username........................"root"
2024-11-06 22:16:05.406 [traceId=] c.z.h.HikariConfig - validationTimeout...............3000
2024-11-06 22:16:05.407 [traceId=] c.z.h.HikariDataSource - HikariPool-1 - Starting...
2024-11-06 22:16:06.332 [traceId=] c.z.h.p.HikariPool - HikariPool-1 - Added connection com.mysql.cj.jdbc.ConnectionImpl@d3b0397
2024-11-06 22:16:06.342 [traceId=] c.z.h.HikariDataSource - HikariPool-1 - Start completed.
2024-11-06 22:16:06.474 [traceId=] c.z.h.p.HikariPool - HikariPool-1 - Pool stats (total=1, active=1, idle=0, waiting=0)
2024-11-06 22:16:06.616 [traceId=] c.z.h.p.HikariPool - HikariPool-1 - Added connection com.mysql.cj.jdbc.ConnectionImpl@2475dee
2024-11-06 22:16:06.661 [traceId=] c.z.h.p.HikariPool - HikariPool-1 - After adding stats (total=2, active=1, idle=1, waiting=0)
2024-11-06 22:16:06.682 [traceId=] c.z.h.p.HikariPool - HikariPool-1 - Added connection com.mysql.cj.jdbc.ConnectionImpl@437a57d5
2024-11-06 22:16:06.723 [traceId=] c.z.h.p.HikariPool - HikariPool-1 - After adding stats (total=3, active=1, idle=2, waiting=0)
2024-11-06 22:16:06.743 [traceId=] c.z.h.p.HikariPool - HikariPool-1 - Added connection com.mysql.cj.jdbc.ConnectionImpl@72f391f9
2024-11-06 22:16:06.782 [traceId=] o.h.o.deprecation - HHH90000025: MySQL8Dialect does not need to be specified explicitly using 'hibernate.dialect' (remove the property setting and it will be selected by default)
2024-11-06 22:16:06.785 [traceId=] c.z.h.p.HikariPool - HikariPool-1 - After adding stats (total=4, active=1, idle=3, waiting=0)
2024-11-06 22:16:06.789 [traceId=] o.h.o.deprecation - HHH90000026: MySQL8Dialect has been deprecated; use org.hibernate.dialect.MySQLDialect instead
2024-11-06 22:16:06.805 [traceId=] c.z.h.p.HikariPool - HikariPool-1 - Added connection com.mysql.cj.jdbc.ConnectionImpl@2355a89a
2024-11-06 22:16:06.847 [traceId=] c.z.h.p.HikariPool - HikariPool-1 - After adding stats (total=5, active=1, idle=4, waiting=0)
2024-11-06 22:16:06.872 [traceId=] c.z.h.p.HikariPool - HikariPool-1 - Added connection com.mysql.cj.jdbc.ConnectionImpl@1f9d222a
2024-11-06 22:16:06.909 [traceId=] c.z.h.p.HikariPool - HikariPool-1 - After adding stats (total=6, active=0, idle=6, waiting=0)
2024-11-06 22:16:06.932 [traceId=] c.z.h.p.HikariPool - HikariPool-1 - Added connection com.mysql.cj.jdbc.ConnectionImpl@271bf77e
2024-11-06 22:16:06.940 [traceId=] o.h.t.d.s.s.DdlTypeRegistry - addDescriptor(12, org.hibernate.type.descriptor.sql.internal.CapacityDependentDdlType@42684d86) replaced previous registration(org.hibernate.type.descriptor.sql.internal.CapacityDependentDdlType@45a05350)
2024-11-06 22:16:06.941 [traceId=] o.h.t.d.s.s.DdlTypeRegistry - addDescriptor(-9, org.hibernate.type.descriptor.sql.internal.CapacityDependentDdlType@7d6a9d5e) replaced previous registration(org.hibernate.type.descriptor.sql.internal.CapacityDependentDdlType@74ed7111)
2024-11-06 22:16:06.941 [traceId=] o.h.t.d.s.s.DdlTypeRegistry - addDescriptor(-3, org.hibernate.type.descriptor.sql.internal.CapacityDependentDdlType@74691677) replaced previous registration(org.hibernate.type.descriptor.sql.internal.CapacityDependentDdlType@3314f179)
2024-11-06 22:16:06.941 [traceId=] o.h.t.d.s.s.DdlTypeRegistry - addDescriptor(4003, org.hibernate.type.descriptor.sql.internal.DdlTypeImpl@1abd1a28) replaced previous registration(org.hibernate.type.descriptor.sql.internal.DdlTypeImpl@5478597)
2024-11-06 22:16:06.942 [traceId=] o.h.t.d.s.s.DdlTypeRegistry - addDescriptor(4001, org.hibernate.type.descriptor.sql.internal.DdlTypeImpl@39a1e1e6) replaced previous registration(org.hibernate.type.descriptor.sql.internal.DdlTypeImpl@2daa5092)
2024-11-06 22:16:06.943 [traceId=] o.h.t.d.s.s.DdlTypeRegistry - addDescriptor(4002, org.hibernate.type.descriptor.sql.internal.DdlTypeImpl@5f346355) replaced previous registration(org.hibernate.type.descriptor.sql.internal.DdlTypeImpl@66e62e19)
2024-11-06 22:16:06.943 [traceId=] o.h.t.d.s.s.DdlTypeRegistry - addDescriptor(2004, org.hibernate.type.descriptor.sql.internal.CapacityDependentDdlType@50fe5df2) replaced previous registration(org.hibernate.type.descriptor.sql.internal.DdlTypeImpl@2fafa9bf)
2024-11-06 22:16:06.943 [traceId=] o.h.t.d.s.s.DdlTypeRegistry - addDescriptor(2005, org.hibernate.type.descriptor.sql.internal.CapacityDependentDdlType@53fd59d4) replaced previous registration(org.hibernate.type.descriptor.sql.internal.DdlTypeImpl@43c3354)
2024-11-06 22:16:06.944 [traceId=] o.h.t.d.s.s.DdlTypeRegistry - addDescriptor(2011, org.hibernate.type.descriptor.sql.internal.CapacityDependentDdlType@260fffec) replaced previous registration(org.hibernate.type.descriptor.sql.internal.DdlTypeImpl@743f58c3)
2024-11-06 22:16:06.971 [traceId=] c.z.h.p.HikariPool - HikariPool-1 - After adding stats (total=7, active=0, idle=7, waiting=0)
2024-11-06 22:16:06.985 [traceId=] c.z.h.p.HikariPool - HikariPool-1 - Added connection com.mysql.cj.jdbc.ConnectionImpl@582a9be5
2024-11-06 22:16:07.018 [traceId=] c.z.h.p.HikariPool - HikariPool-1 - After adding stats (total=8, active=0, idle=8, waiting=0)
2024-11-06 22:16:07.036 [traceId=] c.z.h.p.HikariPool - HikariPool-1 - Added connection com.mysql.cj.jdbc.ConnectionImpl@2da69f61
2024-11-06 22:16:07.081 [traceId=] c.z.h.p.HikariPool - HikariPool-1 - After adding stats (total=9, active=0, idle=9, waiting=0)
2024-11-06 22:16:07.145 [traceId=] c.z.h.p.HikariPool - HikariPool-1 - Added connection com.mysql.cj.jdbc.ConnectionImpl@c214727
2024-11-06 22:16:07.189 [traceId=] c.z.h.p.HikariPool - HikariPool-1 - After adding stats (total=10, active=0, idle=10, waiting=0)
2024-11-06 22:16:07.205 [traceId=] c.z.h.p.HikariPool - HikariPool-1 - Added connection com.mysql.cj.jdbc.ConnectionImpl@31aa7875
2024-11-06 22:16:07.250 [traceId=] c.z.h.p.HikariPool - HikariPool-1 - After adding stats (total=11, active=0, idle=11, waiting=0)
2024-11-06 22:16:07.264 [traceId=] c.z.h.p.HikariPool - HikariPool-1 - Added connection com.mysql.cj.jdbc.ConnectionImpl@77a78594
2024-11-06 22:16:07.296 [traceId=] c.z.h.p.HikariPool - HikariPool-1 - After adding stats (total=12, active=0, idle=12, waiting=0)
2024-11-06 22:16:07.319 [traceId=] c.z.h.p.HikariPool - HikariPool-1 - Added connection com.mysql.cj.jdbc.ConnectionImpl@4823a2d9
2024-11-06 22:16:07.357 [traceId=] c.z.h.p.HikariPool - HikariPool-1 - After adding stats (total=13, active=0, idle=13, waiting=0)
2024-11-06 22:16:07.373 [traceId=] c.z.h.p.HikariPool - HikariPool-1 - Added connection com.mysql.cj.jdbc.ConnectionImpl@3d0371fb
2024-11-06 22:16:07.405 [traceId=] c.z.h.p.HikariPool - HikariPool-1 - After adding stats (total=14, active=0, idle=14, waiting=0)
2024-11-06 22:16:07.417 [traceId=] c.z.h.p.HikariPool - HikariPool-1 - Added connection com.mysql.cj.jdbc.ConnectionImpl@250ace1
2024-11-06 22:16:07.452 [traceId=] c.z.h.p.HikariPool - HikariPool-1 - After adding stats (total=15, active=0, idle=15, waiting=0)
2024-11-06 22:16:07.463 [traceId=] c.z.h.p.HikariPool - HikariPool-1 - Added connection com.mysql.cj.jdbc.ConnectionImpl@4c5d0a74
2024-11-06 22:16:07.498 [traceId=] c.z.h.p.HikariPool - HikariPool-1 - After adding stats (total=16, active=0, idle=16, waiting=0)
2024-11-06 22:16:07.509 [traceId=] c.z.h.p.HikariPool - HikariPool-1 - Added connection com.mysql.cj.jdbc.ConnectionImpl@1bc02759
2024-11-06 22:16:07.545 [traceId=] c.z.h.p.HikariPool - HikariPool-1 - After adding stats (total=17, active=0, idle=17, waiting=0)
2024-11-06 22:16:07.559 [traceId=] c.z.h.p.HikariPool - HikariPool-1 - Added connection com.mysql.cj.jdbc.ConnectionImpl@6c5d9ffb
2024-11-06 22:16:07.592 [traceId=] c.z.h.p.HikariPool - HikariPool-1 - After adding stats (total=18, active=0, idle=18, waiting=0)
2024-11-06 22:16:07.607 [traceId=] c.z.h.p.HikariPool - HikariPool-1 - Added connection com.mysql.cj.jdbc.ConnectionImpl@6f687252
2024-11-06 22:16:07.638 [traceId=] c.z.h.p.HikariPool - HikariPool-1 - After adding stats (total=19, active=0, idle=19, waiting=0)
2024-11-06 22:16:07.663 [traceId=] c.z.h.p.HikariPool - HikariPool-1 - Added connection com.mysql.cj.jdbc.ConnectionImpl@1edd859d
2024-11-06 22:16:07.701 [traceId=] c.z.h.p.HikariPool - HikariPool-1 - After adding stats (total=20, active=0, idle=20, waiting=0)
2024-11-06 22:16:07.724 [traceId=] c.z.h.p.HikariPool - HikariPool-1 - Added connection com.mysql.cj.jdbc.ConnectionImpl@4ff9867
2024-11-06 22:16:07.763 [traceId=] c.z.h.p.HikariPool - HikariPool-1 - After adding stats (total=21, active=0, idle=21, waiting=0)
2024-11-06 22:16:07.787 [traceId=] c.z.h.p.HikariPool - HikariPool-1 - Added connection com.mysql.cj.jdbc.ConnectionImpl@13796bda
2024-11-06 22:16:07.825 [traceId=] c.z.h.p.HikariPool - HikariPool-1 - After adding stats (total=22, active=0, idle=22, waiting=0)
2024-11-06 22:16:07.837 [traceId=] c.z.h.p.HikariPool - HikariPool-1 - Added connection com.mysql.cj.jdbc.ConnectionImpl@fdee956
2024-11-06 22:16:07.870 [traceId=] c.z.h.p.HikariPool - HikariPool-1 - After adding stats (total=23, active=0, idle=23, waiting=0)
2024-11-06 22:16:07.880 [traceId=] c.z.h.p.HikariPool - HikariPool-1 - Added connection com.mysql.cj.jdbc.ConnectionImpl@61359233
2024-11-06 22:16:07.916 [traceId=] c.z.h.p.HikariPool - HikariPool-1 - After adding stats (total=24, active=0, idle=24, waiting=0)
2024-11-06 22:16:07.931 [traceId=] c.z.h.p.HikariPool - HikariPool-1 - Added connection com.mysql.cj.jdbc.ConnectionImpl@3dbc6129
2024-11-06 22:16:07.962 [traceId=] c.z.h.p.HikariPool - HikariPool-1 - After adding stats (total=25, active=0, idle=25, waiting=0)
2024-11-06 22:16:07.977 [traceId=] c.z.h.p.HikariPool - HikariPool-1 - Added connection com.mysql.cj.jdbc.ConnectionImpl@193d9207
2024-11-06 22:16:08.009 [traceId=] c.z.h.p.HikariPool - HikariPool-1 - After adding stats (total=26, active=0, idle=26, waiting=0)
2024-11-06 22:16:08.021 [traceId=] c.z.h.p.HikariPool - HikariPool-1 - Added connection com.mysql.cj.jdbc.ConnectionImpl@7622649
2024-11-06 22:16:08.056 [traceId=] c.z.h.p.HikariPool - HikariPool-1 - After adding stats (total=27, active=0, idle=27, waiting=0)
2024-11-06 22:16:08.068 [traceId=] c.z.h.p.HikariPool - HikariPool-1 - Added connection com.mysql.cj.jdbc.ConnectionImpl@7ae4864
2024-11-06 22:16:08.103 [traceId=] c.z.h.p.HikariPool - HikariPool-1 - After adding stats (total=28, active=0, idle=28, waiting=0)
2024-11-06 22:16:08.113 [traceId=] c.z.h.p.HikariPool - HikariPool-1 - Added connection com.mysql.cj.jdbc.ConnectionImpl@57e87d8
2024-11-06 22:16:08.151 [traceId=] c.z.h.p.HikariPool - HikariPool-1 - After adding stats (total=29, active=0, idle=29, waiting=0)
2024-11-06 22:16:08.166 [traceId=] c.z.h.p.HikariPool - HikariPool-1 - Added connection com.mysql.cj.jdbc.ConnectionImpl@305c193d
2024-11-06 22:16:08.199 [traceId=] c.z.h.p.HikariPool - HikariPool-1 - After adding stats (total=30, active=0, idle=30, waiting=0)
2024-11-06 22:16:08.211 [traceId=] c.z.h.p.HikariPool - HikariPool-1 - Added connection com.mysql.cj.jdbc.ConnectionImpl@175f1b17
2024-11-06 22:16:08.247 [traceId=] c.z.h.p.HikariPool - HikariPool-1 - After adding stats (total=31, active=0, idle=31, waiting=0)
2024-11-06 22:16:08.258 [traceId=] c.z.h.p.HikariPool - HikariPool-1 - Added connection com.mysql.cj.jdbc.ConnectionImpl@269b4fbe
2024-11-06 22:16:08.294 [traceId=] c.z.h.p.HikariPool - HikariPool-1 - After adding stats (total=32, active=0, idle=32, waiting=0)
2024-11-06 22:16:08.303 [traceId=] c.z.h.p.HikariPool - HikariPool-1 - Added connection com.mysql.cj.jdbc.ConnectionImpl@5f893d38
2024-11-06 22:16:08.341 [traceId=] c.z.h.p.HikariPool - HikariPool-1 - After adding stats (total=33, active=0, idle=33, waiting=0)
2024-11-06 22:16:08.350 [traceId=] c.z.h.p.HikariPool - HikariPool-1 - Added connection com.mysql.cj.jdbc.ConnectionImpl@24e76a83
2024-11-06 22:16:08.387 [traceId=] c.z.h.p.HikariPool - HikariPool-1 - After adding stats (total=34, active=0, idle=34, waiting=0)
2024-11-06 22:16:08.400 [traceId=] c.z.h.p.HikariPool - HikariPool-1 - Added connection com.mysql.cj.jdbc.ConnectionImpl@a34724d
2024-11-06 22:16:08.434 [traceId=] c.z.h.p.HikariPool - HikariPool-1 - After adding stats (total=35, active=0, idle=35, waiting=0)
2024-11-06 22:16:08.451 [traceId=] c.z.h.p.HikariPool - HikariPool-1 - Added connection com.mysql.cj.jdbc.ConnectionImpl@2410cc50
2024-11-06 22:16:08.497 [traceId=] c.z.h.p.HikariPool - HikariPool-1 - After adding stats (total=36, active=0, idle=36, waiting=0)
2024-11-06 22:16:08.516 [traceId=] c.z.h.p.HikariPool - HikariPool-1 - Added connection com.mysql.cj.jdbc.ConnectionImpl@6b63f1e
2024-11-06 22:16:08.559 [traceId=] c.z.h.p.HikariPool - HikariPool-1 - After adding stats (total=37, active=0, idle=37, waiting=0)
2024-11-06 22:16:08.569 [traceId=] c.z.h.p.HikariPool - HikariPool-1 - Added connection com.mysql.cj.jdbc.ConnectionImpl@7f574a88
2024-11-06 22:16:08.606 [traceId=] c.z.h.p.HikariPool - HikariPool-1 - After adding stats (total=38, active=0, idle=38, waiting=0)
2024-11-06 22:16:08.618 [traceId=] c.z.h.p.HikariPool - HikariPool-1 - Added connection com.mysql.cj.jdbc.ConnectionImpl@2b412dfc
2024-11-06 22:16:08.654 [traceId=] c.z.h.p.HikariPool - HikariPool-1 - After adding stats (total=39, active=0, idle=39, waiting=0)
2024-11-06 22:16:08.663 [traceId=] c.z.h.p.HikariPool - HikariPool-1 - Added connection com.mysql.cj.jdbc.ConnectionImpl@81f0946
2024-11-06 22:16:08.701 [traceId=] c.z.h.p.HikariPool - HikariPool-1 - After adding stats (total=40, active=0, idle=40, waiting=0)
2024-11-06 22:16:08.715 [traceId=] c.z.h.p.HikariPool - HikariPool-1 - Added connection com.mysql.cj.jdbc.ConnectionImpl@730fcb01
2024-11-06 22:16:08.746 [traceId=] c.z.h.p.HikariPool - HikariPool-1 - After adding stats (total=41, active=0, idle=41, waiting=0)
2024-11-06 22:16:08.777 [traceId=] c.z.h.p.HikariPool - HikariPool-1 - Added connection com.mysql.cj.jdbc.ConnectionImpl@6bd5442
2024-11-06 22:16:08.823 [traceId=] c.z.h.p.HikariPool - HikariPool-1 - After adding stats (total=42, active=0, idle=42, waiting=0)
2024-11-06 22:16:08.854 [traceId=] c.z.h.p.HikariPool - HikariPool-1 - Added connection com.mysql.cj.jdbc.ConnectionImpl@43bc78b9
2024-11-06 22:16:08.886 [traceId=] c.z.h.p.HikariPool - HikariPool-1 - After adding stats (total=43, active=0, idle=43, waiting=0)
2024-11-06 22:16:08.905 [traceId=] c.z.h.p.HikariPool - HikariPool-1 - Added connection com.mysql.cj.jdbc.ConnectionImpl@1857dc74
2024-11-06 22:16:08.948 [traceId=] c.z.h.p.HikariPool - HikariPool-1 - After adding stats (total=44, active=0, idle=44, waiting=0)
2024-11-06 22:16:08.973 [traceId=] c.z.h.p.HikariPool - HikariPool-1 - Added connection com.mysql.cj.jdbc.ConnectionImpl@413c0cb1
2024-11-06 22:16:09.011 [traceId=] c.z.h.p.HikariPool - HikariPool-1 - After adding stats (total=45, active=0, idle=45, waiting=0)
2024-11-06 22:16:09.024 [traceId=] c.z.h.p.HikariPool - HikariPool-1 - Added connection com.mysql.cj.jdbc.ConnectionImpl@37951ce1
2024-11-06 22:16:09.060 [traceId=] c.z.h.p.HikariPool - HikariPool-1 - After adding stats (total=46, active=0, idle=46, waiting=0)
2024-11-06 22:16:09.099 [traceId=] c.z.h.p.HikariPool - HikariPool-1 - Added connection com.mysql.cj.jdbc.ConnectionImpl@590b88c5
2024-11-06 22:16:09.136 [traceId=] c.z.h.p.HikariPool - HikariPool-1 - After adding stats (total=47, active=0, idle=47, waiting=0)
2024-11-06 22:16:09.191 [traceId=] c.z.h.p.HikariPool - HikariPool-1 - Added connection com.mysql.cj.jdbc.ConnectionImpl@69f84404
2024-11-06 22:16:09.231 [traceId=] c.z.h.p.HikariPool - HikariPool-1 - After adding stats (total=48, active=0, idle=48, waiting=0)
2024-11-06 22:16:09.247 [traceId=] c.z.h.p.HikariPool - HikariPool-1 - Added connection com.mysql.cj.jdbc.ConnectionImpl@ef6bbfd
2024-11-06 22:16:09.278 [traceId=] c.z.h.p.HikariPool - HikariPool-1 - After adding stats (total=49, active=0, idle=49, waiting=0)
2024-11-06 22:16:09.303 [traceId=] c.z.h.p.HikariPool - HikariPool-1 - Added connection com.mysql.cj.jdbc.ConnectionImpl@7aaedcef
2024-11-06 22:16:09.341 [traceId=] c.z.h.p.HikariPool - HikariPool-1 - After adding stats (total=50, active=0, idle=50, waiting=0)
2024-11-06 22:16:09.433 [traceId=] c.z.h.p.HikariPool - HikariPool-1 - Added connection com.mysql.cj.jdbc.ConnectionImpl@38c4973e
2024-11-06 22:16:09.467 [traceId=] c.z.h.p.HikariPool - HikariPool-1 - After adding stats (total=51, active=0, idle=51, waiting=0)
2024-11-06 22:16:09.478 [traceId=] c.z.h.p.HikariPool - HikariPool-1 - Added connection com.mysql.cj.jdbc.ConnectionImpl@e332fcd
2024-11-06 22:16:09.514 [traceId=] c.z.h.p.HikariPool - HikariPool-1 - After adding stats (total=52, active=0, idle=52, waiting=0)
2024-11-06 22:16:09.543 [traceId=] c.z.h.p.HikariPool - HikariPool-1 - Added connection com.mysql.cj.jdbc.ConnectionImpl@26dfa752
2024-11-06 22:16:09.577 [traceId=] c.z.h.p.HikariPool - HikariPool-1 - After adding stats (total=53, active=0, idle=53, waiting=0)
2024-11-06 22:16:09.665 [traceId=] c.z.h.p.HikariPool - HikariPool-1 - Added connection com.mysql.cj.jdbc.ConnectionImpl@5d15908
2024-11-06 22:16:09.702 [traceId=] c.z.h.p.HikariPool - HikariPool-1 - After adding stats (total=54, active=0, idle=54, waiting=0)
2024-11-06 22:16:09.732 [traceId=] c.z.h.p.HikariPool - HikariPool-1 - Added connection com.mysql.cj.jdbc.ConnectionImpl@114ca41f
2024-11-06 22:16:09.767 [traceId=] c.z.h.p.HikariPool - HikariPool-1 - After adding stats (total=55, active=0, idle=55, waiting=0)
2024-11-06 22:16:09.787 [traceId=] c.z.h.p.HikariPool - HikariPool-1 - Added connection com.mysql.cj.jdbc.ConnectionImpl@5697619d
2024-11-06 22:16:09.827 [traceId=] c.z.h.p.HikariPool - HikariPool-1 - After adding stats (total=56, active=0, idle=56, waiting=0)
2024-11-06 22:16:09.985 [traceId=] c.z.h.p.HikariPool - HikariPool-1 - Added connection com.mysql.cj.jdbc.ConnectionImpl@7b5d1e9f
2024-11-06 22:16:10.017 [traceId=] c.z.h.p.HikariPool - HikariPool-1 - After adding stats (total=57, active=0, idle=57, waiting=0)
2024-11-06 22:16:10.035 [traceId=] c.z.h.p.HikariPool - HikariPool-1 - Added connection com.mysql.cj.jdbc.ConnectionImpl@44ad58ed
2024-11-06 22:16:10.078 [traceId=] c.z.h.p.HikariPool - HikariPool-1 - After adding stats (total=58, active=0, idle=58, waiting=0)
2024-11-06 22:16:10.090 [traceId=] c.z.h.p.HikariPool - HikariPool-1 - Added connection com.mysql.cj.jdbc.ConnectionImpl@710d20fc
2024-11-06 22:16:10.126 [traceId=] c.z.h.p.HikariPool - HikariPool-1 - After adding stats (total=59, active=0, idle=59, waiting=0)
2024-11-06 22:16:10.141 [traceId=] c.z.h.p.HikariPool - HikariPool-1 - Added connection com.mysql.cj.jdbc.ConnectionImpl@2c1f1ec6
2024-11-06 22:16:10.174 [traceId=] c.z.h.p.HikariPool - HikariPool-1 - After adding stats (total=60, active=0, idle=60, waiting=0)
2024-11-06 22:16:10.192 [traceId=] c.z.h.p.HikariPool - HikariPool-1 - Added connection com.mysql.cj.jdbc.ConnectionImpl@6dfd1dec
2024-11-06 22:16:10.235 [traceId=] c.z.h.p.HikariPool - HikariPool-1 - After adding stats (total=61, active=0, idle=61, waiting=0)
2024-11-06 22:16:10.266 [traceId=] c.z.h.p.HikariPool - HikariPool-1 - Added connection com.mysql.cj.jdbc.ConnectionImpl@61e1fc94
2024-11-06 22:16:10.298 [traceId=] c.z.h.p.HikariPool - HikariPool-1 - After adding stats (total=62, active=0, idle=62, waiting=0)
2024-11-06 22:16:10.317 [traceId=] c.z.h.p.HikariPool - HikariPool-1 - Added connection com.mysql.cj.jdbc.ConnectionImpl@6fd9872c
2024-11-06 22:16:10.362 [traceId=] c.z.h.p.HikariPool - HikariPool-1 - After adding stats (total=63, active=0, idle=63, waiting=0)
2024-11-06 22:16:10.382 [traceId=] c.z.h.p.HikariPool - HikariPool-1 - Added connection com.mysql.cj.jdbc.ConnectionImpl@55d4f33a
2024-11-06 22:16:10.422 [traceId=] c.z.h.p.HikariPool - HikariPool-1 - After adding stats (total=64, active=0, idle=64, waiting=0)
2024-11-06 22:16:10.462 [traceId=] c.z.h.p.HikariPool - HikariPool-1 - Added connection com.mysql.cj.jdbc.ConnectionImpl@6beb53ff
2024-11-06 22:16:10.501 [traceId=] c.z.h.p.HikariPool - HikariPool-1 - After adding stats (total=65, active=0, idle=65, waiting=0)
2024-11-06 22:16:10.562 [traceId=] c.z.h.p.HikariPool - HikariPool-1 - Added connection com.mysql.cj.jdbc.ConnectionImpl@5fc1f334
2024-11-06 22:16:10.594 [traceId=] c.z.h.p.HikariPool - HikariPool-1 - After adding stats (total=66, active=0, idle=66, waiting=0)
2024-11-06 22:16:10.616 [traceId=] c.z.h.p.HikariPool - HikariPool-1 - Added connection com.mysql.cj.jdbc.ConnectionImpl@644f395d
2024-11-06 22:16:10.656 [traceId=] c.z.h.p.HikariPool - HikariPool-1 - After adding stats (total=67, active=0, idle=67, waiting=0)
2024-11-06 22:16:10.668 [traceId=] c.z.h.p.HikariPool - HikariPool-1 - Added connection com.mysql.cj.jdbc.ConnectionImpl@6d249b8c
2024-11-06 22:16:10.703 [traceId=] c.z.h.p.HikariPool - HikariPool-1 - After adding stats (total=68, active=0, idle=68, waiting=0)
2024-11-06 22:16:10.712 [traceId=] c.z.h.p.HikariPool - HikariPool-1 - Added connection com.mysql.cj.jdbc.ConnectionImpl@72518cd9
2024-11-06 22:16:10.750 [traceId=] c.z.h.p.HikariPool - HikariPool-1 - After adding stats (total=69, active=0, idle=69, waiting=0)
2024-11-06 22:16:10.759 [traceId=] c.z.h.p.HikariPool - HikariPool-1 - Added connection com.mysql.cj.jdbc.ConnectionImpl@622ff5be
2024-11-06 22:16:10.798 [traceId=] c.z.h.p.HikariPool - HikariPool-1 - After adding stats (total=70, active=0, idle=70, waiting=0)
2024-11-06 22:16:10.807 [traceId=] c.z.h.p.HikariPool - HikariPool-1 - Added connection com.mysql.cj.jdbc.ConnectionImpl@3da35312
2024-11-06 22:16:10.843 [traceId=] c.z.h.p.HikariPool - HikariPool-1 - After adding stats (total=71, active=0, idle=71, waiting=0)
2024-11-06 22:16:10.855 [traceId=] c.z.h.p.HikariPool - HikariPool-1 - Added connection com.mysql.cj.jdbc.ConnectionImpl@7ce3ef2b
2024-11-06 22:16:10.891 [traceId=] c.z.h.p.HikariPool - HikariPool-1 - After adding stats (total=72, active=0, idle=72, waiting=0)
2024-11-06 22:16:10.901 [traceId=] c.z.h.p.HikariPool - HikariPool-1 - Added connection com.mysql.cj.jdbc.ConnectionImpl@49c08077
2024-11-06 22:16:10.938 [traceId=] c.z.h.p.HikariPool - HikariPool-1 - After adding stats (total=73, active=0, idle=73, waiting=0)
2024-11-06 22:16:10.948 [traceId=] c.z.h.p.HikariPool - HikariPool-1 - Added connection com.mysql.cj.jdbc.ConnectionImpl@2862f803
2024-11-06 22:16:10.985 [traceId=] c.z.h.p.HikariPool - HikariPool-1 - After adding stats (total=74, active=0, idle=74, waiting=0)
2024-11-06 22:16:10.993 [traceId=] c.z.h.p.HikariPool - HikariPool-1 - Added connection com.mysql.cj.jdbc.ConnectionImpl@68967803
2024-11-06 22:16:11.032 [traceId=] c.z.h.p.HikariPool - HikariPool-1 - After adding stats (total=75, active=0, idle=75, waiting=0)
2024-11-06 22:16:11.042 [traceId=] c.z.h.p.HikariPool - HikariPool-1 - Added connection com.mysql.cj.jdbc.ConnectionImpl@4262681d
2024-11-06 22:16:11.079 [traceId=] c.z.h.p.HikariPool - HikariPool-1 - After adding stats (total=76, active=0, idle=76, waiting=0)
2024-11-06 22:16:11.087 [traceId=] c.z.h.p.HikariPool - HikariPool-1 - Added connection com.mysql.cj.jdbc.ConnectionImpl@78a91ac6
2024-11-06 22:16:11.126 [traceId=] c.z.h.p.HikariPool - HikariPool-1 - After adding stats (total=77, active=0, idle=77, waiting=0)
2024-11-06 22:16:11.136 [traceId=] c.z.h.p.HikariPool - HikariPool-1 - Added connection com.mysql.cj.jdbc.ConnectionImpl@2d8b503d
2024-11-06 22:16:11.172 [traceId=] c.z.h.p.HikariPool - HikariPool-1 - After adding stats (total=78, active=0, idle=78, waiting=0)
2024-11-06 22:16:11.183 [traceId=] c.z.h.p.HikariPool - HikariPool-1 - Added connection com.mysql.cj.jdbc.ConnectionImpl@1fa4c76c
2024-11-06 22:16:11.219 [traceId=] c.z.h.p.HikariPool - HikariPool-1 - After adding stats (total=79, active=0, idle=79, waiting=0)
2024-11-06 22:16:11.229 [traceId=] c.z.h.p.HikariPool - HikariPool-1 - Added connection com.mysql.cj.jdbc.ConnectionImpl@53f3f636
2024-11-06 22:16:11.264 [traceId=] c.z.h.p.HikariPool - HikariPool-1 - After adding stats (total=80, active=0, idle=80, waiting=0)
2024-11-06 22:16:11.293 [traceId=] c.z.h.p.HikariPool - HikariPool-1 - Added connection com.mysql.cj.jdbc.ConnectionImpl@19f66f8b
2024-11-06 22:16:11.326 [traceId=] c.z.h.p.HikariPool - HikariPool-1 - After adding stats (total=81, active=0, idle=81, waiting=0)
2024-11-06 22:16:11.338 [traceId=] c.z.h.p.HikariPool - HikariPool-1 - Added connection com.mysql.cj.jdbc.ConnectionImpl@3213e42
2024-11-06 22:16:11.373 [traceId=] c.z.h.p.HikariPool - HikariPool-1 - After adding stats (total=82, active=0, idle=82, waiting=0)
2024-11-06 22:16:11.384 [traceId=] c.z.h.p.HikariPool - HikariPool-1 - Added connection com.mysql.cj.jdbc.ConnectionImpl@b695e7a
2024-11-06 22:16:11.420 [traceId=] c.z.h.p.HikariPool - HikariPool-1 - After adding stats (total=83, active=0, idle=83, waiting=0)
2024-11-06 22:16:11.429 [traceId=] c.z.h.p.HikariPool - HikariPool-1 - Added connection com.mysql.cj.jdbc.ConnectionImpl@37379f9a
2024-11-06 22:16:11.467 [traceId=] c.z.h.p.HikariPool - HikariPool-1 - After adding stats (total=84, active=0, idle=84, waiting=0)
2024-11-06 22:16:11.477 [traceId=] c.z.h.p.HikariPool - HikariPool-1 - Added connection com.mysql.cj.jdbc.ConnectionImpl@18f4ef4d
2024-11-06 22:16:11.513 [traceId=] c.z.h.p.HikariPool - HikariPool-1 - After adding stats (total=85, active=0, idle=85, waiting=0)
2024-11-06 22:16:11.525 [traceId=] c.z.h.p.HikariPool - HikariPool-1 - Added connection com.mysql.cj.jdbc.ConnectionImpl@5dbe1b2f
2024-11-06 22:16:11.560 [traceId=] c.z.h.p.HikariPool - HikariPool-1 - After adding stats (total=86, active=0, idle=86, waiting=0)
2024-11-06 22:16:11.570 [traceId=] c.z.h.p.HikariPool - HikariPool-1 - Added connection com.mysql.cj.jdbc.ConnectionImpl@4402ad38
2024-11-06 22:16:11.608 [traceId=] c.z.h.p.HikariPool - HikariPool-1 - After adding stats (total=87, active=0, idle=87, waiting=0)
2024-11-06 22:16:11.619 [traceId=] c.z.h.p.HikariPool - HikariPool-1 - Added connection com.mysql.cj.jdbc.ConnectionImpl@4bbd5732
2024-11-06 22:16:11.654 [traceId=] c.z.h.p.HikariPool - HikariPool-1 - After adding stats (total=88, active=0, idle=88, waiting=0)
2024-11-06 22:16:11.668 [traceId=] c.z.h.p.HikariPool - HikariPool-1 - Added connection com.mysql.cj.jdbc.ConnectionImpl@7c8e29a9
2024-11-06 22:16:11.701 [traceId=] c.z.h.p.HikariPool - HikariPool-1 - After adding stats (total=89, active=0, idle=89, waiting=0)
2024-11-06 22:16:11.715 [traceId=] c.z.h.p.HikariPool - HikariPool-1 - Added connection com.mysql.cj.jdbc.ConnectionImpl@17d24a9
2024-11-06 22:16:11.747 [traceId=] c.z.h.p.HikariPool - HikariPool-1 - After adding stats (total=90, active=0, idle=90, waiting=0)
2024-11-06 22:16:11.755 [traceId=] c.z.h.p.HikariPool - HikariPool-1 - Added connection com.mysql.cj.jdbc.ConnectionImpl@598bcc
2024-11-06 22:16:11.794 [traceId=] c.z.h.p.HikariPool - HikariPool-1 - After adding stats (total=91, active=0, idle=91, waiting=0)
2024-11-06 22:16:11.804 [traceId=] c.z.h.p.HikariPool - HikariPool-1 - Added connection com.mysql.cj.jdbc.ConnectionImpl@fcc3a61
2024-11-06 22:16:11.841 [traceId=] c.z.h.p.HikariPool - HikariPool-1 - After adding stats (total=92, active=0, idle=92, waiting=0)
2024-11-06 22:16:11.851 [traceId=] c.z.h.p.HikariPool - HikariPool-1 - Added connection com.mysql.cj.jdbc.ConnectionImpl@77618a64
2024-11-06 22:16:11.888 [traceId=] c.z.h.p.HikariPool - HikariPool-1 - After adding stats (total=93, active=0, idle=93, waiting=0)
2024-11-06 22:16:11.896 [traceId=] c.z.h.p.HikariPool - HikariPool-1 - Added connection com.mysql.cj.jdbc.ConnectionImpl@1ef903cb
2024-11-06 22:16:11.936 [traceId=] c.z.h.p.HikariPool - HikariPool-1 - After adding stats (total=94, active=0, idle=94, waiting=0)
2024-11-06 22:16:11.955 [traceId=] c.z.h.p.HikariPool - HikariPool-1 - Added connection com.mysql.cj.jdbc.ConnectionImpl@d7b646b
2024-11-06 22:16:11.999 [traceId=] c.z.h.p.HikariPool - HikariPool-1 - After adding stats (total=95, active=0, idle=95, waiting=0)
2024-11-06 22:16:12.013 [traceId=] c.z.h.p.HikariPool - HikariPool-1 - Added connection com.mysql.cj.jdbc.ConnectionImpl@6a77ba3d
2024-11-06 22:16:12.048 [traceId=] c.z.h.p.HikariPool - HikariPool-1 - After adding stats (total=96, active=0, idle=96, waiting=0)
2024-11-06 22:16:12.096 [traceId=] c.z.h.p.HikariPool - HikariPool-1 - Added connection com.mysql.cj.jdbc.ConnectionImpl@5db9894b
2024-11-06 22:16:12.140 [traceId=] c.z.h.p.HikariPool - HikariPool-1 - After adding stats (total=97, active=0, idle=97, waiting=0)
2024-11-06 22:16:12.149 [traceId=] c.z.h.p.HikariPool - HikariPool-1 - Added connection com.mysql.cj.jdbc.ConnectionImpl@60b1a20
2024-11-06 22:16:12.187 [traceId=] c.z.h.p.HikariPool - HikariPool-1 - After adding stats (total=98, active=0, idle=98, waiting=0)
2024-11-06 22:16:12.196 [traceId=] c.z.h.p.HikariPool - HikariPool-1 - Added connection com.mysql.cj.jdbc.ConnectionImpl@2389c6f0
2024-11-06 22:16:12.234 [traceId=] c.z.h.p.HikariPool - HikariPool-1 - After adding stats (total=99, active=0, idle=99, waiting=0)
2024-11-06 22:16:12.247 [traceId=] c.z.h.p.HikariPool - HikariPool-1 - Added connection com.mysql.cj.jdbc.ConnectionImpl@7bd22b85
2024-11-06 22:16:12.279 [traceId=] c.z.h.p.HikariPool - HikariPool-1 - After adding stats (total=100, active=0, idle=100, waiting=0)
2024-11-06 22:16:12.279 [traceId=] c.z.h.p.HikariPool - HikariPool-1 - Connection not added, stats (total=100, active=0, idle=100, waiting=0)
2024-11-06 22:16:12.703 [traceId=] o.h.e.t.j.p.i.JtaPlatformInitiator - HHH000489: No JTA platform available (set 'hibernate.transaction.jta.platform' to enable JTA platform integration)
2024-11-06 22:16:12.776 [traceId=] o.h.SQL - 
    alter table stop_over 
       drop 
       foreign key FKdq2y8aydtsokrmdkc6pfwsg5s
2024-11-06 22:16:12.776 [traceId=] o.h.SQL - 
    alter table stop_over 
       drop 
       foreign key FKdq2y8aydtsokrmdkc6pfwsg5s
2024-11-06 22:16:13.510 [traceId=] o.h.t.s.i.ExceptionHandlerLoggedImpl - GenerationTarget encountered exception accepting command : Error executing DDL "
    alter table stop_over 
       drop 
       foreign key FKdq2y8aydtsokrmdkc6pfwsg5s" via JDBC [Table 'sendy_db.stop_over' doesn't exist]
org.hibernate.tool.schema.spi.CommandAcceptanceException: Error executing DDL "
    alter table stop_over 
       drop 
       foreign key FKdq2y8aydtsokrmdkc6pfwsg5s" via JDBC [Table 'sendy_db.stop_over' doesn't exist]
	at org.hibernate.tool.schema.internal.exec.GenerationTargetToDatabase.accept(GenerationTargetToDatabase.java:94)
	at org.hibernate.tool.schema.internal.Helper.applySqlString(Helper.java:233)
	at org.hibernate.tool.schema.internal.Helper.applySqlStrings(Helper.java:217)
	at org.hibernate.tool.schema.internal.SchemaDropperImpl.applyConstraintDropping(SchemaDropperImpl.java:476)
	at org.hibernate.tool.schema.internal.SchemaDropperImpl.dropConstraintsTablesSequences(SchemaDropperImpl.java:242)
	at org.hibernate.tool.schema.internal.SchemaDropperImpl.dropFromMetadata(SchemaDropperImpl.java:215)
	at org.hibernate.tool.schema.internal.SchemaDropperImpl.performDrop(SchemaDropperImpl.java:185)
	at org.hibernate.tool.schema.internal.SchemaDropperImpl.doDrop(SchemaDropperImpl.java:155)
	at org.hibernate.tool.schema.internal.SchemaDropperImpl.doDrop(SchemaDropperImpl.java:115)
	at org.hibernate.tool.schema.spi.SchemaManagementToolCoordinator.performDatabaseAction(SchemaManagementToolCoordinator.java:238)
	at org.hibernate.tool.schema.spi.SchemaManagementToolCoordinator.lambda$process$5(SchemaManagementToolCoordinator.java:144)
	at java.base/java.util.HashMap.forEach(HashMap.java:1429)
	at org.hibernate.tool.schema.spi.SchemaManagementToolCoordinator.process(SchemaManagementToolCoordinator.java:141)
	at org.hibernate.boot.internal.SessionFactoryObserverForSchemaExport.sessionFactoryCreated(SessionFactoryObserverForSchemaExport.java:37)
	at org.hibernate.internal.SessionFactoryObserverChain.sessionFactoryCreated(SessionFactoryObserverChain.java:35)
	at org.hibernate.internal.SessionFactoryImpl.<init>(SessionFactoryImpl.java:322)
	at org.hibernate.boot.internal.SessionFactoryBuilderImpl.build(SessionFactoryBuilderImpl.java:457)
	at org.hibernate.jpa.boot.internal.EntityManagerFactoryBuilderImpl.build(EntityManagerFactoryBuilderImpl.java:1506)
	at org.springframework.orm.jpa.vendor.SpringHibernateJpaPersistenceProvider.createContainerEntityManagerFactory(SpringHibernateJpaPersistenceProvider.java:75)
	at org.springframework.orm.jpa.LocalContainerEntityManagerFactoryBean.createNativeEntityManagerFactory(LocalContainerEntityManagerFactoryBean.java:390)
	at org.springframework.orm.jpa.AbstractEntityManagerFactoryBean.buildNativeEntityManagerFactory(AbstractEntityManagerFactoryBean.java:409)
	at org.springframework.orm.jpa.AbstractEntityManagerFactoryBean.afterPropertiesSet(AbstractEntityManagerFactoryBean.java:396)
	at org.springframework.orm.jpa.LocalContainerEntityManagerFactoryBean.afterPropertiesSet(LocalContainerEntityManagerFactoryBean.java:366)
	at org.springframework.beans.factory.support.AbstractAutowireCapableBeanFactory.invokeInitMethods(AbstractAutowireCapableBeanFactory.java:1853)
	at org.springframework.beans.factory.support.AbstractAutowireCapableBeanFactory.initializeBean(AbstractAutowireCapableBeanFactory.java:1802)
	at org.springframework.beans.factory.support.AbstractAutowireCapableBeanFactory.doCreateBean(AbstractAutowireCapableBeanFactory.java:600)
	at org.springframework.beans.factory.support.AbstractAutowireCapableBeanFactory.createBean(AbstractAutowireCapableBeanFactory.java:522)
	at org.springframework.beans.factory.support.AbstractBeanFactory.lambda$doGetBean$0(AbstractBeanFactory.java:337)
	at org.springframework.beans.factory.support.DefaultSingletonBeanRegistry.getSingleton(DefaultSingletonBeanRegistry.java:234)
	at org.springframework.beans.factory.support.AbstractBeanFactory.doGetBean(AbstractBeanFactory.java:335)
	at org.springframework.beans.factory.support.AbstractBeanFactory.getBean(AbstractBeanFactory.java:205)
	at org.springframework.context.support.AbstractApplicationContext.finishBeanFactoryInitialization(AbstractApplicationContext.java:954)
	at org.springframework.context.support.AbstractApplicationContext.refresh(AbstractApplicationContext.java:625)
	at org.springframework.boot.web.servlet.context.ServletWebServerApplicationContext.refresh(ServletWebServerApplicationContext.java:146)
	at org.springframework.boot.SpringApplication.refresh(SpringApplication.java:754)
	at org.springframework.boot.SpringApplication.refreshContext(SpringApplication.java:456)
	at org.springframework.boot.SpringApplication.run(SpringApplication.java:335)
	at org.springframework.boot.SpringApplication.run(SpringApplication.java:1363)
	at org.springframework.boot.SpringApplication.run(SpringApplication.java:1352)
	at com.example.AppStoreAdminApplication.main(AppStoreAdminApplication.java:13)
Caused by: java.sql.SQLSyntaxErrorException: Table 'sendy_db.stop_over' doesn't exist
	at com.mysql.cj.jdbc.exceptions.SQLError.createSQLException(SQLError.java:121)
	at com.mysql.cj.jdbc.exceptions.SQLExceptionsMapping.translateException(SQLExceptionsMapping.java:122)
	at com.mysql.cj.jdbc.StatementImpl.executeInternal(StatementImpl.java:770)
	at com.mysql.cj.jdbc.StatementImpl.execute(StatementImpl.java:653)
	at com.zaxxer.hikari.pool.ProxyStatement.execute(ProxyStatement.java:94)
	at com.zaxxer.hikari.pool.HikariProxyStatement.execute(HikariProxyStatement.java)
	at org.hibernate.tool.schema.internal.exec.GenerationTargetToDatabase.accept(GenerationTargetToDatabase.java:80)
	... 39 common frames omitted
2024-11-06 22:16:13.516 [traceId=] o.h.SQL - 
    drop table if exists delivery
2024-11-06 22:16:13.516 [traceId=] o.h.SQL - 
    drop table if exists delivery
2024-11-06 22:16:13.921 [traceId=] o.h.SQL - 
    drop table if exists driver
2024-11-06 22:16:13.921 [traceId=] o.h.SQL - 
    drop table if exists driver
2024-11-06 22:16:13.952 [traceId=] o.h.SQL - 
    drop table if exists member
2024-11-06 22:16:13.952 [traceId=] o.h.SQL - 
    drop table if exists member
2024-11-06 22:16:13.998 [traceId=] o.h.SQL - 
    drop table if exists stop_over
2024-11-06 22:16:13.998 [traceId=] o.h.SQL - 
    drop table if exists stop_over
2024-11-06 22:16:14.036 [traceId=] o.h.SQL - 
    drop table if exists wallet
2024-11-06 22:16:14.036 [traceId=] o.h.SQL - 
    drop table if exists wallet
2024-11-06 22:16:14.107 [traceId=] o.h.SQL - 
    create table delivery (
        delivery_fee decimal(38,2) not null,
        drop_latitude float(53),
        drop_longitude float(53),
        pick_up_latitude float(53),
        pick_up_longitude float(53),
        created_at datetime(6),
        delivery_date datetime(6) not null,
        driver_id bigint,
        id bigint not null auto_increment,
        member_id bigint not null,
        updated_at datetime(6),
        created_by varchar(255),
        deleted varchar(255),
        delivery_options varchar(255),
        drop_address varchar(255),
        idempotency_key varchar(255),
        modified_by varchar(255),
        pick_up_address varchar(255),
        reservation_number varchar(255) not null,
        delivery_personal_category enum ('PERSONAL_GENERAL_CARGO','PERSONAL_MINI_CARGO','PERSONAL_MOVING_CARGO'),
        delivery_status enum ('ASSIGNMENT_COMPLETED','ASSIGNMENT_PENDING','CANCELED','DELIVERING','DELIVERY_COMPLETED','PAYMENT_PENDING'),
        delivery_type enum ('BUSINESS','PERSONAL'),
        vehicle_type enum ('CARGO','FREEZER','LIFT','REFRIGERATED','TOP_CAR','WATERPROOF_COVER','WING_BODY'),
        vehicle_weight enum ('DAMAS','FIVE_TON','ONE_TON','RAMBO','THREE_TON'),
        primary key (id)
    ) engine=InnoDB
2024-11-06 22:16:14.107 [traceId=] o.h.SQL - 
    create table delivery (
        delivery_fee decimal(38,2) not null,
        drop_latitude float(53),
        drop_longitude float(53),
        pick_up_latitude float(53),
        pick_up_longitude float(53),
        created_at datetime(6),
        delivery_date datetime(6) not null,
        driver_id bigint,
        id bigint not null auto_increment,
        member_id bigint not null,
        updated_at datetime(6),
        created_by varchar(255),
        deleted varchar(255),
        delivery_options varchar(255),
        drop_address varchar(255),
        idempotency_key varchar(255),
        modified_by varchar(255),
        pick_up_address varchar(255),
        reservation_number varchar(255) not null,
        delivery_personal_category enum ('PERSONAL_GENERAL_CARGO','PERSONAL_MINI_CARGO','PERSONAL_MOVING_CARGO'),
        delivery_status enum ('ASSIGNMENT_COMPLETED','ASSIGNMENT_PENDING','CANCELED','DELIVERING','DELIVERY_COMPLETED','PAYMENT_PENDING'),
        delivery_type enum ('BUSINESS','PERSONAL'),
        vehicle_type enum ('CARGO','FREEZER','LIFT','REFRIGERATED','TOP_CAR','WATERPROOF_COVER','WING_BODY'),
        vehicle_weight enum ('DAMAS','FIVE_TON','ONE_TON','RAMBO','THREE_TON'),
        primary key (id)
    ) engine=InnoDB
2024-11-06 22:16:14.256 [traceId=] o.h.SQL - 
    create table driver (
        balance decimal(38,2),
        created_at datetime(6),
        id bigint not null auto_increment,
        updated_at datetime(6),
        created_by varchar(255),
        driver_name varchar(255) not null,
        image_url varchar(255),
        modified_by varchar(255),
        password varchar(255) not null,
        roles enum ('ADMIN','DRIVER','USER'),
        vehicle_type enum ('CARGO','FREEZER','LIFT','REFRIGERATED','TOP_CAR','WATERPROOF_COVER','WING_BODY'),
        vehicle_weight enum ('DAMAS','FIVE_TON','ONE_TON','RAMBO','THREE_TON'),
        primary key (id)
    ) engine=InnoDB
2024-11-06 22:16:14.256 [traceId=] o.h.SQL - 
    create table driver (
        balance decimal(38,2),
        created_at datetime(6),
        id bigint not null auto_increment,
        updated_at datetime(6),
        created_by varchar(255),
        driver_name varchar(255) not null,
        image_url varchar(255),
        modified_by varchar(255),
        password varchar(255) not null,
        roles enum ('ADMIN','DRIVER','USER'),
        vehicle_type enum ('CARGO','FREEZER','LIFT','REFRIGERATED','TOP_CAR','WATERPROOF_COVER','WING_BODY'),
        vehicle_weight enum ('DAMAS','FIVE_TON','ONE_TON','RAMBO','THREE_TON'),
        primary key (id)
    ) engine=InnoDB
2024-11-06 22:16:14.305 [traceId=] o.h.SQL - 
    create table member (
        created_at datetime(6),
        id bigint not null auto_increment,
        provide_id bigint,
        updated_at datetime(6),
        created_by varchar(255),
        email varchar(255),
        member_name varchar(255) not null,
        modified_by varchar(255),
        password varchar(255),
        provider enum ('KAKAO'),
        roles enum ('ADMIN','DRIVER','USER'),
        primary key (id)
    ) engine=InnoDB
2024-11-06 22:16:14.305 [traceId=] o.h.SQL - 
    create table member (
        created_at datetime(6),
        id bigint not null auto_increment,
        provide_id bigint,
        updated_at datetime(6),
        created_by varchar(255),
        email varchar(255),
        member_name varchar(255) not null,
        modified_by varchar(255),
        password varchar(255),
        provider enum ('KAKAO'),
        roles enum ('ADMIN','DRIVER','USER'),
        primary key (id)
    ) engine=InnoDB
2024-11-06 22:16:14.350 [traceId=] o.h.SQL - 
    create table stop_over (
        drop_latitude float(53),
        drop_longitude float(53),
        pick_up_latitude float(53),
        pick_up_longitude float(53),
        delivery_id bigint,
        id bigint not null auto_increment,
        deleted varchar(255),
        drop_address varchar(255),
        pick_up_address varchar(255),
        primary key (id)
    ) engine=InnoDB
2024-11-06 22:16:14.350 [traceId=] o.h.SQL - 
    create table stop_over (
        drop_latitude float(53),
        drop_longitude float(53),
        pick_up_latitude float(53),
        pick_up_longitude float(53),
        delivery_id bigint,
        id bigint not null auto_increment,
        deleted varchar(255),
        drop_address varchar(255),
        pick_up_address varchar(255),
        primary key (id)
    ) engine=InnoDB
2024-11-06 22:16:14.397 [traceId=] o.h.SQL - 
    create table wallet (
        balance decimal(38,2),
        created_at datetime(6),
        id bigint not null auto_increment,
        member_id bigint not null,
        updated_at datetime(6),
        charge_idempotency_key varchar(255),
        created_by varchar(255),
        modified_by varchar(255),
        payment_idempotency_key varchar(255),
        card_company enum ('HANA','IBK','KB','LOTTE','NH','SAMSUNG','SHINHAN','WOORI'),
        primary key (id)
    ) engine=InnoDB
2024-11-06 22:16:14.397 [traceId=] o.h.SQL - 
    create table wallet (
        balance decimal(38,2),
        created_at datetime(6),
        id bigint not null auto_increment,
        member_id bigint not null,
        updated_at datetime(6),
        charge_idempotency_key varchar(255),
        created_by varchar(255),
        modified_by varchar(255),
        payment_idempotency_key varchar(255),
        card_company enum ('HANA','IBK','KB','LOTTE','NH','SAMSUNG','SHINHAN','WOORI'),
        primary key (id)
    ) engine=InnoDB
2024-11-06 22:16:14.442 [traceId=] o.h.SQL - 
    create index idx_member_delivery_status 
       on delivery (member_id, delivery_status)
2024-11-06 22:16:14.442 [traceId=] o.h.SQL - 
    create index idx_member_delivery_status 
       on delivery (member_id, delivery_status)
2024-11-06 22:16:14.508 [traceId=] o.h.SQL - 
    alter table delivery 
       add constraint UKi6o4mhewb8ghmsa3rjb6coedx unique (idempotency_key)
2024-11-06 22:16:14.508 [traceId=] o.h.SQL - 
    alter table delivery 
       add constraint UKi6o4mhewb8ghmsa3rjb6coedx unique (idempotency_key)
2024-11-06 22:16:14.558 [traceId=] o.h.SQL - 
    alter table delivery 
       add constraint UK1j31usbo3r8x93ruaspoijpk0 unique (reservation_number)
2024-11-06 22:16:14.558 [traceId=] o.h.SQL - 
    alter table delivery 
       add constraint UK1j31usbo3r8x93ruaspoijpk0 unique (reservation_number)
2024-11-06 22:16:14.607 [traceId=] o.h.SQL - 
    alter table member 
       add constraint UKmbmcqelty0fbrvxp1q58dn57t unique (email)
2024-11-06 22:16:14.607 [traceId=] o.h.SQL - 
    alter table member 
       add constraint UKmbmcqelty0fbrvxp1q58dn57t unique (email)
2024-11-06 22:16:14.657 [traceId=] o.h.SQL - 
    alter table member 
       add constraint UKgwo2bqx6j18klv1e8ql503n61 unique (member_name)
2024-11-06 22:16:14.657 [traceId=] o.h.SQL - 
    alter table member 
       add constraint UKgwo2bqx6j18klv1e8ql503n61 unique (member_name)
2024-11-06 22:16:14.698 [traceId=] o.h.SQL - 
    alter table wallet 
       add constraint UK44t2h5lxmy9p1e0l5ypylke7f unique (charge_idempotency_key)
2024-11-06 22:16:14.698 [traceId=] o.h.SQL - 
    alter table wallet 
       add constraint UK44t2h5lxmy9p1e0l5ypylke7f unique (charge_idempotency_key)
2024-11-06 22:16:14.762 [traceId=] o.h.SQL - 
    alter table wallet 
       add constraint UKidk6oma9we7wo72o8m9w4fsea unique (payment_idempotency_key)
2024-11-06 22:16:14.762 [traceId=] o.h.SQL - 
    alter table wallet 
       add constraint UKidk6oma9we7wo72o8m9w4fsea unique (payment_idempotency_key)
2024-11-06 22:16:14.823 [traceId=] o.h.SQL - 
    alter table stop_over 
       add constraint FKdq2y8aydtsokrmdkc6pfwsg5s 
       foreign key (delivery_id) 
       references delivery (id)
2024-11-06 22:16:14.823 [traceId=] o.h.SQL - 
    alter table stop_over 
       add constraint FKdq2y8aydtsokrmdkc6pfwsg5s 
       foreign key (delivery_id) 
       references delivery (id)
2024-11-06 22:16:15.125 [traceId=] o.s.o.j.LocalContainerEntityManagerFactoryBean - Initialized JPA EntityManagerFactory for persistence unit 'default'
2024-11-06 22:16:16.525 [traceId=] o.s.d.j.r.q.QueryEnhancerFactory - Hibernate is in classpath; If applicable, HQL parser will be used.
2024-11-06 22:16:22.989 [traceId=] o.s.s.c.a.a.c.InitializeUserDetailsBeanManagerConfigurer$InitializeUserDetailsManagerConfigurer - Global AuthenticationManager configured with UserDetailsService bean with name userDetailsServiceImpl
2024-11-06 22:16:24.501 [traceId=] o.r.Version - Redisson 3.18.0
2024-11-06 22:16:25.912 [traceId=] o.r.c.p.MasterPubSubConnectionPool - 1 connections initialized for localhost/127.0.0.1:6379
2024-11-06 22:16:26.403 [traceId=] o.r.c.p.MasterConnectionPool - 64 connections initialized for localhost/127.0.0.1:6379
2024-11-06 22:16:28.005 [traceId=] o.s.w.s.m.m.a.RequestMappingHandlerMapping - 22 mappings in 'requestMappingHandlerMapping'
2024-11-06 22:16:28.987 [traceId=] o.s.w.s.h.SimpleUrlHandlerMapping - Patterns [/webjars/**, /**] in 'resourceHandlerMapping'
2024-11-06 22:16:30.134 [traceId=] o.s.b.a.e.w.EndpointLinksResolver - Exposing 1 endpoint beneath base path '/actuator'
2024-11-06 22:16:31.191 [traceId=] o.s.w.s.m.m.a.RequestMappingHandlerAdapter - ControllerAdvice beans: 0 @ModelAttribute, 0 @InitBinder, 1 RequestBodyAdvice, 1 ResponseBodyAdvice
2024-11-06 22:16:31.380 [traceId=] o.s.w.s.m.m.a.ExceptionHandlerExceptionResolver - ControllerAdvice beans: 1 @ExceptionHandler, 1 ResponseBodyAdvice
2024-11-06 22:16:33.570 [traceId=] o.a.c.h.Http11NioProtocol - Starting ProtocolHandler ["http-nio-8080"]
2024-11-06 22:16:33.596 [traceId=] o.s.b.w.e.t.TomcatWebServer - Tomcat started on port 8080 (http) with context path '/'
2024-11-06 22:16:33.622 [traceId=] c.e.AppStoreAdminApplication - Started AppStoreAdminApplication in 50.84 seconds (process running for 53.378)
2024-11-06 22:16:34.165 [traceId=] o.a.c.c.C.[.[.[/] - Initializing Spring DispatcherServlet 'dispatcherServlet'
2024-11-06 22:16:34.165 [traceId=] o.s.w.s.DispatcherServlet - Initializing Servlet 'dispatcherServlet'
2024-11-06 22:16:34.165 [traceId=] o.s.w.s.DispatcherServlet - Detected StandardServletMultipartResolver
2024-11-06 22:16:34.166 [traceId=] o.s.w.s.DispatcherServlet - Detected AcceptHeaderLocaleResolver
2024-11-06 22:16:34.166 [traceId=] o.s.w.s.DispatcherServlet - Detected FixedThemeResolver
2024-11-06 22:16:34.169 [traceId=] o.s.w.s.DispatcherServlet - Detected org.springframework.web.servlet.view.DefaultRequestToViewNameTranslator@7500a106
2024-11-06 22:16:34.170 [traceId=] o.s.w.s.DispatcherServlet - Detected org.springframework.web.servlet.support.SessionFlashMapManager@227f6796
2024-11-06 22:16:34.170 [traceId=] o.s.w.s.DispatcherServlet - enableLoggingRequestDetails='false': request parameters and headers will be masked to prevent unsafe logging of potentially sensitive data
2024-11-06 22:16:34.170 [traceId=] o.s.w.s.DispatcherServlet - Completed initialization in 5 ms
2024-11-06 22:16:34.389 [traceId=] o.s.w.s.DispatcherServlet - GET "/login-oauth2", parameters={}
2024-11-06 22:16:34.406 [traceId=] o.s.w.s.m.m.a.RequestMappingHandlerMapping - Mapped to com.example.controller.oauth2.LoginController#login()
2024-11-06 22:16:34.515 [traceId=] o.s.w.s.v.ContentNegotiatingViewResolver - Selected 'text/html' given [text/html, application/xhtml+xml, image/avif, image/webp, image/apng, application/xml;q=0.9, */*;q=0.8, application/signed-exchange;v=b3;q=0.7]
2024-11-06 22:16:36.518 [traceId=] c.z.h.p.HikariPool - HikariPool-1 - Pool stats (total=100, active=0, idle=100, waiting=0)
2024-11-06 22:16:36.520 [traceId=] c.z.h.p.HikariPool - HikariPool-1 - Fill pool skipped, pool has sufficient level or currently being filled.
2024-11-06 22:16:37.386 [traceId=] o.s.w.s.DispatcherServlet - Completed 200 OK
2024-11-06 22:16:40.762 [traceId=] o.a.c.u.SessionIdGeneratorBase - Creation of SecureRandom instance for session ID generation using [SHA1PRNG] took [672] milliseconds.
2024-11-06 22:16:41.757 [traceId=] o.s.w.c.RestTemplate - HTTP POST https://kauth.kakao.com/oauth/token
2024-11-06 22:16:41.762 [traceId=] o.s.w.c.RestTemplate - Accept=[application/json, application/*+json]
2024-11-06 22:16:41.764 [traceId=] o.s.w.c.RestTemplate - Writing [{grant_type=[authorization_code], code=[MpRDYdf7H-cSh6c65hBMRgAt-5SwYCJWDgpjIqTwIYyx3g9FRh8i3wAAAAQKPXObAAABkwGev4ZSGUcvaFb1Eg], redirect_uri=[http://localhost:8080/login/oauth2/code/kakao], client_id=[c087c71988bd1758920643b7061c4d16], client_secret=[VYKPWfsnefMNvG6mjqJPgqJIGNIhmEiK]}] as "application/x-www-form-urlencoded;charset=UTF-8"
2024-11-06 22:16:42.436 [traceId=] o.s.w.c.RestTemplate - Response 200 OK
2024-11-06 22:16:42.440 [traceId=] o.s.w.c.RestTemplate - Reading to [org.springframework.security.oauth2.core.endpoint.OAuth2AccessTokenResponse] as "application/json;charset=utf-8"
2024-11-06 22:16:42.499 [traceId=] o.s.w.c.RestTemplate - HTTP GET https://kapi.kakao.com/v2/user/me
2024-11-06 22:16:42.500 [traceId=] o.s.w.c.RestTemplate - Accept=[application/json, application/*+json]
2024-11-06 22:16:42.649 [traceId=] o.s.w.c.RestTemplate - Response 200 OK
2024-11-06 22:16:42.650 [traceId=] o.s.w.c.RestTemplate - Reading to [java.util.Map<java.lang.String, java.lang.Object>]
2024-11-06 22:16:43.219 [traceId=] o.h.SQL - 
    select
        m1_0.id,
        m1_0.created_by,
        m1_0.created_at,
        m1_0.email,
        m1_0.member_name,
        m1_0.modified_by,
        m1_0.password,
        m1_0.provide_id,
        m1_0.provider,
        m1_0.roles,
        m1_0.updated_at 
    from
        member m1_0 
    where
        m1_0.provide_id=?
2024-11-06 22:16:43.219 [traceId=] o.h.SQL - 
    select
        m1_0.id,
        m1_0.created_by,
        m1_0.created_at,
        m1_0.email,
        m1_0.member_name,
        m1_0.modified_by,
        m1_0.password,
        m1_0.provide_id,
        m1_0.provider,
        m1_0.roles,
        m1_0.updated_at 
    from
        member m1_0 
    where
        m1_0.provide_id=?
2024-11-06 22:16:43.608 [traceId=] o.h.SQL - 
    insert 
    into
        member
        (created_by, created_at, email, member_name, modified_by, password, provide_id, provider, roles, updated_at) 
    values
        (?, ?, ?, ?, ?, ?, ?, ?, ?, ?)
2024-11-06 22:16:43.608 [traceId=] o.h.SQL - 
    insert 
    into
        member
        (created_by, created_at, email, member_name, modified_by, password, provide_id, provider, roles, updated_at) 
    values
        (?, ?, ?, ?, ?, ?, ?, ?, ?, ?)
2024-11-06 22:16:58.062 [traceId=] o.s.w.s.DispatcherServlet - POST "/api/delivery", parameters={}
2024-11-06 22:16:58.063 [traceId=] o.s.w.s.m.m.a.RequestMappingHandlerMapping - Mapped to com.example.controller.delivery.DeliveryController#saveDelivery(CustomUserDetails, DeliverySaveRequest)
2024-11-06 22:16:58.141 [traceId=] o.s.w.s.m.m.a.RequestResponseBodyMethodProcessor - Read "application/json;charset=UTF-8" to [com.example.delivery.model.dto.request.DeliverySaveRequest@fbab480]
2024-11-06 22:16:58.311 [traceId=08380cf1-12e0-438b-9b75-50642b066a73] o.h.SQL - 
    select
        m1_0.id,
        m1_0.created_by,
        m1_0.created_at,
        m1_0.email,
        m1_0.member_name,
        m1_0.modified_by,
        m1_0.password,
        m1_0.provide_id,
        m1_0.provider,
        m1_0.roles,
        m1_0.updated_at 
    from
        member m1_0 
    where
        m1_0.id=?
2024-11-06 22:16:58.311 [traceId=08380cf1-12e0-438b-9b75-50642b066a73] o.h.SQL - 
    select
        m1_0.id,
        m1_0.created_by,
        m1_0.created_at,
        m1_0.email,
        m1_0.member_name,
        m1_0.modified_by,
        m1_0.password,
        m1_0.provide_id,
        m1_0.provider,
        m1_0.roles,
        m1_0.updated_at 
    from
        member m1_0 
    where
        m1_0.id=?
2024-11-06 22:16:58.476 [traceId=] o.s.w.c.HttpMessageConverterExtractor - Reading to [com.fasterxml.jackson.databind.JsonNode]
2024-11-06 22:16:58.476 [traceId=] o.s.w.c.HttpMessageConverterExtractor - Reading to [com.fasterxml.jackson.databind.JsonNode]
2024-11-06 22:16:58.519 [traceId=08380cf1-12e0-438b-9b75-50642b066a73] o.h.SQL - 
    select
        count(*) 
    from
        delivery d1_0
2024-11-06 22:16:58.519 [traceId=08380cf1-12e0-438b-9b75-50642b066a73] o.h.SQL - 
    select
        count(*) 
    from
        delivery d1_0
2024-11-06 22:16:58.567 [traceId=08380cf1-12e0-438b-9b75-50642b066a73] o.h.SQL - 
    select
        d1_0.id 
    from
        delivery d1_0 
    where
        d1_0.reservation_number=? 
    limit
        ?
2024-11-06 22:16:58.567 [traceId=08380cf1-12e0-438b-9b75-50642b066a73] o.h.SQL - 
    select
        d1_0.id 
    from
        delivery d1_0 
    where
        d1_0.reservation_number=? 
    limit
        ?
2024-11-06 22:16:58.586 [traceId=08380cf1-12e0-438b-9b75-50642b066a73] o.h.SQL - 
    insert 
    into
        delivery
        (created_by, created_at, deleted, drop_address, drop_latitude, drop_longitude, pick_up_address, pick_up_latitude, pick_up_longitude, delivery_personal_category, delivery_type, delivery_date, delivery_fee, delivery_options, delivery_status, driver_id, idempotency_key, member_id, modified_by, reservation_number, updated_at, vehicle_type, vehicle_weight) 
    values
        (?, ?, ?, ?, ?, ?, ?, ?, ?, ?, ?, ?, ?, ?, ?, ?, ?, ?, ?, ?, ?, ?, ?)
2024-11-06 22:16:58.586 [traceId=08380cf1-12e0-438b-9b75-50642b066a73] o.h.SQL - 
    insert 
    into
        delivery
        (created_by, created_at, deleted, drop_address, drop_latitude, drop_longitude, pick_up_address, pick_up_latitude, pick_up_longitude, delivery_personal_category, delivery_type, delivery_date, delivery_fee, delivery_options, delivery_status, driver_id, idempotency_key, member_id, modified_by, reservation_number, updated_at, vehicle_type, vehicle_weight) 
    values
        (?, ?, ?, ?, ?, ?, ?, ?, ?, ?, ?, ?, ?, ?, ?, ?, ?, ?, ?, ?, ?, ?, ?)
2024-11-06 22:16:58.661 [traceId=] o.s.w.c.HttpMessageConverterExtractor - Reading to [com.fasterxml.jackson.databind.JsonNode]
2024-11-06 22:16:58.663 [traceId=] o.s.w.c.HttpMessageConverterExtractor - Reading to [com.fasterxml.jackson.databind.JsonNode]
2024-11-06 22:16:58.668 [traceId=08380cf1-12e0-438b-9b75-50642b066a73] o.h.SQL - 
    insert 
    into
        stop_over
        (deleted, delivery_id, drop_address, drop_latitude, drop_longitude, pick_up_address, pick_up_latitude, pick_up_longitude) 
    values
        (?, ?, ?, ?, ?, ?, ?, ?)
2024-11-06 22:16:58.668 [traceId=08380cf1-12e0-438b-9b75-50642b066a73] o.h.SQL - 
    insert 
    into
        stop_over
        (deleted, delivery_id, drop_address, drop_latitude, drop_longitude, pick_up_address, pick_up_latitude, pick_up_longitude) 
    values
        (?, ?, ?, ?, ?, ?, ?, ?)
2024-11-06 22:16:58.746 [traceId=] o.s.w.c.HttpMessageConverterExtractor - Reading to [com.fasterxml.jackson.databind.JsonNode]
2024-11-06 22:16:58.747 [traceId=] o.s.w.c.HttpMessageConverterExtractor - Reading to [com.fasterxml.jackson.databind.JsonNode]
2024-11-06 22:16:58.748 [traceId=08380cf1-12e0-438b-9b75-50642b066a73] o.h.SQL - 
    insert 
    into
        stop_over
        (deleted, delivery_id, drop_address, drop_latitude, drop_longitude, pick_up_address, pick_up_latitude, pick_up_longitude) 
    values
        (?, ?, ?, ?, ?, ?, ?, ?)
2024-11-06 22:16:58.748 [traceId=08380cf1-12e0-438b-9b75-50642b066a73] o.h.SQL - 
    insert 
    into
        stop_over
        (deleted, delivery_id, drop_address, drop_latitude, drop_longitude, pick_up_address, pick_up_latitude, pick_up_longitude) 
    values
        (?, ?, ?, ?, ?, ?, ?, ?)
2024-11-06 22:16:58.775 [traceId=] o.s.w.s.m.m.a.HttpEntityMethodProcessor - Using 'application/json', given [*/*] and supported [application/json, application/*+json]
2024-11-06 22:16:58.779 [traceId=] o.s.w.s.m.m.a.HttpEntityMethodProcessor - Writing [DeliverySaveResponse{memberId=1, reservationNumber='241106-0', deliveryCategory=com.example.delivery (truncated)...]
2024-11-06 22:16:58.813 [traceId=] o.s.w.s.DispatcherServlet - Completed 201 CREATED
